#
# There is insufficient memory for the Java Runtime Environment to continue.
# Native memory allocation (malloc) failed to allocate 1109056 bytes for Chunk::new
# Possible reasons:
#   The system is out of physical RAM or swap space
#   In 32 bit mode, the process size limit was hit
# Possible solutions:
#   Reduce memory load on the system
#   Increase physical memory or swap space
#   Check if swap backing store is full
#   Use 64 bit Java on a 64 bit OS
#   Decrease Java heap size (-Xmx/-Xms)
#   Decrease number of Java threads
#   Decrease Java thread stack sizes (-Xss)
#   Set larger code cache with -XX:ReservedCodeCacheSize=
# This output file may be truncated or incomplete.
#
#  Out of Memory Error (allocation.cpp:388), pid=1664, tid=2748
#
# JRE version: Java(TM) SE Runtime Environment (8.0-b132) (build 1.8.0-b132)
# Java VM: Java HotSpot(TM) 64-Bit Server VM (25.0-b70 mixed mode windows-amd64 compressed oops)
# Failed to write core dump. Minidumps are not enabled by default on client versions of Windows
#

---------------  T H R E A D  ---------------

Current thread (0x000000005510b000):  JavaThread "C2 CompilerThread0" daemon [_thread_in_native, id=2748, stack(0x0000000056e20000,0x0000000056f20000)]

Stack: [0x0000000056e20000,0x0000000056f20000]
Native frames: (J=compiled Java code, j=interpreted, Vv=VM code, C=native code)
V  [jvm.dll+0x308e0a]


Current CompileTask:
C2:   3418 1431       4       com.android.dx.rop.code.Rops::ropFor (771 bytes)


---------------  P R O C E S S  ---------------

Java Threads: ( => current thread )
  0x0000000056940800 JavaThread "pool-2-thread-4" [_thread_blocked, id=2620, stack(0x00000000573a0000,0x00000000574a0000)]
  0x000000005693f000 JavaThread "pool-2-thread-3" [_thread_blocked, id=2612, stack(0x0000000057b00000,0x0000000057c00000)]
  0x0000000056980800 JavaThread "pool-2-thread-2" [_thread_blocked, id=2600, stack(0x00000000578c0000,0x00000000579c0000)]
  0x0000000056980000 JavaThread "pool-3-thread-1" [_thread_blocked, id=2596, stack(0x00000000576c0000,0x00000000577c0000)]
  0x000000005697d800 JavaThread "pool-2-thread-1" [_thread_in_Java, id=2580, stack(0x00000000574f0000,0x00000000575f0000)]
  0x00000000566dd800 JavaThread "Service Thread" daemon [_thread_blocked, id=5400, stack(0x0000000057290000,0x0000000057390000)]
  0x00000000566bf000 JavaThread "C1 CompilerThread2" daemon [_thread_in_native, id=2720, stack(0x0000000057080000,0x0000000057180000)]
  0x00000000566b5000 JavaThread "C2 CompilerThread1" daemon [_thread_in_native, id=2732, stack(0x0000000056f80000,0x0000000057080000)]
=>0x000000005510b000 JavaThread "C2 CompilerThread0" daemon [_thread_in_native, id=2748, stack(0x0000000056e20000,0x0000000056f20000)]
  0x000000005665e000 JavaThread "Attach Listener" daemon [_thread_blocked, id=2716, stack(0x0000000056cd0000,0x0000000056dd0000)]
  0x000000005666b800 JavaThread "Signal Dispatcher" daemon [_thread_blocked, id=2724, stack(0x0000000056b30000,0x0000000056c30000)]
  0x000000005509e800 JavaThread "Finalizer" daemon [_thread_blocked, id=4088, stack(0x0000000056550000,0x0000000056650000)]
  0x0000000055099000 JavaThread "Reference Handler" daemon [_thread_blocked, id=1948, stack(0x00000000562e0000,0x00000000563e0000)]
  0x00000000004cf000 JavaThread "main" [_thread_in_Java, id=1128, stack(0x0000000002740000,0x0000000002840000)]

Other Threads:
  0x0000000055095800 VMThread [stack: 0x00000000560f0000,0x00000000561f0000] [id=6924]
  0x00000000566df800 WatcherThread [stack: 0x0000000056450000,0x0000000056550000] [id=2592]

VM state:not at safepoint (normal execution)

VM Mutex/Monitor currently owned by a thread: None

Heap:
 PSYoungGen      total 15360K, used 11768K [0x00000000eab00000, 0x00000000ebe00000, 0x0000000100000000)
  eden space 12800K, 72% used [0x00000000eab00000,0x00000000eb41a150,0x00000000eb780000)
  from space 2560K, 95% used [0x00000000eba80000,0x00000000ebce4010,0x00000000ebd00000)
  to   space 3072K, 0% used [0x00000000eb780000,0x00000000eb780000,0x00000000eba80000)
 ParOldGen       total 129536K, used 3071K [0x00000000c0000000, 0x00000000c7e80000, 0x00000000eab00000)
  object space 129536K, 2% used [0x00000000c0000000,0x00000000c02ffc40,0x00000000c7e80000)
 Metaspace       used 5874K, capacity 6832K, committed 7040K, reserved 1056768K
  class space    used 593K, capacity 616K, committed 640K, reserved 1048576K

Card table byte_map: [0x0000000011c00000,0x0000000011e10000] byte_map_base: 0x0000000011600000

Marking Bits: (ParMarkBitMap*) 0x000000005dc013b0
 Begin Bits: [0x0000000012510000, 0x0000000013510000)
 End Bits:   [0x0000000013510000, 0x0000000014510000)

Polling page: 0x0000000000470000

CodeCache: size=245760Kb used=5553Kb max_used=5553Kb free=240206Kb
 bounds [0x0000000002840000, 0x0000000002dc0000, 0x0000000011840000]
 total_blobs=1713 nmethods=1448 adapters=179
 compilation: enabled

Compilation events (10 events):
Event: 3.402 Thread 0x00000000566bf000 1448       3       com.android.dx.rop.type.Type::<init> (8 bytes)
Event: 3.402 Thread 0x00000000566bf000 nmethod 1448 0x0000000002da1210 code [0x0000000002da1380, 0x0000000002da1508]
Event: 3.406 Thread 0x00000000566bf000 1449  s    3       com.android.dx.dex.file.FieldIdsSection::intern (55 bytes)
Event: 3.407 Thread 0x00000000566bf000 nmethod 1449 0x0000000002da1590 code [0x0000000002da17a0, 0x0000000002da23e8]
Event: 3.408 Thread 0x00000000566bf000 1450   !   3       com.android.dx.cf.cst.ConstantPoolParser::parse0 (731 bytes)
Event: 3.411 Thread 0x00000000566bf000 nmethod 1450 0x0000000002da2a50 code [0x0000000002da33a0, 0x0000000002da9398]
Event: 3.414 Thread 0x00000000566bf000 1451       3       com.android.dx.dex.file.CodeItem::<init> (81 bytes)
Event: 3.414 Thread 0x00000000566bf000 nmethod 1451 0x0000000002daf190 code [0x0000000002daf340, 0x0000000002daf7d8]
Event: 3.415 Thread 0x00000000566bf000 1452       3       com.android.dx.rop.code.ThrowingInsn::withNewRegisters (21 bytes)
Event: 3.415 Thread 0x00000000566bf000 nmethod 1452 0x0000000002daf950 code [0x0000000002dafac0, 0x0000000002dafdc8]

GC Heap History (10 events):
Event: 1.048 GC heap before
{Heap before GC invocations=6 (full 0):
 PSYoungGen      total 2560K, used 2557K [0x00000000eab00000, 0x00000000eb200000, 0x0000000100000000)
  eden space 2048K, 100% used [0x00000000eab00000,0x00000000ead00000,0x00000000ead00000)
  from space 512K, 99% used [0x00000000ead00000,0x00000000ead7f610,0x00000000ead80000)
  to   space 1536K, 0% used [0x00000000eb080000,0x00000000eb080000,0x00000000eb200000)
 ParOldGen       total 129536K, used 1036K [0x00000000c0000000, 0x00000000c7e80000, 0x00000000eab00000)
  object space 129536K, 0% used [0x00000000c0000000,0x00000000c0103050,0x00000000c7e80000)
 Metaspace       used 4428K, capacity 5584K, committed 5760K, reserved 1056768K
  class space    used 486K, capacity 520K, committed 640K, reserved 1048576K
Event: 1.380 GC heap after
Heap after GC invocations=6 (full 0):
 PSYoungGen      total 5632K, used 1238K [0x00000000eab00000, 0x00000000eb200000, 0x0000000100000000)
  eden space 4096K, 0% used [0x00000000eab00000,0x00000000eab00000,0x00000000eaf00000)
  from space 1536K, 80% used [0x00000000eb080000,0x00000000eb1b59e0,0x00000000eb200000)
  to   space 1536K, 0% used [0x00000000eaf00000,0x00000000eaf00000,0x00000000eb080000)
 ParOldGen       total 129536K, used 1036K [0x00000000c0000000, 0x00000000c7e80000, 0x00000000eab00000)
  object space 129536K, 0% used [0x00000000c0000000,0x00000000c0103050,0x00000000c7e80000)
 Metaspace       used 4428K, capacity 5584K, committed 5760K, reserved 1056768K
  class space    used 486K, capacity 520K, committed 640K, reserved 1048576K
}
Event: 1.494 GC heap before
{Heap before GC invocations=7 (full 0):
 PSYoungGen      total 5632K, used 5334K [0x00000000eab00000, 0x00000000eb200000, 0x0000000100000000)
  eden space 4096K, 100% used [0x00000000eab00000,0x00000000eaf00000,0x00000000eaf00000)
  from space 1536K, 80% used [0x00000000eb080000,0x00000000eb1b59e0,0x00000000eb200000)
  to   space 1536K, 0% used [0x00000000eaf00000,0x00000000eaf00000,0x00000000eb080000)
 ParOldGen       total 129536K, used 1036K [0x00000000c0000000, 0x00000000c7e80000, 0x00000000eab00000)
  object space 129536K, 0% used [0x00000000c0000000,0x00000000c0103050,0x00000000c7e80000)
 Metaspace       used 5371K, capacity 6384K, committed 6528K, reserved 1056768K
  class space    used 584K, capacity 616K, committed 640K, reserved 1048576K
Event: 1.708 GC heap after
Heap after GC invocations=7 (full 0):
 PSYoungGen      total 5632K, used 1507K [0x00000000eab00000, 0x00000000eb700000, 0x0000000100000000)
  eden space 4096K, 0% used [0x00000000eab00000,0x00000000eab00000,0x00000000eaf00000)
  from space 1536K, 98% used [0x00000000eaf00000,0x00000000eb078d10,0x00000000eb080000)
  to   space 2048K, 0% used [0x00000000eb500000,0x00000000eb500000,0x00000000eb700000)
 ParOldGen       total 129536K, used 1394K [0x00000000c0000000, 0x00000000c7e80000, 0x00000000eab00000)
  object space 129536K, 1% used [0x00000000c0000000,0x00000000c015cbf8,0x00000000c7e80000)
 Metaspace       used 5371K, capacity 6384K, committed 6528K, reserved 1056768K
  class space    used 584K, capacity 616K, committed 640K, reserved 1048576K
}
Event: 2.010 GC heap before
{Heap before GC invocations=8 (full 0):
 PSYoungGen      total 5632K, used 5603K [0x00000000eab00000, 0x00000000eb700000, 0x0000000100000000)
  eden space 4096K, 100% used [0x00000000eab00000,0x00000000eaf00000,0x00000000eaf00000)
  from space 1536K, 98% used [0x00000000eaf00000,0x00000000eb078d10,0x00000000eb080000)
  to   space 2048K, 0% used [0x00000000eb500000,0x00000000eb500000,0x00000000eb700000)
 ParOldGen       total 129536K, used 1394K [0x00000000c0000000, 0x00000000c7e80000, 0x00000000eab00000)
  object space 129536K, 1% used [0x00000000c0000000,0x00000000c015cbf8,0x00000000c7e80000)
 Metaspace       used 5604K, capacity 6640K, committed 6784K, reserved 1056768K
  class space    used 585K, capacity 616K, committed 640K, reserved 1048576K
Event: 2.201 GC heap after
Heap after GC invocations=8 (full 0):
 PSYoungGen      total 10240K, used 1568K [0x00000000eab00000, 0x00000000eb700000, 0x0000000100000000)
  eden space 8192K, 0% used [0x00000000eab00000,0x00000000eab00000,0x00000000eb300000)
  from space 2048K, 76% used [0x00000000eb500000,0x00000000eb688018,0x00000000eb700000)
  to   space 2048K, 0% used [0x00000000eb300000,0x00000000eb300000,0x00000000eb500000)
 ParOldGen       total 129536K, used 1491K [0x00000000c0000000, 0x00000000c7e80000, 0x00000000eab00000)
  object space 129536K, 1% used [0x00000000c0000000,0x00000000c0174c18,0x00000000c7e80000)
 Metaspace       used 5604K, capacity 6640K, committed 6784K, reserved 1056768K
  class space    used 585K, capacity 616K, committed 640K, reserved 1048576K
}
Event: 2.661 GC heap before
{Heap before GC invocations=9 (full 0):
 PSYoungGen      total 10240K, used 9760K [0x00000000eab00000, 0x00000000eb700000, 0x0000000100000000)
  eden space 8192K, 100% used [0x00000000eab00000,0x00000000eb300000,0x00000000eb300000)
  from space 2048K, 76% used [0x00000000eb500000,0x00000000eb688018,0x00000000eb700000)
  to   space 2048K, 0% used [0x00000000eb300000,0x00000000eb300000,0x00000000eb500000)
 ParOldGen       total 129536K, used 1491K [0x00000000c0000000, 0x00000000c7e80000, 0x00000000eab00000)
  object space 129536K, 1% used [0x00000000c0000000,0x00000000c0174c18,0x00000000c7e80000)
 Metaspace       used 5704K, capacity 6704K, committed 6784K, reserved 1056768K
  class space    used 585K, capacity 616K, committed 640K, reserved 1048576K
Event: 2.784 GC heap after
Heap after GC invocations=9 (full 0):
 PSYoungGen      total 10240K, used 2032K [0x00000000eab00000, 0x00000000ebd00000, 0x0000000100000000)
  eden space 8192K, 0% used [0x00000000eab00000,0x00000000eab00000,0x00000000eb300000)
  from space 2048K, 99% used [0x00000000eb300000,0x00000000eb4fc028,0x00000000eb500000)
  to   space 2560K, 0% used [0x00000000eba80000,0x00000000eba80000,0x00000000ebd00000)
 ParOldGen       total 129536K, used 2003K [0x00000000c0000000, 0x00000000c7e80000, 0x00000000eab00000)
  object space 129536K, 1% used [0x00000000c0000000,0x00000000c01f4c18,0x00000000c7e80000)
 Metaspace       used 5704K, capacity 6704K, committed 6784K, reserved 1056768K
  class space    used 585K, capacity 616K, committed 640K, reserved 1048576K
}
Event: 3.075 GC heap before
{Heap before GC invocations=10 (full 0):
 PSYoungGen      total 10240K, used 10224K [0x00000000eab00000, 0x00000000ebd00000, 0x0000000100000000)
  eden space 8192K, 100% used [0x00000000eab00000,0x00000000eb300000,0x00000000eb300000)
  from space 2048K, 99% used [0x00000000eb300000,0x00000000eb4fc028,0x00000000eb500000)
  to   space 2560K, 0% used [0x00000000eba80000,0x00000000eba80000,0x00000000ebd00000)
 ParOldGen       total 129536K, used 2003K [0x00000000c0000000, 0x00000000c7e80000, 0x00000000eab00000)
  object space 129536K, 1% used [0x00000000c0000000,0x00000000c01f4c18,0x00000000c7e80000)
 Metaspace       used 5808K, capacity 6832K, committed 7040K, reserved 1056768K
  class space    used 585K, capacity 616K, committed 640K, reserved 1048576K
Event: 3.205 GC heap after
Heap after GC invocations=10 (full 0):
 PSYoungGen      total 15360K, used 2448K [0x00000000eab00000, 0x00000000ebe00000, 0x0000000100000000)
  eden space 12800K, 0% used [0x00000000eab00000,0x00000000eab00000,0x00000000eb780000)
  from space 2560K, 95% used [0x00000000eba80000,0x00000000ebce4010,0x00000000ebd00000)
  to   space 3072K, 0% used [0x00000000eb780000,0x00000000eb780000,0x00000000eba80000)
 ParOldGen       total 129536K, used 3071K [0x00000000c0000000, 0x00000000c7e80000, 0x00000000eab00000)
  object space 129536K, 2% used [0x00000000c0000000,0x00000000c02ffc40,0x00000000c7e80000)
 Metaspace       used 5808K, capacity 6832K, committed 7040K, reserved 1056768K
  class space    used 585K, capacity 616K, committed 640K, reserved 1048576K
}

Deoptimization events (2 events):
Event: 2.290 Thread 0x0000000056980800 Uncommon trap: reason=bimorphic action=maybe_recompile pc=0x0000000002b0a6d4 method=java.util.HashMap.getNode(ILjava/lang/Object;)Ljava/util/HashMap$Node; @ 126
Event: 3.407 Thread 0x00000000004cf000 Uncommon trap: reason=unloaded action=reinterpret pc=0x0000000002d79e80 method=com.android.dx.cf.cst.ConstantPoolParser.parse0(ILjava/util/BitSet;)Lcom/android/dx/rop/cst/Constant; @ 220

Internal exceptions (10 events):
Event: 3.395 Thread 0x00000000004cf000 Exception <a 'java/security/PrivilegedActionException'> (0x00000000eaf98b58) thrown at [D:\re\workspace\8-2-build-windows-amd64-cygwin\jdk8\2238\hotspot\src\share\vm\prims\jvm.cpp, line 1248]
Event: 3.395 Thread 0x00000000004cf000 Exception <a 'java/security/PrivilegedActionException'> (0x00000000eaf9be48) thrown at [D:\re\workspace\8-2-build-windows-amd64-cygwin\jdk8\2238\hotspot\src\share\vm\prims\jvm.cpp, line 1248]
Event: 3.395 Thread 0x00000000004cf000 Exception <a 'java/security/PrivilegedActionException'> (0x00000000eaf9e308) thrown at [D:\re\workspace\8-2-build-windows-amd64-cygwin\jdk8\2238\hotspot\src\share\vm\prims\jvm.cpp, line 1248]
Event: 3.395 Thread 0x00000000004cf000 Exception <a 'java/security/PrivilegedActionException'> (0x00000000eafa13d0) thrown at [D:\re\workspace\8-2-build-windows-amd64-cygwin\jdk8\2238\hotspot\src\share\vm\prims\jvm.cpp, line 1248]
Event: 3.396 Thread 0x00000000004cf000 Exception <a 'java/security/PrivilegedActionException'> (0x00000000eafd7d28) thrown at [D:\re\workspace\8-2-build-windows-amd64-cygwin\jdk8\2238\hotspot\src\share\vm\prims\jvm.cpp, line 1248]
Event: 3.396 Thread 0x00000000004cf000 Exception <a 'java/security/PrivilegedActionException'> (0x00000000eafda480) thrown at [D:\re\workspace\8-2-build-windows-amd64-cygwin\jdk8\2238\hotspot\src\share\vm\prims\jvm.cpp, line 1248]
Event: 3.399 Thread 0x0000000056980800 Exception <a 'java/security/PrivilegedActionException'> (0x00000000eb0ed4b8) thrown at [D:\re\workspace\8-2-build-windows-amd64-cygwin\jdk8\2238\hotspot\src\share\vm\prims\jvm.cpp, line 1248]
Event: 3.399 Thread 0x0000000056980800 Exception <a 'java/security/PrivilegedActionException'> (0x00000000eb0f2ca8) thrown at [D:\re\workspace\8-2-build-windows-amd64-cygwin\jdk8\2238\hotspot\src\share\vm\prims\jvm.cpp, line 1248]
Event: 3.399 Thread 0x0000000056980800 Exception <a 'java/security/PrivilegedActionException'> (0x00000000eb1264f8) thrown at [D:\re\workspace\8-2-build-windows-amd64-cygwin\jdk8\2238\hotspot\src\share\vm\prims\jvm.cpp, line 1248]
Event: 3.400 Thread 0x00000000004cf000 Exception <a 'java/security/PrivilegedActionException'> (0x00000000eb13d6c0) thrown at [D:\re\workspace\8-2-build-windows-amd64-cygwin\jdk8\2238\hotspot\src\share\vm\prims\jvm.cpp, line 1248]

Events (10 events):
Event: 3.399 loading class com/android/dx/dex/file/ParameterAnnotationStruct done
Event: 3.399 loading class com/android/dx/dex/file/UniformListItem
Event: 3.399 loading class com/android/dx/dex/file/UniformListItem done
Event: 3.399 loading class com/android/dx/dex/file/AnnotationSetRefItem
Event: 3.399 loading class com/android/dx/dex/file/AnnotationSetRefItem done
Event: 3.400 loading class com/android/dx/cf/attrib/AttConstantValue
Event: 3.400 loading class com/android/dx/cf/attrib/AttConstantValue done
Event: 3.407 Thread 0x00000000004cf000 Uncommon trap: trap_request=0x000000d2 fr.pc=0x0000000002d79e80
Event: 3.407 Thread 0x00000000004cf000 DEOPT PACKING pc=0x0000000002d79e80 sp=0x000000000283ebc0
Event: 3.407 Thread 0x00000000004cf000 DEOPT UNPACKING pc=0x00000000028855af sp=0x000000000283eb78 mode 2


Dynamic libraries:
0x000000013fdc0000 - 0x000000013fdf4000 	C:\Program Files\Java\jdk1.8.0\bin\java.exe
0x00000000774e0000 - 0x000000007768a000 	C:\Windows\SYSTEM32\ntdll.dll
0x000007fef5dd0000 - 0x000007fef5e03000 	C:\Program Files\AVAST Software\Avast\x64\aswhooka.dll
0x00000000773c0000 - 0x00000000774df000 	C:\Windows\system32\kernel32.dll
0x000007fefd2c0000 - 0x000007fefd32a000 	C:\Windows\system32\KERNELBASE.dll
0x000007fefeca0000 - 0x000007fefed7b000 	C:\Windows\system32\ADVAPI32.dll
0x000007fefeea0000 - 0x000007fefef3f000 	C:\Windows\system32\msvcrt.dll
0x000007feff7d0000 - 0x000007feff7ef000 	C:\Windows\SYSTEM32\sechost.dll
0x000007feff320000 - 0x000007feff44d000 	C:\Windows\system32\RPCRT4.dll
0x00000000772c0000 - 0x00000000773ba000 	C:\Windows\system32\USER32.dll
0x000007fefea00000 - 0x000007fefea67000 	C:\Windows\system32\GDI32.dll
0x000007fefed80000 - 0x000007fefed8e000 	C:\Windows\system32\LPK.dll
0x000007fefe620000 - 0x000007fefe6ea000 	C:\Windows\system32\USP10.dll
0x000007fefba80000 - 0x000007fefbc74000 	C:\Windows\WinSxS\amd64_microsoft.windows.common-controls_6595b64144ccf1df_6.0.7601.18837_none_fa3b1e3d17594757\COMCTL32.dll
0x000007fefe520000 - 0x000007fefe591000 	C:\Windows\system32\SHLWAPI.dll
0x000007feff7a0000 - 0x000007feff7ce000 	C:\Windows\system32\IMM32.DLL
0x000007fefed90000 - 0x000007fefee99000 	C:\Windows\system32\MSCTF.dll
0x000000005d020000 - 0x000000005d0f2000 	C:\Program Files\Java\jdk1.8.0\jre\bin\msvcr100.dll
0x000000005d450000 - 0x000000005dc7a000 	C:\Program Files\Java\jdk1.8.0\jre\bin\server\jvm.dll
0x000007fefaae0000 - 0x000007fefaae9000 	C:\Windows\system32\WSOCK32.dll
0x000007fefe6f0000 - 0x000007fefe73d000 	C:\Windows\system32\WS2_32.dll
0x000007fefef40000 - 0x000007fefef48000 	C:\Windows\system32\NSI.dll
0x000007fefaea0000 - 0x000007fefaedb000 	C:\Windows\system32\WINMM.dll
0x00000000776a0000 - 0x00000000776a7000 	C:\Windows\system32\PSAPI.DLL
0x00000000728a0000 - 0x00000000728af000 	C:\Program Files\Java\jdk1.8.0\jre\bin\verify.dll
0x0000000061160000 - 0x0000000061188000 	C:\Program Files\Java\jdk1.8.0\jre\bin\java.dll
0x000000006afd0000 - 0x000000006afe6000 	C:\Program Files\Java\jdk1.8.0\jre\bin\zip.dll
0x000007fefd790000 - 0x000007fefe519000 	C:\Windows\system32\SHELL32.dll
0x000007fefd590000 - 0x000007fefd78c000 	C:\Windows\system32\ole32.dll
0x000007fefd1e0000 - 0x000007fefd1ef000 	C:\Windows\system32\profapi.dll

VM Arguments:
jvm_args: -Djava.awt.headless=true -Xmx1024M -Dfile.encoding=x-windows-950 -Duser.country=TW -Duser.language=zh -Duser.variant 
java_command: com.android.dx.command.Main --dex --force-jumbo --num-threads=4 --multi-dex --output C:\Users\Mist\Desktop\LongingForMao\app\build\intermediates\transforms\dex\debug\folders\1000\10\com.google.android.gms-play-services-nearby-10.0.0_e09c07182e67a6b778b0f7b989d4daf0b8b0db68 C:\Users\Mist\Desktop\LongingForMao\app\build\intermediates\exploded-aar\com.google.android.gms\play-services-nearby\10.0.0\jars\classes.jar
java_class_path (initial): M:\Android\sdk\build-tools\23.0.3\lib\dx.jar
Launcher Type: SUN_STANDARD

Environment Variables:
JAVA_HOME=C:\Program Files\Java\jdk1.8.0
PATH=C:\ProgramData\Oracle\Java\javapath;C:\Program Files\Common Files\Microsoft Shared\Windows Live;C:\Program Files (x86)\Common Files\Microsoft Shared\Windows Live;C:\Program Files (x86)\Intel\iCLS Client\;C:\Program Files\Intel\iCLS Client\;C:\Windows\system32;C:\Windows;C:\Windows\System32\Wbem;C:\Windows\System32\WindowsPowerShell\v1.0\;C:\Program Files\Java\jdk1.8.0\bin;C:\Program Files\Intel\Intel(R) Management Engine Components\DAL;C:\Program Files\Intel\Intel(R) Management Engine Components\IPT;C:\Program Files (x86)\Intel\Intel(R) Management Engine Components\DAL;C:\Program Files (x86)\Intel\Intel(R) Management Engine Components\IPT;C:\Program Files\Microsoft SQL Server\110\Tools\Binn\;C:\Program Files\Common Files\Autodesk Shared\;C:\Users\Mist\AppData\Local\Android\android-sdk\platform-tools;C:\Ruby22-x64\bin;C:\MinGW\bin;C:\Program Files (x86)\NVIDIA Corporation\PhysX\Common;C:\putty;C:\Program Files (x86)\Windows Live\Shared;C:\Program Files\Git\cmd;C:\Program Files (x86)\Skype\Phone\;C:\Users\Mist\Anaconda2;C:\Users\Mist\Anaconda2\Scripts;C:\Users\Mist\Anaconda2\Library\bin;C:\Users\Mist\AppData\Local\Google\Cloud SDK\google-cloud-sdk\bin
USERNAME=Mist
OS=Windows_NT
PROCESSOR_IDENTIFIER=Intel64 Family 6 Model 60 Stepping 3, GenuineIntel



---------------  S Y S T E M  ---------------

OS: Windows 7 , 64 bit Build 7601 Service Pack 1

CPU:total 4 (4 cores per cpu, 1 threads per core) family 6 model 60 stepping 3, cmov, cx8, fxsr, mmx, sse, sse2, sse3, ssse3, sse4.1, sse4.2, popcnt, avx, avx2, aes, clmul, erms, tsc, tscinvbit

Memory: 4k page, physical 8261440k(1092240k free), swap 8259580k(4872k free)

vm_info: Java HotSpot(TM) 64-Bit Server VM (25.0-b70) for windows-amd64 JRE (1.8.0-b132), built on Mar  4 2014 03:46:18 by "java_re" with MS VC++ 10.0 (VS2010)

time: Sun Jun 04 20:20:35 2017
elapsed time: 3 seconds

