#
# There is insufficient memory for the Java Runtime Environment to continue.
# Native memory allocation (malloc) failed to allocate 89584 bytes for Chunk::new
# Possible reasons:
#   The system is out of physical RAM or swap space
#   In 32 bit mode, the process size limit was hit
# Possible solutions:
#   Reduce memory load on the system
#   Increase physical memory or swap space
#   Check if swap backing store is full
#   Use 64 bit Java on a 64 bit OS
#   Decrease Java heap size (-Xmx/-Xms)
#   Decrease number of Java threads
#   Decrease Java thread stack sizes (-Xss)
#   Set larger code cache with -XX:ReservedCodeCacheSize=
# This output file may be truncated or incomplete.
#
#  Out of Memory Error (allocation.cpp:388), pid=4024, tid=5700
#
# JRE version: Java(TM) SE Runtime Environment (8.0-b132) (build 1.8.0-b132)
# Java VM: Java HotSpot(TM) 64-Bit Server VM (25.0-b70 mixed mode windows-amd64 compressed oops)
# Failed to write core dump. Minidumps are not enabled by default on client versions of Windows
#

---------------  T H R E A D  ---------------

Current thread (0x00000000563f8000):  JavaThread "C2 CompilerThread0" daemon [_thread_in_native, id=5700, stack(0x0000000056c80000,0x0000000056d80000)]

Stack: [0x0000000056c80000,0x0000000056d80000]
Native frames: (J=compiled Java code, j=interpreted, Vv=VM code, C=native code)
V  [jvm.dll+0x308e0a]


Current CompileTask:
C2:   5118 1779       4       com.android.dx.ssa.SsaConverter::placePhiFunctions (394 bytes)


---------------  P R O C E S S  ---------------

Java Threads: ( => current thread )
  0x0000000056733800 JavaThread "pool-2-thread-4" [_thread_blocked, id=2240, stack(0x00000000580a0000,0x00000000581a0000)]
  0x000000005672b000 JavaThread "pool-2-thread-3" [_thread_blocked, id=2836, stack(0x0000000057ed0000,0x0000000057fd0000)]
  0x0000000056725800 JavaThread "pool-2-thread-2" [_thread_blocked, id=1324, stack(0x0000000057d10000,0x0000000057e10000)]
  0x000000005675b000 JavaThread "pool-3-thread-1" [_thread_blocked, id=2744, stack(0x0000000056d90000,0x0000000056e90000)]
  0x000000005675a000 JavaThread "pool-2-thread-1" [_thread_blocked, id=1992, stack(0x0000000057ae0000,0x0000000057be0000)]
  0x0000000056457000 JavaThread "Service Thread" daemon [_thread_blocked, id=1960, stack(0x0000000057190000,0x0000000057290000)]
  0x0000000056452000 JavaThread "C1 CompilerThread2" daemon [_thread_blocked, id=6956, stack(0x0000000057030000,0x0000000057130000)]
  0x0000000056414800 JavaThread "C2 CompilerThread1" daemon [_thread_blocked, id=6288, stack(0x0000000056f10000,0x0000000057010000)]
=>0x00000000563f8000 JavaThread "C2 CompilerThread0" daemon [_thread_in_native, id=5700, stack(0x0000000056c80000,0x0000000056d80000)]
  0x00000000563ea800 JavaThread "Attach Listener" daemon [_thread_blocked, id=3912, stack(0x0000000056ac0000,0x0000000056bc0000)]
  0x0000000054fba800 JavaThread "Signal Dispatcher" daemon [_thread_blocked, id=6636, stack(0x00000000568b0000,0x00000000569b0000)]
  0x0000000054f4e800 JavaThread "Finalizer" daemon [_thread_blocked, id=5084, stack(0x00000000562e0000,0x00000000563e0000)]
  0x0000000054f49000 JavaThread "Reference Handler" daemon [_thread_blocked, id=2508, stack(0x00000000560c0000,0x00000000561c0000)]
  0x000000000020f000 JavaThread "main" [_thread_blocked, id=6448, stack(0x00000000027a0000,0x00000000028a0000)]

Other Threads:
  0x0000000054f45800 VMThread [stack: 0x0000000055f60000,0x0000000056060000] [id=4112]
  0x0000000056458800 WatcherThread [stack: 0x00000000561c0000,0x00000000562c0000] [id=5376]

VM state:not at safepoint (normal execution)

VM Mutex/Monitor currently owned by a thread: None

Heap:
 PSYoungGen      total 23040K, used 16977K [0x00000000eab00000, 0x00000000ec480000, 0x0000000100000000)
  eden space 19968K, 73% used [0x00000000eab00000,0x00000000eb964540,0x00000000ebe80000)
  from space 3072K, 72% used [0x00000000ec180000,0x00000000ec3b0000,0x00000000ec480000)
  to   space 3072K, 0% used [0x00000000ebe80000,0x00000000ebe80000,0x00000000ec180000)
 ParOldGen       total 129536K, used 6494K [0x00000000c0000000, 0x00000000c7e80000, 0x00000000eab00000)
  object space 129536K, 5% used [0x00000000c0000000,0x00000000c0657b00,0x00000000c7e80000)
 Metaspace       used 5991K, capacity 6960K, committed 7040K, reserved 1056768K
  class space    used 598K, capacity 616K, committed 640K, reserved 1048576K

Card table byte_map: [0x0000000011c60000,0x0000000011e70000] byte_map_base: 0x0000000011660000

Marking Bits: (ParMarkBitMap*) 0x000000005dc013b0
 Begin Bits: [0x00000000123c0000, 0x00000000133c0000)
 End Bits:   [0x00000000133c0000, 0x00000000143c0000)

Polling page: 0x00000000001f0000

CodeCache: size=245760Kb used=7608Kb max_used=7626Kb free=238151Kb
 bounds [0x00000000028a0000, 0x0000000003020000, 0x00000000118a0000]
 total_blobs=2044 nmethods=1776 adapters=181
 compilation: enabled

Compilation events (10 events):
Event: 4.989 Thread 0x0000000056452000 nmethod 1776 0x0000000002fdf090 code [0x0000000002fdf200, 0x0000000002fdf428]
Event: 4.989 Thread 0x0000000056452000 1775       3       com.android.dx.rop.type.StdTypeList::equalContents (56 bytes)
Event: 4.990 Thread 0x0000000056452000 nmethod 1775 0x000000000300da50 code [0x000000000300dc20, 0x000000000300e4a8]
Event: 4.991 Thread 0x0000000056452000 1777       3       com.android.dx.cf.attrib.BaseAttribute::<init> (24 bytes)
Event: 4.991 Thread 0x0000000056452000 nmethod 1777 0x000000000300e750 code [0x000000000300e8c0, 0x000000000300eb68]
Event: 4.993 Thread 0x0000000056414800 1778 %     4       com.android.dx.ssa.SsaConverter::placePhiFunctions @ 53 (394 bytes)
Event: 5.080 Thread 0x0000000056414800 nmethod 1778% 0x0000000003013ad0 code [0x0000000003013da0, 0x0000000003015f60]
Event: 5.081 Thread 0x00000000563f8000 1779       4       com.android.dx.ssa.SsaConverter::placePhiFunctions (394 bytes)
Event: 5.090 Thread 0x0000000056414800 1780       4       com.android.dx.rop.cst.CstType::compareTo0 (25 bytes)
Event: 5.091 Thread 0x0000000056414800 nmethod 1780 0x0000000003010850 code [0x00000000030109a0, 0x0000000003010b78]

GC Heap History (10 events):
Event: 1.072 GC heap before
{Heap before GC invocations=8 (full 0):
 PSYoungGen      total 5120K, used 5062K [0x00000000eab00000, 0x00000000eb600000, 0x0000000100000000)
  eden space 4096K, 100% used [0x00000000eab00000,0x00000000eaf00000,0x00000000eaf00000)
  from space 1024K, 94% used [0x00000000eaf00000,0x00000000eaff1828,0x00000000eb000000)
  to   space 1536K, 0% used [0x00000000eb480000,0x00000000eb480000,0x00000000eb600000)
 ParOldGen       total 129536K, used 1017K [0x00000000c0000000, 0x00000000c7e80000, 0x00000000eab00000)
  object space 129536K, 0% used [0x00000000c0000000,0x00000000c00fe620,0x00000000c7e80000)
 Metaspace       used 5240K, capacity 6320K, committed 6528K, reserved 1056768K
  class space    used 582K, capacity 616K, committed 640K, reserved 1048576K
Event: 1.191 GC heap after
Heap after GC invocations=8 (full 0):
 PSYoungGen      total 9728K, used 1529K [0x00000000eab00000, 0x00000000eb600000, 0x0000000100000000)
  eden space 8192K, 0% used [0x00000000eab00000,0x00000000eab00000,0x00000000eb300000)
  from space 1536K, 99% used [0x00000000eb480000,0x00000000eb5fe628,0x00000000eb600000)
  to   space 1536K, 0% used [0x00000000eb300000,0x00000000eb300000,0x00000000eb480000)
 ParOldGen       total 129536K, used 1370K [0x00000000c0000000, 0x00000000c7e80000, 0x00000000eab00000)
  object space 129536K, 1% used [0x00000000c0000000,0x00000000c0156a28,0x00000000c7e80000)
 Metaspace       used 5240K, capacity 6320K, committed 6528K, reserved 1056768K
  class space    used 582K, capacity 616K, committed 640K, reserved 1048576K
}
Event: 1.369 GC heap before
{Heap before GC invocations=9 (full 0):
 PSYoungGen      total 9728K, used 9721K [0x00000000eab00000, 0x00000000eb600000, 0x0000000100000000)
  eden space 8192K, 100% used [0x00000000eab00000,0x00000000eb300000,0x00000000eb300000)
  from space 1536K, 99% used [0x00000000eb480000,0x00000000eb5fe628,0x00000000eb600000)
  to   space 1536K, 0% used [0x00000000eb300000,0x00000000eb300000,0x00000000eb480000)
 ParOldGen       total 129536K, used 1370K [0x00000000c0000000, 0x00000000c7e80000, 0x00000000eab00000)
  object space 129536K, 1% used [0x00000000c0000000,0x00000000c0156a28,0x00000000c7e80000)
 Metaspace       used 5585K, capacity 6576K, committed 6784K, reserved 1056768K
  class space    used 592K, capacity 616K, committed 640K, reserved 1048576K
Event: 1.540 GC heap after
Heap after GC invocations=9 (full 0):
 PSYoungGen      total 9728K, used 1530K [0x00000000eab00000, 0x00000000ebc00000, 0x0000000100000000)
  eden space 8192K, 0% used [0x00000000eab00000,0x00000000eab00000,0x00000000eb300000)
  from space 1536K, 99% used [0x00000000eb300000,0x00000000eb47ea80,0x00000000eb480000)
  to   space 2048K, 0% used [0x00000000eba00000,0x00000000eba00000,0x00000000ebc00000)
 ParOldGen       total 129536K, used 2064K [0x00000000c0000000, 0x00000000c7e80000, 0x00000000eab00000)
  object space 129536K, 1% used [0x00000000c0000000,0x00000000c02041a0,0x00000000c7e80000)
 Metaspace       used 5585K, capacity 6576K, committed 6784K, reserved 1056768K
  class space    used 592K, capacity 616K, committed 640K, reserved 1048576K
}
Event: 1.873 GC heap before
{Heap before GC invocations=10 (full 0):
 PSYoungGen      total 9728K, used 9722K [0x00000000eab00000, 0x00000000ebc00000, 0x0000000100000000)
  eden space 8192K, 100% used [0x00000000eab00000,0x00000000eb300000,0x00000000eb300000)
  from space 1536K, 99% used [0x00000000eb300000,0x00000000eb47ea80,0x00000000eb480000)
  to   space 2048K, 0% used [0x00000000eba00000,0x00000000eba00000,0x00000000ebc00000)
 ParOldGen       total 129536K, used 2064K [0x00000000c0000000, 0x00000000c7e80000, 0x00000000eab00000)
  object space 129536K, 1% used [0x00000000c0000000,0x00000000c02041a0,0x00000000c7e80000)
 Metaspace       used 5769K, capacity 6768K, committed 7040K, reserved 1056768K
  class space    used 597K, capacity 616K, committed 640K, reserved 1048576K
Event: 1.879 GC heap after
Heap after GC invocations=10 (full 0):
 PSYoungGen      total 14336K, used 2032K [0x00000000eab00000, 0x00000000ebe00000, 0x0000000100000000)
  eden space 12288K, 0% used [0x00000000eab00000,0x00000000eab00000,0x00000000eb700000)
  from space 2048K, 99% used [0x00000000eba00000,0x00000000ebbfc010,0x00000000ebc00000)
  to   space 3072K, 0% used [0x00000000eb700000,0x00000000eb700000,0x00000000eba00000)
 ParOldGen       total 129536K, used 2795K [0x00000000c0000000, 0x00000000c7e80000, 0x00000000eab00000)
  object space 129536K, 2% used [0x00000000c0000000,0x00000000c02baf18,0x00000000c7e80000)
 Metaspace       used 5769K, capacity 6768K, committed 7040K, reserved 1056768K
  class space    used 597K, capacity 616K, committed 640K, reserved 1048576K
}
Event: 2.656 GC heap before
{Heap before GC invocations=11 (full 0):
 PSYoungGen      total 14336K, used 14320K [0x00000000eab00000, 0x00000000ebe00000, 0x0000000100000000)
  eden space 12288K, 100% used [0x00000000eab00000,0x00000000eb700000,0x00000000eb700000)
  from space 2048K, 99% used [0x00000000eba00000,0x00000000ebbfc010,0x00000000ebc00000)
  to   space 3072K, 0% used [0x00000000eb700000,0x00000000eb700000,0x00000000eba00000)
 ParOldGen       total 129536K, used 2795K [0x00000000c0000000, 0x00000000c7e80000, 0x00000000eab00000)
  object space 129536K, 2% used [0x00000000c0000000,0x00000000c02baf18,0x00000000c7e80000)
 Metaspace       used 5891K, capacity 6896K, committed 7040K, reserved 1056768K
  class space    used 597K, capacity 616K, committed 640K, reserved 1048576K
Event: 2.815 GC heap after
Heap after GC invocations=11 (full 0):
 PSYoungGen      total 15360K, used 1920K [0x00000000eab00000, 0x00000000ec480000, 0x0000000100000000)
  eden space 12288K, 0% used [0x00000000eab00000,0x00000000eab00000,0x00000000eb700000)
  from space 3072K, 62% used [0x00000000eb700000,0x00000000eb8e0010,0x00000000eba00000)
  to   space 3072K, 0% used [0x00000000ec180000,0x00000000ec180000,0x00000000ec480000)
 ParOldGen       total 129536K, used 4741K [0x00000000c0000000, 0x00000000c7e80000, 0x00000000eab00000)
  object space 129536K, 3% used [0x00000000c0000000,0x00000000c04a15a8,0x00000000c7e80000)
 Metaspace       used 5891K, capacity 6896K, committed 7040K, reserved 1056768K
  class space    used 597K, capacity 616K, committed 640K, reserved 1048576K
}
Event: 3.346 GC heap before
{Heap before GC invocations=12 (full 0):
 PSYoungGen      total 15360K, used 14208K [0x00000000eab00000, 0x00000000ec480000, 0x0000000100000000)
  eden space 12288K, 100% used [0x00000000eab00000,0x00000000eb700000,0x00000000eb700000)
  from space 3072K, 62% used [0x00000000eb700000,0x00000000eb8e0010,0x00000000eba00000)
  to   space 3072K, 0% used [0x00000000ec180000,0x00000000ec180000,0x00000000ec480000)
 ParOldGen       total 129536K, used 4741K [0x00000000c0000000, 0x00000000c7e80000, 0x00000000eab00000)
  object space 129536K, 3% used [0x00000000c0000000,0x00000000c04a15a8,0x00000000c7e80000)
 Metaspace       used 5945K, capacity 6896K, committed 7040K, reserved 1056768K
  class space    used 598K, capacity 616K, committed 640K, reserved 1048576K
Event: 3.352 GC heap after
Heap after GC invocations=12 (full 0):
 PSYoungGen      total 23040K, used 2240K [0x00000000eab00000, 0x00000000ec480000, 0x0000000100000000)
  eden space 19968K, 0% used [0x00000000eab00000,0x00000000eab00000,0x00000000ebe80000)
  from space 3072K, 72% used [0x00000000ec180000,0x00000000ec3b0000,0x00000000ec480000)
  to   space 3072K, 0% used [0x00000000ebe80000,0x00000000ebe80000,0x00000000ec180000)
 ParOldGen       total 129536K, used 6494K [0x00000000c0000000, 0x00000000c7e80000, 0x00000000eab00000)
  object space 129536K, 5% used [0x00000000c0000000,0x00000000c0657b00,0x00000000c7e80000)
 Metaspace       used 5945K, capacity 6896K, committed 7040K, reserved 1056768K
  class space    used 598K, capacity 616K, committed 640K, reserved 1048576K
}

Deoptimization events (10 events):
Event: 2.906 Thread 0x0000000056725800 Uncommon trap: reason=null_check action=make_not_entrant pc=0x0000000002b43b44 method=com.android.dx.ssa.SsaRenamer.getLocalForNewReg(I)Lcom/android/dx/rop/code/LocalItem; @ 19
Event: 2.906 Thread 0x0000000056725800 Uncommon trap: reason=null_check action=make_not_entrant pc=0x0000000002b50094 method=com.android.dx.ssa.SsaRenamer.getLocalForNewReg(I)Lcom/android/dx/rop/code/LocalItem; @ 19
Event: 3.329 Thread 0x000000005672b000 Uncommon trap: reason=unreached action=reinterpret pc=0x0000000002e1f6d0 method=com.android.dx.cf.code.BytecodeArray.parseInstruction(ILcom/android/dx/cf/code/BytecodeArray$Visitor;)I @ 1198
Event: 3.364 Thread 0x000000005675a000 Uncommon trap: reason=unreached action=reinterpret pc=0x0000000002dd9bd8 method=com.android.dx.ssa.LocalVariableExtractor.processBlock(I)V @ 251
Event: 3.374 Thread 0x000000005675a000 Uncommon trap: reason=unreached action=reinterpret pc=0x0000000002c75d44 method=com.android.dx.rop.cst.Constant.compareTo(Lcom/android/dx/rop/cst/Constant;)I @ 12
Event: 3.375 Thread 0x000000005675a000 Uncommon trap: reason=null_check action=make_not_entrant pc=0x0000000002e4a9d4 method=com.android.dx.rop.type.Type.equals(Ljava/lang/Object;)Z @ 8
Event: 3.443 Thread 0x0000000056733800 Uncommon trap: reason=unreached action=reinterpret pc=0x0000000002eb8e88 method=com.android.dx.rop.code.LocalVariableExtractor.processBlock(I)V @ 195
Event: 3.453 Thread 0x0000000056733800 Uncommon trap: reason=unreached action=reinterpret pc=0x0000000002e2c598 method=com.android.dx.dex.code.RopToDop.dopFor(Lcom/android/dx/rop/code/Insn;)Lcom/android/dx/dex/code/Dop; @ 747
Event: 3.781 Thread 0x0000000056733800 Uncommon trap: reason=bimorphic action=maybe_recompile pc=0x0000000002d5320c method=com.android.dx.ssa.LiteralOpUpgrader.tryReplacingWithConstant(Lcom/android/dx/ssa/NormalSsaInsn;)Z @ 52
Event: 4.205 Thread 0x0000000056725800 Uncommon trap: reason=bimorphic action=maybe_recompile pc=0x0000000002d5320c method=com.android.dx.ssa.LiteralOpUpgrader.tryReplacingWithConstant(Lcom/android/dx/ssa/NormalSsaInsn;)Z @ 52

Internal exceptions (10 events):
Event: 1.242 Thread 0x0000000056733800 Exception <a 'java/security/PrivilegedActionException'> (0x00000000eadeda00) thrown at [D:\re\workspace\8-2-build-windows-amd64-cygwin\jdk8\2238\hotspot\src\share\vm\prims\jvm.cpp, line 1248]
Event: 1.295 Thread 0x0000000056725800 Exception <a 'java/security/PrivilegedActionException'> (0x00000000eafff7e0) thrown at [D:\re\workspace\8-2-build-windows-amd64-cygwin\jdk8\2238\hotspot\src\share\vm\prims\jvm.cpp, line 1248]
Event: 1.328 Thread 0x000000000020f000 Exception <a 'java/security/PrivilegedActionException'> (0x00000000eb15bad0) thrown at [D:\re\workspace\8-2-build-windows-amd64-cygwin\jdk8\2238\hotspot\src\share\vm\prims\jvm.cpp, line 1248]
Event: 1.598 Thread 0x0000000056733800 Exception <a 'java/security/PrivilegedActionException'> (0x00000000eabb2310) thrown at [D:\re\workspace\8-2-build-windows-amd64-cygwin\jdk8\2238\hotspot\src\share\vm\prims\jvm.cpp, line 1248]
Event: 1.599 Thread 0x000000005672b000 Exception <a 'java/security/PrivilegedActionException'> (0x00000000eabc9010) thrown at [D:\re\workspace\8-2-build-windows-amd64-cygwin\jdk8\2238\hotspot\src\share\vm\prims\jvm.cpp, line 1248]
Event: 1.602 Thread 0x000000005672b000 Exception <a 'java/security/PrivilegedActionException'> (0x00000000eac11900) thrown at [D:\re\workspace\8-2-build-windows-amd64-cygwin\jdk8\2238\hotspot\src\share\vm\prims\jvm.cpp, line 1248]
Event: 2.906 Thread 0x0000000056725800 Implicit null exception at 0x0000000002b41860 to 0x0000000002b43b1d
Event: 2.906 Thread 0x0000000056725800 Implicit null exception at 0x0000000002b4dd8c to 0x0000000002b50071
Event: 3.324 Thread 0x000000005672b000 Exception <a 'java/security/PrivilegedActionException'> (0x00000000eb360960) thrown at [D:\re\workspace\8-2-build-windows-amd64-cygwin\jdk8\2238\hotspot\src\share\vm\prims\jvm.cpp, line 1248]
Event: 3.375 Thread 0x000000005675a000 Implicit null exception at 0x0000000002e4a8d2 to 0x0000000002e4a9c5

Events (10 events):
Event: 3.781 Thread 0x0000000056733800 Uncommon trap: trap_request=0xffffffc6 fr.pc=0x0000000002d5320c
Event: 3.781 Thread 0x0000000056733800 DEOPT PACKING pc=0x0000000002d5320c sp=0x000000005819ee30
Event: 3.781 Thread 0x0000000056733800 DEOPT UNPACKING pc=0x00000000028e55af sp=0x000000005819ed18 mode 2
Event: 4.205 Thread 0x0000000056725800 Uncommon trap: trap_request=0xffffffc6 fr.pc=0x0000000002d5320c
Event: 4.205 Thread 0x0000000056725800 DEOPT PACKING pc=0x0000000002d5320c sp=0x0000000057e0eb70
Event: 4.205 Thread 0x0000000056725800 DEOPT UNPACKING pc=0x00000000028e55af sp=0x0000000057e0ea58 mode 2
Event: 4.244 Executing VM operation: EnableBiasedLocking
Event: 4.244 Executing VM operation: EnableBiasedLocking done
Event: 5.081 Thread 0x0000000056733800 DEOPT PACKING pc=0x0000000002d1be6d sp=0x000000005819ecb0
Event: 5.081 Thread 0x0000000056733800 DEOPT UNPACKING pc=0x00000000028e7604 sp=0x000000005819eae0 mode 0


Dynamic libraries:
0x000000013fdc0000 - 0x000000013fdf4000 	C:\Program Files\Java\jdk1.8.0\bin\java.exe
0x00000000774e0000 - 0x000000007768a000 	C:\Windows\SYSTEM32\ntdll.dll
0x000007fef5dd0000 - 0x000007fef5e03000 	C:\Program Files\AVAST Software\Avast\x64\aswhooka.dll
0x00000000773c0000 - 0x00000000774df000 	C:\Windows\system32\kernel32.dll
0x000007fefd2c0000 - 0x000007fefd32a000 	C:\Windows\system32\KERNELBASE.dll
0x000007fefeca0000 - 0x000007fefed7b000 	C:\Windows\system32\ADVAPI32.dll
0x000007fefeea0000 - 0x000007fefef3f000 	C:\Windows\system32\msvcrt.dll
0x000007feff7d0000 - 0x000007feff7ef000 	C:\Windows\SYSTEM32\sechost.dll
0x000007feff320000 - 0x000007feff44d000 	C:\Windows\system32\RPCRT4.dll
0x00000000772c0000 - 0x00000000773ba000 	C:\Windows\system32\USER32.dll
0x000007fefea00000 - 0x000007fefea67000 	C:\Windows\system32\GDI32.dll
0x000007fefed80000 - 0x000007fefed8e000 	C:\Windows\system32\LPK.dll
0x000007fefe620000 - 0x000007fefe6ea000 	C:\Windows\system32\USP10.dll
0x000007fefba80000 - 0x000007fefbc74000 	C:\Windows\WinSxS\amd64_microsoft.windows.common-controls_6595b64144ccf1df_6.0.7601.18837_none_fa3b1e3d17594757\COMCTL32.dll
0x000007fefe520000 - 0x000007fefe591000 	C:\Windows\system32\SHLWAPI.dll
0x000007feff7a0000 - 0x000007feff7ce000 	C:\Windows\system32\IMM32.DLL
0x000007fefed90000 - 0x000007fefee99000 	C:\Windows\system32\MSCTF.dll
0x000000005d020000 - 0x000000005d0f2000 	C:\Program Files\Java\jdk1.8.0\jre\bin\msvcr100.dll
0x000000005d450000 - 0x000000005dc7a000 	C:\Program Files\Java\jdk1.8.0\jre\bin\server\jvm.dll
0x000007fefaae0000 - 0x000007fefaae9000 	C:\Windows\system32\WSOCK32.dll
0x000007fefe6f0000 - 0x000007fefe73d000 	C:\Windows\system32\WS2_32.dll
0x000007fefef40000 - 0x000007fefef48000 	C:\Windows\system32\NSI.dll
0x000007fefaea0000 - 0x000007fefaedb000 	C:\Windows\system32\WINMM.dll
0x00000000776a0000 - 0x00000000776a7000 	C:\Windows\system32\PSAPI.DLL
0x00000000728a0000 - 0x00000000728af000 	C:\Program Files\Java\jdk1.8.0\jre\bin\verify.dll
0x0000000061160000 - 0x0000000061188000 	C:\Program Files\Java\jdk1.8.0\jre\bin\java.dll
0x000000006afd0000 - 0x000000006afe6000 	C:\Program Files\Java\jdk1.8.0\jre\bin\zip.dll
0x000007fefd790000 - 0x000007fefe519000 	C:\Windows\system32\SHELL32.dll
0x000007fefd590000 - 0x000007fefd78c000 	C:\Windows\system32\ole32.dll
0x000007fefd1e0000 - 0x000007fefd1ef000 	C:\Windows\system32\profapi.dll

VM Arguments:
jvm_args: -Djava.awt.headless=true -Xmx1024M -Dfile.encoding=x-windows-950 -Duser.country=TW -Duser.language=zh -Duser.variant 
java_command: com.android.dx.command.Main --dex --force-jumbo --num-threads=4 --multi-dex --output C:\Users\Mist\Desktop\LongingForMao\app\build\intermediates\transforms\dex\debug\folders\1000\10\com.android.support-support-compat-25.0.1_a3955105da866ce6c229e127303fc5d3b4f4bdca C:\Users\Mist\Desktop\LongingForMao\app\build\intermediates\exploded-aar\com.android.support\support-compat\25.0.1\jars\classes.jar
java_class_path (initial): M:\Android\sdk\build-tools\23.0.3\lib\dx.jar
Launcher Type: SUN_STANDARD

Environment Variables:
JAVA_HOME=C:\Program Files\Java\jdk1.8.0
PATH=C:\ProgramData\Oracle\Java\javapath;C:\Program Files\Common Files\Microsoft Shared\Windows Live;C:\Program Files (x86)\Common Files\Microsoft Shared\Windows Live;C:\Program Files (x86)\Intel\iCLS Client\;C:\Program Files\Intel\iCLS Client\;C:\Windows\system32;C:\Windows;C:\Windows\System32\Wbem;C:\Windows\System32\WindowsPowerShell\v1.0\;C:\Program Files\Java\jdk1.8.0\bin;C:\Program Files\Intel\Intel(R) Management Engine Components\DAL;C:\Program Files\Intel\Intel(R) Management Engine Components\IPT;C:\Program Files (x86)\Intel\Intel(R) Management Engine Components\DAL;C:\Program Files (x86)\Intel\Intel(R) Management Engine Components\IPT;C:\Program Files\Microsoft SQL Server\110\Tools\Binn\;C:\Program Files\Common Files\Autodesk Shared\;C:\Users\Mist\AppData\Local\Android\android-sdk\platform-tools;C:\Ruby22-x64\bin;C:\MinGW\bin;C:\Program Files (x86)\NVIDIA Corporation\PhysX\Common;C:\putty;C:\Program Files (x86)\Windows Live\Shared;C:\Program Files\Git\cmd;C:\Program Files (x86)\Skype\Phone\;C:\Users\Mist\Anaconda2;C:\Users\Mist\Anaconda2\Scripts;C:\Users\Mist\Anaconda2\Library\bin;C:\Users\Mist\AppData\Local\Google\Cloud SDK\google-cloud-sdk\bin
USERNAME=Mist
OS=Windows_NT
PROCESSOR_IDENTIFIER=Intel64 Family 6 Model 60 Stepping 3, GenuineIntel



---------------  S Y S T E M  ---------------

OS: Windows 7 , 64 bit Build 7601 Service Pack 1

CPU:total 4 (4 cores per cpu, 1 threads per core) family 6 model 60 stepping 3, cmov, cx8, fxsr, mmx, sse, sse2, sse3, ssse3, sse4.1, sse4.2, popcnt, avx, avx2, aes, clmul, erms, tsc, tscinvbit

Memory: 4k page, physical 8261440k(1095876k free), swap 8259580k(4648k free)

vm_info: Java HotSpot(TM) 64-Bit Server VM (25.0-b70) for windows-amd64 JRE (1.8.0-b132), built on Mar  4 2014 03:46:18 by "java_re" with MS VC++ 10.0 (VS2010)

time: Sun Jun 04 20:20:40 2017
elapsed time: 5 seconds

