#
# There is insufficient memory for the Java Runtime Environment to continue.
# Native memory allocation (malloc) failed to allocate 720576 bytes for Chunk::new
# Possible reasons:
#   The system is out of physical RAM or swap space
#   In 32 bit mode, the process size limit was hit
# Possible solutions:
#   Reduce memory load on the system
#   Increase physical memory or swap space
#   Check if swap backing store is full
#   Use 64 bit Java on a 64 bit OS
#   Decrease Java heap size (-Xmx/-Xms)
#   Decrease number of Java threads
#   Decrease Java thread stack sizes (-Xss)
#   Set larger code cache with -XX:ReservedCodeCacheSize=
# This output file may be truncated or incomplete.
#
#  Out of Memory Error (allocation.cpp:388), pid=1120, tid=1700
#
# JRE version: Java(TM) SE Runtime Environment (8.0-b132) (build 1.8.0-b132)
# Java VM: Java HotSpot(TM) 64-Bit Server VM (25.0-b70 mixed mode windows-amd64 compressed oops)
# Failed to write core dump. Minidumps are not enabled by default on client versions of Windows
#

---------------  T H R E A D  ---------------

Current thread (0x0000000056369800):  JavaThread "C2 CompilerThread1" daemon [_thread_in_native, id=1700, stack(0x0000000056db0000,0x0000000056eb0000)]

Stack: [0x0000000056db0000,0x0000000056eb0000]
Native frames: (J=compiled Java code, j=interpreted, Vv=VM code, C=native code)
V  [jvm.dll+0x308e0a]


Current CompileTask:
C2:   2394 1204       4       com.android.dx.ssa.SCCP::simulateBranch (666 bytes)


---------------  P R O C E S S  ---------------

Java Threads: ( => current thread )
  0x0000000056618800 JavaThread "pool-2-thread-4" [_thread_blocked, id=6096, stack(0x0000000057830000,0x0000000057930000)]
  0x000000005660d800 JavaThread "pool-2-thread-3" [_thread_blocked, id=6684, stack(0x0000000057660000,0x0000000057760000)]
  0x0000000056651800 JavaThread "pool-2-thread-2" [_thread_blocked, id=2208, stack(0x0000000057380000,0x0000000057480000)]
  0x000000005664c800 JavaThread "pool-3-thread-1" [_thread_blocked, id=4556, stack(0x0000000057080000,0x0000000057180000)]
  0x000000005664c000 JavaThread "pool-2-thread-1" [_thread_blocked, id=6588, stack(0x00000000571c0000,0x00000000572c0000)]
  0x0000000056370800 JavaThread "Service Thread" daemon [_thread_blocked, id=6452, stack(0x00000000568d0000,0x00000000569d0000)]
  0x000000005636b800 JavaThread "C1 CompilerThread2" daemon [_thread_blocked, id=3856, stack(0x0000000056f60000,0x0000000057060000)]
=>0x0000000056369800 JavaThread "C2 CompilerThread1" daemon [_thread_in_native, id=1700, stack(0x0000000056db0000,0x0000000056eb0000)]
  0x0000000056367000 JavaThread "C2 CompilerThread0" daemon [_thread_in_native, id=1416, stack(0x0000000056c20000,0x0000000056d20000)]
  0x0000000056364000 JavaThread "Attach Listener" daemon [_thread_blocked, id=5876, stack(0x0000000056a20000,0x0000000056b20000)]
  0x000000005635a800 JavaThread "Signal Dispatcher" daemon [_thread_blocked, id=6476, stack(0x00000000567a0000,0x00000000568a0000)]
  0x0000000054f9e800 JavaThread "Finalizer" daemon [_thread_blocked, id=1436, stack(0x0000000055f10000,0x0000000056010000)]
  0x0000000054f99000 JavaThread "Reference Handler" daemon [_thread_blocked, id=7076, stack(0x0000000056250000,0x0000000056350000)]
  0x0000000001c4f000 JavaThread "main" [_thread_blocked, id=4552, stack(0x0000000002710000,0x0000000002810000)]

Other Threads:
  0x0000000054f95800 VMThread [stack: 0x0000000056030000,0x0000000056130000] [id=4152]
  0x0000000056374800 WatcherThread [stack: 0x0000000056130000,0x0000000056230000] [id=1164]

VM state:not at safepoint (normal execution)

VM Mutex/Monitor currently owned by a thread: None

Heap:
 PSYoungGen      total 10752K, used 10405K [0x00000000eab00000, 0x00000000ebf00000, 0x0000000100000000)
  eden space 8192K, 96% used [0x00000000eab00000,0x00000000eb2af408,0x00000000eb300000)
  from space 2560K, 99% used [0x00000000eb300000,0x00000000eb57a048,0x00000000eb580000)
  to   space 3584K, 0% used [0x00000000ebb80000,0x00000000ebb80000,0x00000000ebf00000)
 ParOldGen       total 129536K, used 2861K [0x00000000c0000000, 0x00000000c7e80000, 0x00000000eab00000)
  object space 129536K, 2% used [0x00000000c0000000,0x00000000c02cb780,0x00000000c7e80000)
 Metaspace       used 5806K, capacity 6768K, committed 7040K, reserved 1056768K
  class space    used 593K, capacity 616K, committed 640K, reserved 1048576K

Card table byte_map: [0x0000000011bd0000,0x0000000011de0000] byte_map_base: 0x00000000115d0000

Marking Bits: (ParMarkBitMap*) 0x000000005dc013b0
 Begin Bits: [0x0000000012410000, 0x0000000013410000)
 End Bits:   [0x0000000013410000, 0x0000000014410000)

Polling page: 0x0000000000170000

CodeCache: size=245760Kb used=4883Kb max_used=4883Kb free=240876Kb
 bounds [0x0000000002810000, 0x0000000002ce0000, 0x0000000011810000]
 total_blobs=1540 nmethods=1274 adapters=180
 compilation: enabled

Compilation events (10 events):
Event: 2.380 Thread 0x000000005636b800 nmethod 1275 0x0000000002cd5650 code [0x0000000002cd5860, 0x0000000002cd62f8]
Event: 2.380 Thread 0x000000005636b800 1276       3       com.android.dx.rop.cst.CstBaseMethodRef::getPrototype (41 bytes)
Event: 2.380 Thread 0x0000000056367000 1278       4       com.android.dx.ssa.LiteralOpUpgrader$1::visitNonMoveInsn (203 bytes)
Event: 2.380 Thread 0x000000005636b800 nmethod 1276 0x0000000002cd5010 code [0x0000000002cd5180, 0x0000000002cd5568]
Event: 2.380 Thread 0x000000005636b800 1272       3       com.android.dx.ssa.BasicRegisterMapper::<init> (17 bytes)
Event: 2.380 Thread 0x000000005636b800 nmethod 1272 0x0000000002cd4ad0 code [0x0000000002cd4c40, 0x0000000002cd4ee8]
Event: 2.380 Thread 0x000000005636b800 1269       3       com.android.dx.cf.code.BasicBlocker::visitBranch (98 bytes)
Event: 2.381 Thread 0x000000005636b800 nmethod 1269 0x0000000002cd6890 code [0x0000000002cd6b80, 0x0000000002cd7f98]
Event: 2.381 Thread 0x000000005636b800 1270       3       com.android.dx.cf.code.Simulator$SimVisitor::visitBranch (341 bytes)
Event: 2.381 Thread 0x000000005636b800 nmethod 1270 0x0000000002cd9450 code [0x0000000002cd96e0, 0x0000000002cda4a8]

GC Heap History (10 events):
Event: 1.257 GC heap before
{Heap before GC invocations=5 (full 0):
 PSYoungGen      total 2560K, used 2557K [0x00000000eab00000, 0x00000000eae00000, 0x0000000100000000)
  eden space 2048K, 100% used [0x00000000eab00000,0x00000000ead00000,0x00000000ead00000)
  from space 512K, 99% used [0x00000000ead80000,0x00000000eadff630,0x00000000eae00000)
  to   space 512K, 0% used [0x00000000ead00000,0x00000000ead00000,0x00000000ead80000)
 ParOldGen       total 129536K, used 556K [0x00000000c0000000, 0x00000000c7e80000, 0x00000000eab00000)
  object space 129536K, 0% used [0x00000000c0000000,0x00000000c008b100,0x00000000c7e80000)
 Metaspace       used 3831K, capacity 5104K, committed 5376K, reserved 1056768K
  class space    used 430K, capacity 488K, committed 512K, reserved 1048576K
Event: 1.538 GC heap after
Heap after GC invocations=5 (full 0):
 PSYoungGen      total 2560K, used 500K [0x00000000eab00000, 0x00000000eb200000, 0x0000000100000000)
  eden space 2048K, 0% used [0x00000000eab00000,0x00000000eab00000,0x00000000ead00000)
  from space 512K, 97% used [0x00000000ead00000,0x00000000ead7d270,0x00000000ead80000)
  to   space 1536K, 0% used [0x00000000eb080000,0x00000000eb080000,0x00000000eb200000)
 ParOldGen       total 129536K, used 954K [0x00000000c0000000, 0x00000000c7e80000, 0x00000000eab00000)
  object space 129536K, 0% used [0x00000000c0000000,0x00000000c00eead8,0x00000000c7e80000)
 Metaspace       used 3831K, capacity 5104K, committed 5376K, reserved 1056768K
  class space    used 430K, capacity 488K, committed 512K, reserved 1048576K
}
Event: 1.623 GC heap before
{Heap before GC invocations=6 (full 0):
 PSYoungGen      total 2560K, used 2522K [0x00000000eab00000, 0x00000000eb200000, 0x0000000100000000)
  eden space 2048K, 98% used [0x00000000eab00000,0x00000000eacf9848,0x00000000ead00000)
  from space 512K, 97% used [0x00000000ead00000,0x00000000ead7d270,0x00000000ead80000)
  to   space 1536K, 0% used [0x00000000eb080000,0x00000000eb080000,0x00000000eb200000)
 ParOldGen       total 129536K, used 954K [0x00000000c0000000, 0x00000000c7e80000, 0x00000000eab00000)
  object space 129536K, 0% used [0x00000000c0000000,0x00000000c00eead8,0x00000000c7e80000)
 Metaspace       used 4209K, capacity 5392K, committed 5760K, reserved 1056768K
  class space    used 475K, capacity 520K, committed 640K, reserved 1048576K
Event: 1.642 GC heap after
Heap after GC invocations=6 (full 0):
 PSYoungGen      total 5632K, used 1375K [0x00000000eab00000, 0x00000000eb200000, 0x0000000100000000)
  eden space 4096K, 0% used [0x00000000eab00000,0x00000000eab00000,0x00000000eaf00000)
  from space 1536K, 89% used [0x00000000eb080000,0x00000000eb1d7ca0,0x00000000eb200000)
  to   space 1536K, 0% used [0x00000000eaf00000,0x00000000eaf00000,0x00000000eb080000)
 ParOldGen       total 129536K, used 954K [0x00000000c0000000, 0x00000000c7e80000, 0x00000000eab00000)
  object space 129536K, 0% used [0x00000000c0000000,0x00000000c00eead8,0x00000000c7e80000)
 Metaspace       used 4209K, capacity 5392K, committed 5760K, reserved 1056768K
  class space    used 475K, capacity 520K, committed 640K, reserved 1048576K
}
Event: 1.849 GC heap before
{Heap before GC invocations=7 (full 0):
 PSYoungGen      total 5632K, used 5465K [0x00000000eab00000, 0x00000000eb200000, 0x0000000100000000)
  eden space 4096K, 99% used [0x00000000eab00000,0x00000000eaefe930,0x00000000eaf00000)
  from space 1536K, 89% used [0x00000000eb080000,0x00000000eb1d7ca0,0x00000000eb200000)
  to   space 1536K, 0% used [0x00000000eaf00000,0x00000000eaf00000,0x00000000eb080000)
 ParOldGen       total 129536K, used 954K [0x00000000c0000000, 0x00000000c7e80000, 0x00000000eab00000)
  object space 129536K, 0% used [0x00000000c0000000,0x00000000c00eead8,0x00000000c7e80000)
 Metaspace       used 5320K, capacity 6384K, committed 6528K, reserved 1056768K
  class space    used 582K, capacity 616K, committed 640K, reserved 1048576K
Event: 1.998 GC heap after
Heap after GC invocations=7 (full 0):
 PSYoungGen      total 5632K, used 1510K [0x00000000eab00000, 0x00000000eb800000, 0x0000000100000000)
  eden space 4096K, 0% used [0x00000000eab00000,0x00000000eab00000,0x00000000eaf00000)
  from space 1536K, 98% used [0x00000000eaf00000,0x00000000eb0798e8,0x00000000eb080000)
  to   space 2560K, 0% used [0x00000000eb580000,0x00000000eb580000,0x00000000eb800000)
 ParOldGen       total 129536K, used 1950K [0x00000000c0000000, 0x00000000c7e80000, 0x00000000eab00000)
  object space 129536K, 1% used [0x00000000c0000000,0x00000000c01e7a08,0x00000000c7e80000)
 Metaspace       used 5320K, capacity 6384K, committed 6528K, reserved 1056768K
  class space    used 582K, capacity 616K, committed 640K, reserved 1048576K
}
Event: 2.066 GC heap before
{Heap before GC invocations=8 (full 0):
 PSYoungGen      total 5632K, used 5606K [0x00000000eab00000, 0x00000000eb800000, 0x0000000100000000)
  eden space 4096K, 100% used [0x00000000eab00000,0x00000000eaf00000,0x00000000eaf00000)
  from space 1536K, 98% used [0x00000000eaf00000,0x00000000eb0798e8,0x00000000eb080000)
  to   space 2560K, 0% used [0x00000000eb580000,0x00000000eb580000,0x00000000eb800000)
 ParOldGen       total 129536K, used 1950K [0x00000000c0000000, 0x00000000c7e80000, 0x00000000eab00000)
  object space 129536K, 1% used [0x00000000c0000000,0x00000000c01e7a08,0x00000000c7e80000)
 Metaspace       used 5597K, capacity 6576K, committed 6784K, reserved 1056768K
  class space    used 592K, capacity 616K, committed 640K, reserved 1048576K
Event: 2.087 GC heap after
Heap after GC invocations=8 (full 0):
 PSYoungGen      total 10752K, used 1961K [0x00000000eab00000, 0x00000000eb800000, 0x0000000100000000)
  eden space 8192K, 0% used [0x00000000eab00000,0x00000000eab00000,0x00000000eb300000)
  from space 2560K, 76% used [0x00000000eb580000,0x00000000eb76a708,0x00000000eb800000)
  to   space 2560K, 0% used [0x00000000eb300000,0x00000000eb300000,0x00000000eb580000)
 ParOldGen       total 129536K, used 2062K [0x00000000c0000000, 0x00000000c7e80000, 0x00000000eab00000)
  object space 129536K, 1% used [0x00000000c0000000,0x00000000c0203a28,0x00000000c7e80000)
 Metaspace       used 5597K, capacity 6576K, committed 6784K, reserved 1056768K
  class space    used 592K, capacity 616K, committed 640K, reserved 1048576K
}
Event: 2.185 GC heap before
{Heap before GC invocations=9 (full 0):
 PSYoungGen      total 10752K, used 10153K [0x00000000eab00000, 0x00000000eb800000, 0x0000000100000000)
  eden space 8192K, 100% used [0x00000000eab00000,0x00000000eb300000,0x00000000eb300000)
  from space 2560K, 76% used [0x00000000eb580000,0x00000000eb76a708,0x00000000eb800000)
  to   space 2560K, 0% used [0x00000000eb300000,0x00000000eb300000,0x00000000eb580000)
 ParOldGen       total 129536K, used 2062K [0x00000000c0000000, 0x00000000c7e80000, 0x00000000eab00000)
  object space 129536K, 1% used [0x00000000c0000000,0x00000000c0203a28,0x00000000c7e80000)
 Metaspace       used 5680K, capacity 6704K, committed 6784K, reserved 1056768K
  class space    used 593K, capacity 616K, committed 640K, reserved 1048576K
Event: 2.198 GC heap after
Heap after GC invocations=9 (full 0):
 PSYoungGen      total 10752K, used 2536K [0x00000000eab00000, 0x00000000ebf00000, 0x0000000100000000)
  eden space 8192K, 0% used [0x00000000eab00000,0x00000000eab00000,0x00000000eb300000)
  from space 2560K, 99% used [0x00000000eb300000,0x00000000eb57a048,0x00000000eb580000)
  to   space 3584K, 0% used [0x00000000ebb80000,0x00000000ebb80000,0x00000000ebf00000)
 ParOldGen       total 129536K, used 2861K [0x00000000c0000000, 0x00000000c7e80000, 0x00000000eab00000)
  object space 129536K, 2% used [0x00000000c0000000,0x00000000c02cb780,0x00000000c7e80000)
 Metaspace       used 5680K, capacity 6704K, committed 6784K, reserved 1056768K
  class space    used 593K, capacity 616K, committed 640K, reserved 1048576K
}

Deoptimization events (10 events):
Event: 2.111 Thread 0x0000000056651800 Uncommon trap: reason=class_check action=maybe_recompile pc=0x0000000002a91c20 method=com.android.dx.ssa.NormalSsaInsn.accept(Lcom/android/dx/ssa/SsaInsn$Visitor;)V @ 9
Event: 2.111 Thread 0x0000000056651800 Uncommon trap: reason=class_check action=maybe_recompile pc=0x0000000002a91c20 method=com.android.dx.ssa.NormalSsaInsn.accept(Lcom/android/dx/ssa/SsaInsn$Visitor;)V @ 9
Event: 2.112 Thread 0x0000000056651800 Uncommon trap: reason=class_check action=maybe_recompile pc=0x0000000002a91c20 method=com.android.dx.ssa.NormalSsaInsn.accept(Lcom/android/dx/ssa/SsaInsn$Visitor;)V @ 9
Event: 2.129 Thread 0x0000000001c4f000 Uncommon trap: reason=unreached action=reinterpret pc=0x0000000002acb704 method=com.android.dx.rop.cst.Constant.compareTo(Lcom/android/dx/rop/cst/Constant;)I @ 12
Event: 2.164 Thread 0x0000000001c4f000 Uncommon trap: reason=class_check action=maybe_recompile pc=0x0000000002adeff0 method=com.android.dx.ssa.NormalSsaInsn.accept(Lcom/android/dx/ssa/SsaInsn$Visitor;)V @ 9
Event: 2.296 Thread 0x0000000001c4f000 Uncommon trap: reason=bimorphic action=maybe_recompile pc=0x0000000002a7e19c method=java.util.HashMap.getNode(ILjava/lang/Object;)Ljava/util/HashMap$Node; @ 126
Event: 2.296 Thread 0x0000000001c4f000 Uncommon trap: reason=bimorphic action=maybe_recompile pc=0x0000000002a7e19c method=java.util.HashMap.getNode(ILjava/lang/Object;)Ljava/util/HashMap$Node; @ 126
Event: 2.296 Thread 0x0000000001c4f000 Uncommon trap: reason=bimorphic action=maybe_recompile pc=0x0000000002a7e19c method=java.util.HashMap.getNode(ILjava/lang/Object;)Ljava/util/HashMap$Node; @ 126
Event: 2.296 Thread 0x0000000001c4f000 Uncommon trap: reason=bimorphic action=maybe_recompile pc=0x0000000002a7e19c method=java.util.HashMap.getNode(ILjava/lang/Object;)Ljava/util/HashMap$Node; @ 126
Event: 2.296 Thread 0x0000000001c4f000 Uncommon trap: reason=bimorphic action=maybe_recompile pc=0x0000000002a616fc method=java.util.HashMap.getNode(ILjava/lang/Object;)Ljava/util/HashMap$Node; @ 126

Internal exceptions (10 events):
Event: 2.012 Thread 0x0000000056618800 Exception <a 'java/security/PrivilegedActionException'> (0x00000000eab24f78) thrown at [D:\re\workspace\8-2-build-windows-amd64-cygwin\jdk8\2238\hotspot\src\share\vm\prims\jvm.cpp, line 1248]
Event: 2.016 Thread 0x000000005664c000 Exception <a 'java/security/PrivilegedActionException'> (0x00000000eab52750) thrown at [D:\re\workspace\8-2-build-windows-amd64-cygwin\jdk8\2238\hotspot\src\share\vm\prims\jvm.cpp, line 1248]
Event: 2.022 Thread 0x000000005664c000 Exception <a 'java/security/PrivilegedActionException'> (0x00000000eab80478) thrown at [D:\re\workspace\8-2-build-windows-amd64-cygwin\jdk8\2238\hotspot\src\share\vm\prims\jvm.cpp, line 1248]
Event: 2.026 Thread 0x000000005664c000 Exception <a 'java/security/PrivilegedActionException'> (0x00000000eabd0b98) thrown at [D:\re\workspace\8-2-build-windows-amd64-cygwin\jdk8\2238\hotspot\src\share\vm\prims\jvm.cpp, line 1248]
Event: 2.032 Thread 0x0000000056618800 Exception <a 'java/security/PrivilegedActionException'> (0x00000000eac832b8) thrown at [D:\re\workspace\8-2-build-windows-amd64-cygwin\jdk8\2238\hotspot\src\share\vm\prims\jvm.cpp, line 1248]
Event: 2.035 Thread 0x0000000056651800 Exception <a 'java/security/PrivilegedActionException'> (0x00000000eacee7e0) thrown at [D:\re\workspace\8-2-build-windows-amd64-cygwin\jdk8\2238\hotspot\src\share\vm\prims\jvm.cpp, line 1248]
Event: 2.035 Thread 0x0000000056651800 Exception <a 'java/security/PrivilegedActionException'> (0x00000000eacff1c8) thrown at [D:\re\workspace\8-2-build-windows-amd64-cygwin\jdk8\2238\hotspot\src\share\vm\prims\jvm.cpp, line 1248]
Event: 2.037 Thread 0x0000000056651800 Exception <a 'java/security/PrivilegedActionException'> (0x00000000ead22650) thrown at [D:\re\workspace\8-2-build-windows-amd64-cygwin\jdk8\2238\hotspot\src\share\vm\prims\jvm.cpp, line 1248]
Event: 2.055 Thread 0x0000000056651800 Exception <a 'java/security/PrivilegedActionException'> (0x00000000eae64e78) thrown at [D:\re\workspace\8-2-build-windows-amd64-cygwin\jdk8\2238\hotspot\src\share\vm\prims\jvm.cpp, line 1248]
Event: 2.119 Thread 0x0000000056651800 Exception <a 'java/security/PrivilegedActionException'> (0x00000000eac849e8) thrown at [D:\re\workspace\8-2-build-windows-amd64-cygwin\jdk8\2238\hotspot\src\share\vm\prims\jvm.cpp, line 1248]

Events (10 events):
Event: 2.296 Thread 0x0000000001c4f000 DEOPT UNPACKING pc=0x00000000028555af sp=0x000000000280e718 mode 2
Event: 2.296 Thread 0x0000000001c4f000 Uncommon trap: trap_request=0xffffffc6 fr.pc=0x0000000002a7e19c
Event: 2.296 Thread 0x0000000001c4f000 DEOPT PACKING pc=0x0000000002a7e19c sp=0x000000000280e800
Event: 2.296 Thread 0x0000000001c4f000 DEOPT UNPACKING pc=0x00000000028555af sp=0x000000000280e718 mode 2
Event: 2.296 Thread 0x0000000001c4f000 Uncommon trap: trap_request=0xffffffc6 fr.pc=0x0000000002a7e19c
Event: 2.296 Thread 0x0000000001c4f000 DEOPT PACKING pc=0x0000000002a7e19c sp=0x000000000280e800
Event: 2.296 Thread 0x0000000001c4f000 DEOPT UNPACKING pc=0x00000000028555af sp=0x000000000280e718 mode 2
Event: 2.296 Thread 0x0000000001c4f000 Uncommon trap: trap_request=0xffffffc6 fr.pc=0x0000000002a616fc
Event: 2.296 Thread 0x0000000001c4f000 DEOPT PACKING pc=0x0000000002a616fc sp=0x000000000280e490
Event: 2.296 Thread 0x0000000001c4f000 DEOPT UNPACKING pc=0x00000000028555af sp=0x000000000280e418 mode 2


Dynamic libraries:
0x000000013fdc0000 - 0x000000013fdf4000 	C:\Program Files\Java\jdk1.8.0\bin\java.exe
0x00000000774e0000 - 0x000000007768a000 	C:\Windows\SYSTEM32\ntdll.dll
0x000007fef5dd0000 - 0x000007fef5e03000 	C:\Program Files\AVAST Software\Avast\x64\aswhooka.dll
0x00000000773c0000 - 0x00000000774df000 	C:\Windows\system32\kernel32.dll
0x000007fefd2c0000 - 0x000007fefd32a000 	C:\Windows\system32\KERNELBASE.dll
0x000007fefeca0000 - 0x000007fefed7b000 	C:\Windows\system32\ADVAPI32.dll
0x000007fefeea0000 - 0x000007fefef3f000 	C:\Windows\system32\msvcrt.dll
0x000007feff7d0000 - 0x000007feff7ef000 	C:\Windows\SYSTEM32\sechost.dll
0x000007feff320000 - 0x000007feff44d000 	C:\Windows\system32\RPCRT4.dll
0x00000000772c0000 - 0x00000000773ba000 	C:\Windows\system32\USER32.dll
0x000007fefea00000 - 0x000007fefea67000 	C:\Windows\system32\GDI32.dll
0x000007fefed80000 - 0x000007fefed8e000 	C:\Windows\system32\LPK.dll
0x000007fefe620000 - 0x000007fefe6ea000 	C:\Windows\system32\USP10.dll
0x000007fefba80000 - 0x000007fefbc74000 	C:\Windows\WinSxS\amd64_microsoft.windows.common-controls_6595b64144ccf1df_6.0.7601.18837_none_fa3b1e3d17594757\COMCTL32.dll
0x000007fefe520000 - 0x000007fefe591000 	C:\Windows\system32\SHLWAPI.dll
0x000007feff7a0000 - 0x000007feff7ce000 	C:\Windows\system32\IMM32.DLL
0x000007fefed90000 - 0x000007fefee99000 	C:\Windows\system32\MSCTF.dll
0x000000005d020000 - 0x000000005d0f2000 	C:\Program Files\Java\jdk1.8.0\jre\bin\msvcr100.dll
0x000000005d450000 - 0x000000005dc7a000 	C:\Program Files\Java\jdk1.8.0\jre\bin\server\jvm.dll
0x000007fefaae0000 - 0x000007fefaae9000 	C:\Windows\system32\WSOCK32.dll
0x000007fefe6f0000 - 0x000007fefe73d000 	C:\Windows\system32\WS2_32.dll
0x000007fefef40000 - 0x000007fefef48000 	C:\Windows\system32\NSI.dll
0x000007fefaea0000 - 0x000007fefaedb000 	C:\Windows\system32\WINMM.dll
0x00000000776a0000 - 0x00000000776a7000 	C:\Windows\system32\PSAPI.DLL
0x00000000728a0000 - 0x00000000728af000 	C:\Program Files\Java\jdk1.8.0\jre\bin\verify.dll
0x0000000061160000 - 0x0000000061188000 	C:\Program Files\Java\jdk1.8.0\jre\bin\java.dll
0x000000006afd0000 - 0x000000006afe6000 	C:\Program Files\Java\jdk1.8.0\jre\bin\zip.dll
0x000007fefd790000 - 0x000007fefe519000 	C:\Windows\system32\SHELL32.dll
0x000007fefd590000 - 0x000007fefd78c000 	C:\Windows\system32\ole32.dll
0x000007fefd1e0000 - 0x000007fefd1ef000 	C:\Windows\system32\profapi.dll
0x000007fef7020000 - 0x000007fef7145000 	C:\Windows\system32\dbghelp.dll

VM Arguments:
jvm_args: -Djava.awt.headless=true -Xmx1024M -Dfile.encoding=x-windows-950 -Duser.country=TW -Duser.language=zh -Duser.variant 
java_command: com.android.dx.command.Main --dex --force-jumbo --num-threads=4 --multi-dex --output C:\Users\Mist\Desktop\LongingForMao\app\build\intermediates\transforms\dex\debug\folders\1000\10\com.android.support-mediarouter-v7-24.0.0_998d692e0024d42e82ad06f2be2ee8dfe5d731db C:\Users\Mist\Desktop\LongingForMao\app\build\intermediates\exploded-aar\com.android.support\mediarouter-v7\24.0.0\jars\classes.jar
java_class_path (initial): M:\Android\sdk\build-tools\23.0.3\lib\dx.jar
Launcher Type: SUN_STANDARD

Environment Variables:
JAVA_HOME=C:\Program Files\Java\jdk1.8.0
PATH=C:\ProgramData\Oracle\Java\javapath;C:\Program Files\Common Files\Microsoft Shared\Windows Live;C:\Program Files (x86)\Common Files\Microsoft Shared\Windows Live;C:\Program Files (x86)\Intel\iCLS Client\;C:\Program Files\Intel\iCLS Client\;C:\Windows\system32;C:\Windows;C:\Windows\System32\Wbem;C:\Windows\System32\WindowsPowerShell\v1.0\;C:\Program Files\Java\jdk1.8.0\bin;C:\Program Files\Intel\Intel(R) Management Engine Components\DAL;C:\Program Files\Intel\Intel(R) Management Engine Components\IPT;C:\Program Files (x86)\Intel\Intel(R) Management Engine Components\DAL;C:\Program Files (x86)\Intel\Intel(R) Management Engine Components\IPT;C:\Program Files\Microsoft SQL Server\110\Tools\Binn\;C:\Program Files\Common Files\Autodesk Shared\;C:\Users\Mist\AppData\Local\Android\android-sdk\platform-tools;C:\Ruby22-x64\bin;C:\MinGW\bin;C:\Program Files (x86)\NVIDIA Corporation\PhysX\Common;C:\putty;C:\Program Files (x86)\Windows Live\Shared;C:\Program Files\Git\cmd;C:\Program Files (x86)\Skype\Phone\;C:\Users\Mist\Anaconda2;C:\Users\Mist\Anaconda2\Scripts;C:\Users\Mist\Anaconda2\Library\bin;C:\Users\Mist\AppData\Local\Google\Cloud SDK\google-cloud-sdk\bin
USERNAME=Mist
OS=Windows_NT
PROCESSOR_IDENTIFIER=Intel64 Family 6 Model 60 Stepping 3, GenuineIntel



---------------  S Y S T E M  ---------------

OS: Windows 7 , 64 bit Build 7601 Service Pack 1

CPU:total 4 (4 cores per cpu, 1 threads per core) family 6 model 60 stepping 3, cmov, cx8, fxsr, mmx, sse, sse2, sse3, ssse3, sse4.1, sse4.2, popcnt, avx, avx2, aes, clmul, erms, tsc, tscinvbit

Memory: 4k page, physical 8261440k(1093040k free), swap 8259580k(4552k free)

vm_info: Java HotSpot(TM) 64-Bit Server VM (25.0-b70) for windows-amd64 JRE (1.8.0-b132), built on Mar  4 2014 03:46:18 by "java_re" with MS VC++ 10.0 (VS2010)

time: Sun Jun 04 20:20:24 2017
elapsed time: 2 seconds

