#
# There is insufficient memory for the Java Runtime Environment to continue.
# Native memory allocation (malloc) failed to allocate 1574736 bytes for Chunk::new
# Possible reasons:
#   The system is out of physical RAM or swap space
#   In 32 bit mode, the process size limit was hit
# Possible solutions:
#   Reduce memory load on the system
#   Increase physical memory or swap space
#   Check if swap backing store is full
#   Use 64 bit Java on a 64 bit OS
#   Decrease Java heap size (-Xmx/-Xms)
#   Decrease number of Java threads
#   Decrease Java thread stack sizes (-Xss)
#   Set larger code cache with -XX:ReservedCodeCacheSize=
# This output file may be truncated or incomplete.
#
#  Out of Memory Error (allocation.cpp:388), pid=2664, tid=3912
#
# JRE version: Java(TM) SE Runtime Environment (8.0-b132) (build 1.8.0-b132)
# Java VM: Java HotSpot(TM) 64-Bit Server VM (25.0-b70 mixed mode windows-amd64 compressed oops)
# Failed to write core dump. Minidumps are not enabled by default on client versions of Windows
#

---------------  T H R E A D  ---------------

Current thread (0x0000000056527800):  JavaThread "C2 CompilerThread1" daemon [_thread_in_native, id=3912, stack(0x0000000056dd0000,0x0000000056ed0000)]

Stack: [0x0000000056dd0000,0x0000000056ed0000]
Native frames: (J=compiled Java code, j=interpreted, Vv=VM code, C=native code)
V  [jvm.dll+0x308e0a]


Current CompileTask:
C2:  17685 2169       4       com.android.dx.cf.code.Simulator$SimVisitor::visitNoArgs (2108 bytes)


---------------  P R O C E S S  ---------------

Java Threads: ( => current thread )
  0x00000000568c2000 JavaThread "pool-2-thread-4" [_thread_blocked, id=7056, stack(0x0000000058090000,0x0000000058190000)]
  0x00000000567fb800 JavaThread "pool-2-thread-3" [_thread_blocked, id=6848, stack(0x0000000057f40000,0x0000000058040000)]
  0x00000000567fb000 JavaThread "pool-2-thread-2" [_thread_blocked, id=2556, stack(0x0000000057d20000,0x0000000057e20000)]
  0x00000000567fa000 JavaThread "pool-3-thread-1" [_thread_blocked, id=7012, stack(0x0000000057a20000,0x0000000057b20000)]
  0x00000000567ea000 JavaThread "pool-2-thread-1" [_thread_blocked, id=3408, stack(0x0000000057b70000,0x0000000057c70000)]
  0x000000005652e000 JavaThread "Service Thread" daemon [_thread_blocked, id=2344, stack(0x00000000570a0000,0x00000000571a0000)]
  0x0000000056529000 JavaThread "C1 CompilerThread2" daemon [_thread_blocked, id=2028, stack(0x0000000056940000,0x0000000056a40000)]
=>0x0000000056527800 JavaThread "C2 CompilerThread1" daemon [_thread_in_native, id=3912, stack(0x0000000056dd0000,0x0000000056ed0000)]
  0x0000000056520000 JavaThread "C2 CompilerThread0" daemon [_thread_in_native, id=7084, stack(0x0000000056b80000,0x0000000056c80000)]
  0x000000005651e800 JavaThread "Attach Listener" daemon [_thread_blocked, id=960, stack(0x0000000056ca0000,0x0000000056da0000)]
  0x000000005651e000 JavaThread "Signal Dispatcher" daemon [_thread_blocked, id=3720, stack(0x0000000056a80000,0x0000000056b80000)]
  0x000000005513e800 JavaThread "Finalizer" daemon [_thread_blocked, id=5640, stack(0x0000000056410000,0x0000000056510000)]
  0x0000000055139000 JavaThread "Reference Handler" daemon [_thread_blocked, id=6540, stack(0x00000000561b0000,0x00000000562b0000)]
  0x000000000029f000 JavaThread "main" [_thread_in_native, id=6356, stack(0x00000000027c0000,0x00000000028c0000)]

Other Threads:
  0x0000000055135800 VMThread [stack: 0x0000000056310000,0x0000000056410000] [id=7144]
  0x0000000056532000 WatcherThread [stack: 0x0000000056f30000,0x0000000057030000] [id=1780]

VM state:not at safepoint (normal execution)

VM Mutex/Monitor currently owned by a thread: None

Heap:
 PSYoungGen      total 219136K, used 155372K [0x00000000eab00000, 0x00000000ff300000, 0x0000000100000000)
  eden space 123392K, 78% used [0x00000000eab00000,0x00000000f0992970,0x00000000f2380000)
  from space 95744K, 61% used [0x00000000f2380000,0x00000000f5ca8720,0x00000000f8100000)
  to   space 97792K, 0% used [0x00000000f9380000,0x00000000f9380000,0x00000000ff300000)
 ParOldGen       total 153088K, used 117984K [0x00000000c0000000, 0x00000000c9580000, 0x00000000eab00000)
  object space 153088K, 77% used [0x00000000c0000000,0x00000000c73380c8,0x00000000c9580000)
 Metaspace       used 6099K, capacity 7000K, committed 7168K, reserved 1056768K
  class space    used 615K, capacity 656K, committed 768K, reserved 1048576K

Card table byte_map: [0x0000000011c80000,0x0000000011e90000] byte_map_base: 0x0000000011680000

Marking Bits: (ParMarkBitMap*) 0x000000005d5513b0
 Begin Bits: [0x00000000125b0000, 0x00000000135b0000)
 End Bits:   [0x00000000135b0000, 0x00000000145b0000)

Polling page: 0x0000000000260000

CodeCache: size=245760Kb used=10452Kb max_used=10467Kb free=235307Kb
 bounds [0x00000000028c0000, 0x0000000003310000, 0x00000000118c0000]
 total_blobs=2366 nmethods=2100 adapters=179
 compilation: enabled

Compilation events (10 events):
Event: 17.180 Thread 0x0000000056529000 nmethod 2164 0x00000000032ebed0 code [0x00000000032ec040, 0x00000000032ec3c8]
Event: 17.283 Thread 0x0000000056527800 2165       4       com.android.dx.rop.cst.CstType::compareTo0 (25 bytes)
Event: 17.284 Thread 0x0000000056527800 nmethod 2165 0x00000000032ed2d0 code [0x00000000032ed420, 0x00000000032ed5f8]
Event: 17.526 Thread 0x0000000056529000 2166       3       java.util.concurrent.locks.ReentrantLock$NonfairSync::tryAcquire (6 bytes)
Event: 17.526 Thread 0x0000000056529000 nmethod 2166 0x00000000032e36d0 code [0x00000000032e3840, 0x00000000032e3a48]
Event: 17.526 Thread 0x0000000056529000 2167       3       java.util.concurrent.locks.ReentrantLock$Sync::nonfairTryAcquire (67 bytes)
Event: 17.526 Thread 0x0000000056529000 nmethod 2167 0x00000000032eb4d0 code [0x00000000032eb660, 0x00000000032ebd48]
Event: 17.623 Thread 0x0000000056529000 2168       3       java.util.concurrent.locks.AbstractQueuedSynchronizer::enq (58 bytes)
Event: 17.623 Thread 0x0000000056529000 nmethod 2168 0x00000000032efd10 code [0x00000000032efea0, 0x00000000032f0390]
Event: 17.631 Thread 0x0000000056527800 2169       4       com.android.dx.cf.code.Simulator$SimVisitor::visitNoArgs (2108 bytes)

GC Heap History (10 events):
Event: 10.976 GC heap before
{Heap before GC invocations=33 (full 5):
 PSYoungGen      total 175616K, used 98304K [0x00000000eab00000, 0x00000000fb800000, 0x0000000100000000)
  eden space 98304K, 100% used [0x00000000eab00000,0x00000000f0b00000,0x00000000f0b00000)
  from space 77312K, 0% used [0x00000000f0b00000,0x00000000f0b00000,0x00000000f5680000)
  to   space 81408K, 0% used [0x00000000f6880000,0x00000000f6880000,0x00000000fb800000)
 ParOldGen       total 144896K, used 108587K [0x00000000c0000000, 0x00000000c8d80000, 0x00000000eab00000)
  object space 144896K, 74% used [0x00000000c0000000,0x00000000c6a0af10,0x00000000c8d80000)
 Metaspace       used 6075K, capacity 7000K, committed 7168K, reserved 1056768K
  class space    used 614K, capacity 656K, committed 768K, reserved 1048576K
Event: 11.058 GC heap after
Heap after GC invocations=33 (full 5):
 PSYoungGen      total 185856K, used 38334K [0x00000000eab00000, 0x00000000fb200000, 0x0000000100000000)
  eden space 110592K, 0% used [0x00000000eab00000,0x00000000eab00000,0x00000000f1700000)
  from space 75264K, 50% used [0x00000000f6880000,0x00000000f8def9a0,0x00000000fb200000)
  to   space 79360K, 0% used [0x00000000f1700000,0x00000000f1700000,0x00000000f6480000)
 ParOldGen       total 144896K, used 108587K [0x00000000c0000000, 0x00000000c8d80000, 0x00000000eab00000)
  object space 144896K, 74% used [0x00000000c0000000,0x00000000c6a0af10,0x00000000c8d80000)
 Metaspace       used 6075K, capacity 7000K, committed 7168K, reserved 1056768K
  class space    used 614K, capacity 656K, committed 768K, reserved 1048576K
}
Event: 11.365 GC heap before
{Heap before GC invocations=34 (full 5):
 PSYoungGen      total 185856K, used 148926K [0x00000000eab00000, 0x00000000fb200000, 0x0000000100000000)
  eden space 110592K, 100% used [0x00000000eab00000,0x00000000f1700000,0x00000000f1700000)
  from space 75264K, 50% used [0x00000000f6880000,0x00000000f8def9a0,0x00000000fb200000)
  to   space 79360K, 0% used [0x00000000f1700000,0x00000000f1700000,0x00000000f6480000)
 ParOldGen       total 144896K, used 108587K [0x00000000c0000000, 0x00000000c8d80000, 0x00000000eab00000)
  object space 144896K, 74% used [0x00000000c0000000,0x00000000c6a0af10,0x00000000c8d80000)
 Metaspace       used 6075K, capacity 7000K, committed 7168K, reserved 1056768K
  class space    used 614K, capacity 656K, committed 768K, reserved 1048576K
Event: 11.480 GC heap after
Heap after GC invocations=34 (full 5):
 PSYoungGen      total 189952K, used 79345K [0x00000000eab00000, 0x00000000fe200000, 0x0000000100000000)
  eden space 110592K, 0% used [0x00000000eab00000,0x00000000eab00000,0x00000000f1700000)
  from space 79360K, 99% used [0x00000000f1700000,0x00000000f647c5b8,0x00000000f6480000)
  to   space 96768K, 0% used [0x00000000f8380000,0x00000000f8380000,0x00000000fe200000)
 ParOldGen       total 144896K, used 119371K [0x00000000c0000000, 0x00000000c8d80000, 0x00000000eab00000)
  object space 144896K, 82% used [0x00000000c0000000,0x00000000c7492f10,0x00000000c8d80000)
 Metaspace       used 6075K, capacity 7000K, committed 7168K, reserved 1056768K
  class space    used 614K, capacity 656K, committed 768K, reserved 1048576K
}
Event: 11.480 GC heap before
{Heap before GC invocations=35 (full 6):
 PSYoungGen      total 189952K, used 79345K [0x00000000eab00000, 0x00000000fe200000, 0x0000000100000000)
  eden space 110592K, 0% used [0x00000000eab00000,0x00000000eab00000,0x00000000f1700000)
  from space 79360K, 99% used [0x00000000f1700000,0x00000000f647c5b8,0x00000000f6480000)
  to   space 96768K, 0% used [0x00000000f8380000,0x00000000f8380000,0x00000000fe200000)
 ParOldGen       total 144896K, used 119371K [0x00000000c0000000, 0x00000000c8d80000, 0x00000000eab00000)
  object space 144896K, 82% used [0x00000000c0000000,0x00000000c7492f10,0x00000000c8d80000)
 Metaspace       used 6075K, capacity 7000K, committed 7168K, reserved 1056768K
  class space    used 614K, capacity 656K, committed 768K, reserved 1048576K
Event: 12.035 GC heap after
Heap after GC invocations=35 (full 6):
 PSYoungGen      total 189952K, used 0K [0x00000000eab00000, 0x00000000fe200000, 0x0000000100000000)
  eden space 110592K, 0% used [0x00000000eab00000,0x00000000eab00000,0x00000000f1700000)
  from space 79360K, 0% used [0x00000000f1700000,0x00000000f1700000,0x00000000f6480000)
  to   space 96768K, 0% used [0x00000000f8380000,0x00000000f8380000,0x00000000fe200000)
 ParOldGen       total 153088K, used 117984K [0x00000000c0000000, 0x00000000c9580000, 0x00000000eab00000)
  object space 153088K, 77% used [0x00000000c0000000,0x00000000c73380c8,0x00000000c9580000)
 Metaspace       used 6075K, capacity 7000K, committed 7168K, reserved 1056768K
  class space    used 614K, capacity 656K, committed 768K, reserved 1048576K
}
Event: 12.718 GC heap before
{Heap before GC invocations=36 (full 6):
 PSYoungGen      total 189952K, used 110592K [0x00000000eab00000, 0x00000000fe200000, 0x0000000100000000)
  eden space 110592K, 100% used [0x00000000eab00000,0x00000000f1700000,0x00000000f1700000)
  from space 79360K, 0% used [0x00000000f1700000,0x00000000f1700000,0x00000000f6480000)
  to   space 96768K, 0% used [0x00000000f8380000,0x00000000f8380000,0x00000000fe200000)
 ParOldGen       total 153088K, used 117984K [0x00000000c0000000, 0x00000000c9580000, 0x00000000eab00000)
  object space 153088K, 77% used [0x00000000c0000000,0x00000000c73380c8,0x00000000c9580000)
 Metaspace       used 6075K, capacity 7000K, committed 7168K, reserved 1056768K
  class space    used 614K, capacity 656K, committed 768K, reserved 1048576K
Event: 12.884 GC heap after
Heap after GC invocations=36 (full 6):
 PSYoungGen      total 216576K, used 51346K [0x00000000eab00000, 0x00000000fde80000, 0x0000000100000000)
  eden space 123392K, 0% used [0x00000000eab00000,0x00000000eab00000,0x00000000f2380000)
  from space 93184K, 55% used [0x00000000f8380000,0x00000000fb5a48c0,0x00000000fde80000)
  to   space 95744K, 0% used [0x00000000f2380000,0x00000000f2380000,0x00000000f8100000)
 ParOldGen       total 153088K, used 117984K [0x00000000c0000000, 0x00000000c9580000, 0x00000000eab00000)
  object space 153088K, 77% used [0x00000000c0000000,0x00000000c73380c8,0x00000000c9580000)
 Metaspace       used 6075K, capacity 7000K, committed 7168K, reserved 1056768K
  class space    used 614K, capacity 656K, committed 768K, reserved 1048576K
}
Event: 13.326 GC heap before
{Heap before GC invocations=37 (full 6):
 PSYoungGen      total 216576K, used 174738K [0x00000000eab00000, 0x00000000fde80000, 0x0000000100000000)
  eden space 123392K, 100% used [0x00000000eab00000,0x00000000f2380000,0x00000000f2380000)
  from space 93184K, 55% used [0x00000000f8380000,0x00000000fb5a48c0,0x00000000fde80000)
  to   space 95744K, 0% used [0x00000000f2380000,0x00000000f2380000,0x00000000f8100000)
 ParOldGen       total 153088K, used 117984K [0x00000000c0000000, 0x00000000c9580000, 0x00000000eab00000)
  object space 153088K, 77% used [0x00000000c0000000,0x00000000c73380c8,0x00000000c9580000)
 Metaspace       used 6075K, capacity 7000K, committed 7168K, reserved 1056768K
  class space    used 614K, capacity 656K, committed 768K, reserved 1048576K
Event: 13.743 GC heap after
Heap after GC invocations=37 (full 6):
 PSYoungGen      total 219136K, used 58529K [0x00000000eab00000, 0x00000000ff300000, 0x0000000100000000)
  eden space 123392K, 0% used [0x00000000eab00000,0x00000000eab00000,0x00000000f2380000)
  from space 95744K, 61% used [0x00000000f2380000,0x00000000f5ca8720,0x00000000f8100000)
  to   space 97792K, 0% used [0x00000000f9380000,0x00000000f9380000,0x00000000ff300000)
 ParOldGen       total 153088K, used 117984K [0x00000000c0000000, 0x00000000c9580000, 0x00000000eab00000)
  object space 153088K, 77% used [0x00000000c0000000,0x00000000c73380c8,0x00000000c9580000)
 Metaspace       used 6075K, capacity 7000K, committed 7168K, reserved 1056768K
  class space    used 614K, capacity 656K, committed 768K, reserved 1048576K
}

Deoptimization events (10 events):
Event: 15.068 Thread 0x00000000567ea000 Uncommon trap: reason=bimorphic action=maybe_recompile pc=0x00000000030e4098 method=com.android.dx.cf.code.BytecodeArray.parseInstruction(ILcom/android/dx/cf/code/BytecodeArray$Visitor;)I @ 1357
Event: 15.068 Thread 0x00000000567ea000 Uncommon trap: reason=bimorphic action=maybe_recompile pc=0x00000000030e4098 method=com.android.dx.cf.code.BytecodeArray.parseInstruction(ILcom/android/dx/cf/code/BytecodeArray$Visitor;)I @ 1357
Event: 15.279 Thread 0x00000000567ea000 Uncommon trap: reason=bimorphic action=maybe_recompile pc=0x00000000032a92c4 method=com.android.dx.cf.code.BytecodeArray.parseInstruction(ILcom/android/dx/cf/code/BytecodeArray$Visitor;)I @ 2281
Event: 15.280 Thread 0x00000000567ea000 Uncommon trap: reason=bimorphic action=maybe_recompile pc=0x00000000032a92c4 method=com.android.dx.cf.code.BytecodeArray.parseInstruction(ILcom/android/dx/cf/code/BytecodeArray$Visitor;)I @ 2281
Event: 16.676 Thread 0x00000000567ea000 Uncommon trap: reason=class_check action=maybe_recompile pc=0x000000000318f338 method=com.android.dx.ssa.SCCP.replaceConstants()V @ 127
Event: 16.903 Thread 0x00000000567ea000 Uncommon trap: reason=unloaded action=reinterpret pc=0x0000000002edfbac method=com.android.dx.ssa.LiteralOpUpgrader$1.visitNonMoveInsn(Lcom/android/dx/ssa/NormalSsaInsn;)V @ 72
Event: 17.034 Thread 0x00000000567ea000 Uncommon trap: reason=class_check action=maybe_recompile pc=0x00000000032c0ae8 method=com.android.dx.cf.code.Simulator$SimVisitor.visitNoArgs(IIILcom/android/dx/rop/type/Type;)V @ 1548
Event: 17.034 Thread 0x00000000567ea000 Uncommon trap: reason=class_check action=maybe_recompile pc=0x00000000032c0bc4 method=com.android.dx.cf.code.Simulator$SimVisitor.visitNoArgs(IIILcom/android/dx/rop/type/Type;)V @ 2054
Event: 17.044 Thread 0x00000000567ea000 Uncommon trap: reason=class_check action=maybe_recompile pc=0x00000000032bf370 method=com.android.dx.cf.code.Simulator$SimVisitor.visitNoArgs(IIILcom/android/dx/rop/type/Type;)V @ 879
Event: 17.045 Thread 0x00000000567ea000 Uncommon trap: reason=class_check action=maybe_recompile pc=0x00000000032c0ae8 method=com.android.dx.cf.code.Simulator$SimVisitor.visitNoArgs(IIILcom/android/dx/rop/type/Type;)V @ 1548

Internal exceptions (10 events):
Event: 3.496 Thread 0x00000000567fb000 Exception <a 'java/security/PrivilegedActionException'> (0x00000000eb66fe98) thrown at [D:\re\workspace\8-2-build-windows-amd64-cygwin\jdk8\2238\hotspot\src\share\vm\prims\jvm.cpp, line 1248]
Event: 4.139 Thread 0x00000000568c2000 Exception <a 'java/lang/ArrayIndexOutOfBoundsException': 18> (0x00000000eb0e87a8) thrown at [D:\re\workspace\8-2-build-windows-amd64-cygwin\jdk8\2238\hotspot\src\share\vm\interpreter\interpreterRuntime.cpp, line 337]
Event: 4.139 Thread 0x00000000568c2000 Exception <a 'java/lang/ArrayIndexOutOfBoundsException'> (0x00000000eb0ea240) thrown at [D:\re\workspace\8-2-build-windows-amd64-cygwin\jdk8\2238\hotspot\src\share\vm\runtime\sharedRuntime.cpp, line 595]
Event: 4.139 Thread 0x00000000568c2000 Exception <a 'java/lang/ArrayIndexOutOfBoundsException'> (0x00000000eb0eb458) thrown at [D:\re\workspace\8-2-build-windows-amd64-cygwin\jdk8\2238\hotspot\src\share\vm\runtime\sharedRuntime.cpp, line 595]
Event: 4.744 Thread 0x00000000567fb800 Exception <a 'java/security/PrivilegedActionException'> (0x00000000ec1add88) thrown at [D:\re\workspace\8-2-build-windows-amd64-cygwin\jdk8\2238\hotspot\src\share\vm\prims\jvm.cpp, line 1248]
Event: 5.529 Thread 0x000000000029f000 Exception <a 'java/security/PrivilegedActionException'> (0x00000000ec4f3008) thrown at [D:\re\workspace\8-2-build-windows-amd64-cygwin\jdk8\2238\hotspot\src\share\vm\prims\jvm.cpp, line 1248]
Event: 6.531 Thread 0x00000000568c2000 Exception <a 'java/security/PrivilegedActionException'> (0x00000000eb3e36f0) thrown at [D:\re\workspace\8-2-build-windows-amd64-cygwin\jdk8\2238\hotspot\src\share\vm\prims\jvm.cpp, line 1248]
Event: 6.573 Thread 0x00000000568c2000 Exception <a 'java/security/PrivilegedActionException'> (0x00000000ed587428) thrown at [D:\re\workspace\8-2-build-windows-amd64-cygwin\jdk8\2238\hotspot\src\share\vm\prims\jvm.cpp, line 1248]
Event: 14.529 Thread 0x000000000029f000 Exception <a 'java/security/PrivilegedActionException'> (0x00000000ee52d920) thrown at [D:\re\workspace\8-2-build-windows-amd64-cygwin\jdk8\2238\hotspot\src\share\vm\prims\jvm.cpp, line 1248]
Event: 16.903 Thread 0x00000000567ea000 Exception <a 'java/security/PrivilegedActionException'> (0x00000000efd204e0) thrown at [D:\re\workspace\8-2-build-windows-amd64-cygwin\jdk8\2238\hotspot\src\share\vm\prims\jvm.cpp, line 1248]

Events (10 events):
Event: 17.034 Thread 0x00000000567ea000 DEOPT UNPACKING pc=0x00000000029055af sp=0x0000000057c6e518 mode 2
Event: 17.034 Thread 0x00000000567ea000 Uncommon trap: trap_request=0xffffffde fr.pc=0x00000000032c0bc4
Event: 17.034 Thread 0x00000000567ea000 DEOPT PACKING pc=0x00000000032c0bc4 sp=0x0000000057c6e590
Event: 17.034 Thread 0x00000000567ea000 DEOPT UNPACKING pc=0x00000000029055af sp=0x0000000057c6e518 mode 2
Event: 17.044 Thread 0x00000000567ea000 Uncommon trap: trap_request=0xffffffde fr.pc=0x00000000032bf370
Event: 17.044 Thread 0x00000000567ea000 DEOPT PACKING pc=0x00000000032bf370 sp=0x0000000057c6e590
Event: 17.044 Thread 0x00000000567ea000 DEOPT UNPACKING pc=0x00000000029055af sp=0x0000000057c6e518 mode 2
Event: 17.045 Thread 0x00000000567ea000 Uncommon trap: trap_request=0xffffffde fr.pc=0x00000000032c0ae8
Event: 17.045 Thread 0x00000000567ea000 DEOPT PACKING pc=0x00000000032c0ae8 sp=0x0000000057c6e590
Event: 17.045 Thread 0x00000000567ea000 DEOPT UNPACKING pc=0x00000000029055af sp=0x0000000057c6e518 mode 2


Dynamic libraries:
0x000000013fbd0000 - 0x000000013fc04000 	C:\Program Files\Java\jdk1.8.0\bin\java.exe
0x00000000774e0000 - 0x000000007768a000 	C:\Windows\SYSTEM32\ntdll.dll
0x000007fef5dd0000 - 0x000007fef5e03000 	C:\Program Files\AVAST Software\Avast\x64\aswhooka.dll
0x00000000773c0000 - 0x00000000774df000 	C:\Windows\system32\kernel32.dll
0x000007fefd2c0000 - 0x000007fefd32a000 	C:\Windows\system32\KERNELBASE.dll
0x000007fefeca0000 - 0x000007fefed7b000 	C:\Windows\system32\ADVAPI32.dll
0x000007fefeea0000 - 0x000007fefef3f000 	C:\Windows\system32\msvcrt.dll
0x000007feff7d0000 - 0x000007feff7ef000 	C:\Windows\SYSTEM32\sechost.dll
0x000007feff320000 - 0x000007feff44d000 	C:\Windows\system32\RPCRT4.dll
0x00000000772c0000 - 0x00000000773ba000 	C:\Windows\system32\USER32.dll
0x000007fefea00000 - 0x000007fefea67000 	C:\Windows\system32\GDI32.dll
0x000007fefed80000 - 0x000007fefed8e000 	C:\Windows\system32\LPK.dll
0x000007fefe620000 - 0x000007fefe6ea000 	C:\Windows\system32\USP10.dll
0x000007fefba80000 - 0x000007fefbc74000 	C:\Windows\WinSxS\amd64_microsoft.windows.common-controls_6595b64144ccf1df_6.0.7601.18837_none_fa3b1e3d17594757\COMCTL32.dll
0x000007fefe520000 - 0x000007fefe591000 	C:\Windows\system32\SHLWAPI.dll
0x000007feff7a0000 - 0x000007feff7ce000 	C:\Windows\system32\IMM32.DLL
0x000007fefed90000 - 0x000007fefee99000 	C:\Windows\system32\MSCTF.dll
0x000000006c020000 - 0x000000006c0f2000 	C:\Program Files\Java\jdk1.8.0\jre\bin\msvcr100.dll
0x000000005cda0000 - 0x000000005d5ca000 	C:\Program Files\Java\jdk1.8.0\jre\bin\server\jvm.dll
0x000007fef9e90000 - 0x000007fef9e99000 	C:\Windows\system32\WSOCK32.dll
0x000007fefe6f0000 - 0x000007fefe73d000 	C:\Windows\system32\WS2_32.dll
0x000007fefef40000 - 0x000007fefef48000 	C:\Windows\system32\NSI.dll
0x000007fefaea0000 - 0x000007fefaedb000 	C:\Windows\system32\WINMM.dll
0x00000000776a0000 - 0x00000000776a7000 	C:\Windows\system32\PSAPI.DLL
0x0000000072cc0000 - 0x0000000072ccf000 	C:\Program Files\Java\jdk1.8.0\jre\bin\verify.dll
0x00000000700a0000 - 0x00000000700c8000 	C:\Program Files\Java\jdk1.8.0\jre\bin\java.dll
0x000000006e8e0000 - 0x000000006e8f6000 	C:\Program Files\Java\jdk1.8.0\jre\bin\zip.dll
0x000007fefd790000 - 0x000007fefe519000 	C:\Windows\system32\SHELL32.dll
0x000007fefd590000 - 0x000007fefd78c000 	C:\Windows\system32\ole32.dll
0x000007fefd1e0000 - 0x000007fefd1ef000 	C:\Windows\system32\profapi.dll

VM Arguments:
jvm_args: -Djava.awt.headless=true -Xmx1024M -Dfile.encoding=x-windows-950 -Duser.country=TW -Duser.language=zh -Duser.variant 
java_command: com.android.dx.command.Main --dex --force-jumbo --num-threads=4 --multi-dex --output C:\Users\Mist\Desktop\LongingForMao\app\build\intermediates\transforms\dex\debug\folders\1000\10\com.google.android.gms-play-services-ads-10.0.0_759027ce109245929f99bcdd49bd3df23d87f5c9 C:\Users\Mist\Desktop\LongingForMao\app\build\intermediates\exploded-aar\com.google.android.gms\play-services-ads\10.0.0\jars\classes.jar
java_class_path (initial): M:\Android\sdk\build-tools\23.0.3\lib\dx.jar
Launcher Type: SUN_STANDARD

Environment Variables:
JAVA_HOME=C:\Program Files\Java\jdk1.8.0
PATH=C:\ProgramData\Oracle\Java\javapath;C:\Program Files\Common Files\Microsoft Shared\Windows Live;C:\Program Files (x86)\Common Files\Microsoft Shared\Windows Live;C:\Program Files (x86)\Intel\iCLS Client\;C:\Program Files\Intel\iCLS Client\;C:\Windows\system32;C:\Windows;C:\Windows\System32\Wbem;C:\Windows\System32\WindowsPowerShell\v1.0\;C:\Program Files\Java\jdk1.8.0\bin;C:\Program Files\Intel\Intel(R) Management Engine Components\DAL;C:\Program Files\Intel\Intel(R) Management Engine Components\IPT;C:\Program Files (x86)\Intel\Intel(R) Management Engine Components\DAL;C:\Program Files (x86)\Intel\Intel(R) Management Engine Components\IPT;C:\Program Files\Microsoft SQL Server\110\Tools\Binn\;C:\Program Files\Common Files\Autodesk Shared\;C:\Users\Mist\AppData\Local\Android\android-sdk\platform-tools;C:\Ruby22-x64\bin;C:\MinGW\bin;C:\Program Files (x86)\NVIDIA Corporation\PhysX\Common;C:\putty;C:\Program Files (x86)\Windows Live\Shared;C:\Program Files\Git\cmd;C:\Program Files (x86)\Skype\Phone\;C:\Users\Mist\Anaconda2;C:\Users\Mist\Anaconda2\Scripts;C:\Users\Mist\Anaconda2\Library\bin;C:\Users\Mist\AppData\Local\Google\Cloud SDK\google-cloud-sdk\bin
USERNAME=Mist
OS=Windows_NT
PROCESSOR_IDENTIFIER=Intel64 Family 6 Model 60 Stepping 3, GenuineIntel



---------------  S Y S T E M  ---------------

OS: Windows 7 , 64 bit Build 7601 Service Pack 1

CPU:total 4 (4 cores per cpu, 1 threads per core) family 6 model 60 stepping 3, cmov, cx8, fxsr, mmx, sse, sse2, sse3, ssse3, sse4.1, sse4.2, popcnt, avx, avx2, aes, clmul, erms, tsc, tscinvbit

Memory: 4k page, physical 8261440k(1018784k free), swap 8259580k(5060k free)

vm_info: Java HotSpot(TM) 64-Bit Server VM (25.0-b70) for windows-amd64 JRE (1.8.0-b132), built on Mar  4 2014 03:46:18 by "java_re" with MS VC++ 10.0 (VS2010)

time: Mon Jun 05 09:53:48 2017
elapsed time: 17 seconds

