#
# There is insufficient memory for the Java Runtime Environment to continue.
# Native memory allocation (malloc) failed to allocate 211536 bytes for Chunk::new
# Possible reasons:
#   The system is out of physical RAM or swap space
#   In 32 bit mode, the process size limit was hit
# Possible solutions:
#   Reduce memory load on the system
#   Increase physical memory or swap space
#   Check if swap backing store is full
#   Use 64 bit Java on a 64 bit OS
#   Decrease Java heap size (-Xmx/-Xms)
#   Decrease number of Java threads
#   Decrease Java thread stack sizes (-Xss)
#   Set larger code cache with -XX:ReservedCodeCacheSize=
# This output file may be truncated or incomplete.
#
#  Out of Memory Error (allocation.cpp:388), pid=2672, tid=4116
#
# JRE version: Java(TM) SE Runtime Environment (8.0-b132) (build 1.8.0-b132)
# Java VM: Java HotSpot(TM) 64-Bit Server VM (25.0-b70 mixed mode windows-amd64 compressed oops)
# Failed to write core dump. Minidumps are not enabled by default on client versions of Windows
#

---------------  T H R E A D  ---------------

Current thread (0x00000000551fb000):  JavaThread "C2 CompilerThread0" daemon [_thread_in_native, id=4116, stack(0x0000000056cc0000,0x0000000056dc0000)]

Stack: [0x0000000056cc0000,0x0000000056dc0000]
[error occurred during error reporting (printing stack bounds), id 0xc0000005]

Native frames: (J=compiled Java code, j=interpreted, Vv=VM code, C=native code)
V  [jvm.dll+0x308e0a]


Current CompileTask:
C2:   8345 1911       4       com.android.dx.ssa.ConstCollector::getConstsSortedByCountUse (386 bytes)


---------------  P R O C E S S  ---------------

Java Threads: ( => current thread )
  0x0000000057297000 JavaThread "pool-2-thread-4" [_thread_blocked, id=5692, stack(0x0000000057f00000,0x0000000058000000)]
  0x000000005679b000 JavaThread "pool-2-thread-3" [_thread_blocked, id=4948, stack(0x0000000057a90000,0x0000000057b90000)]
  0x0000000056765800 JavaThread "pool-2-thread-2" [_thread_blocked, id=7096, stack(0x0000000056f80000,0x0000000057080000)]
  0x0000000056763000 JavaThread "pool-3-thread-1" [_thread_blocked, id=1176, stack(0x0000000057cc0000,0x0000000057dc0000)]
  0x0000000056762000 JavaThread "pool-2-thread-1" [_thread_blocked, id=1696, stack(0x0000000057bb0000,0x0000000057cb0000)]
  0x0000000056423800 JavaThread "Service Thread" daemon [_thread_blocked, id=1624, stack(0x0000000057180000,0x0000000057280000)]
  0x00000000563d0000 JavaThread "C1 CompilerThread2" daemon [_thread_blocked, id=2912, stack(0x0000000057080000,0x0000000057180000)]
  0x00000000563cd800 JavaThread "C2 CompilerThread1" daemon [_thread_in_native, id=7036, stack(0x0000000056e50000,0x0000000056f50000)]
=>0x00000000551fb000 JavaThread "C2 CompilerThread0" daemon [_thread_in_native, id=4116, stack(0x0000000056cc0000,0x0000000056dc0000)]
  0x00000000563bc000 JavaThread "Attach Listener" daemon [_thread_blocked, id=6872, stack(0x0000000056ad0000,0x0000000056bd0000)]
  0x00000000563cb800 JavaThread "Signal Dispatcher" daemon [_thread_blocked, id=2192, stack(0x0000000056960000,0x0000000056a60000)]
  0x000000005518e800 JavaThread "Finalizer" daemon [_thread_blocked, id=2924, stack(0x0000000056180000,0x0000000056280000)]
  0x0000000055189000 JavaThread "Reference Handler" daemon [_thread_blocked, id=1932, stack(0x00000000562b0000,0x00000000563b0000)]
  0x000000000246f000 JavaThread "main" [_thread_blocked, id=2980, stack(0x0000000002690000,0x0000000002790000)]

Other Threads:
  0x0000000055185800 VMThread [stack: 0x0000000055ff0000,0x00000000560f0000] [id=1792]
  0x0000000056427000 WatcherThread [stack: 0x0000000056830000,0x0000000056930000] [id=6720]

VM state:not at safepoint (normal execution)

VM Mutex/Monitor currently owned by a thread: None

Heap:
 PSYoungGen      total 34304K, used 6379K [0x00000000eab00000, 0x00000000ed100000, 0x0000000100000000)
  eden space 30208K, 7% used [0x00000000eab00000,0x00000000ead3ea50,0x00000000ec880000)
  from space 4096K, 99% used [0x00000000ec880000,0x00000000ecc7c1c0,0x00000000ecc80000)
  to   space 3584K, 0% used [0x00000000ecc80000,0x00000000ecc80000,0x00000000ed000000)
 ParOldGen       total 129536K, used 14825K [0x00000000c0000000, 0x00000000c7e80000, 0x00000000eab00000)
  object space 129536K, 11% used [0x00000000c0000000,0x00000000c0e7a5b8,0x00000000c7e80000)
 Metaspace       used 6004K, capacity 6960K, committed 7040K, reserved 1056768K
  class space    used 597K, capacity 616K, committed 640K, reserved 1048576K

Card table byte_map: [0x0000000011b50000,0x0000000011d60000] byte_map_base: 0x0000000011550000

Marking Bits: (ParMarkBitMap*) 0x000000005d5513b0
 Begin Bits: [0x0000000012600000, 0x0000000013600000)
 End Bits:   [0x0000000013600000, 0x0000000014600000)

Polling page: 0x0000000000360000

CodeCache: size=245760Kb used=8931Kb max_used=8943Kb free=236828Kb
 bounds [0x0000000002790000, 0x0000000003060000, 0x0000000011790000]
 total_blobs=2175 nmethods=1907 adapters=181
 compilation: enabled

Compilation events (10 events):
Event: 8.012 Thread 0x00000000563cd800 nmethod 1904 0x000000000304a610 code [0x000000000304a820, 0x000000000304b638]
Event: 8.060 Thread 0x00000000551fb000 nmethod 1907 0x0000000003050a10 code [0x0000000003050cc0, 0x0000000003053140]
Event: 8.060 Thread 0x00000000563d0000 1908       3       com.android.dx.ssa.LiteralOpUpgrader$1::visitNonMoveInsn (203 bytes)
Event: 8.062 Thread 0x00000000563d0000 nmethod 1908 0x00000000030565d0 code [0x0000000003056aa0, 0x000000000305a368]
Event: 8.065 Thread 0x00000000563d0000 1909       3       com.android.dx.rop.cst.CstString::<init> (42 bytes)
Event: 8.065 Thread 0x00000000563d0000 nmethod 1909 0x000000000301dc10 code [0x000000000301ddc0, 0x000000000301e318]
Event: 8.066 Thread 0x00000000563cd800 1910 %     4       com.android.dx.ssa.Dominators::run @ 403 (506 bytes)
Event: 8.066 Thread 0x00000000551fb000 1911       4       com.android.dx.ssa.ConstCollector::getConstsSortedByCountUse (386 bytes)
Event: 8.324 Thread 0x00000000563cd800 nmethod 1910% 0x0000000003028150 code [0x00000000030282c0, 0x0000000003028818]
Event: 8.324 Thread 0x00000000563cd800 1912       4       com.android.dx.cf.code.BasicBlocker::getBlockList (208 bytes)

GC Heap History (10 events):
Event: 2.668 GC heap before
{Heap before GC invocations=11 (full 0):
 PSYoungGen      total 14336K, used 14112K [0x00000000eab00000, 0x00000000ebd00000, 0x0000000100000000)
  eden space 11776K, 100% used [0x00000000eab00000,0x00000000eb680000,0x00000000eb680000)
  from space 2560K, 91% used [0x00000000eb980000,0x00000000ebbc8000,0x00000000ebc00000)
  to   space 3072K, 0% used [0x00000000eb680000,0x00000000eb680000,0x00000000eb980000)
 ParOldGen       total 129536K, used 2812K [0x00000000c0000000, 0x00000000c7e80000, 0x00000000eab00000)
  object space 129536K, 2% used [0x00000000c0000000,0x00000000c02bf0c0,0x00000000c7e80000)
 Metaspace       used 5864K, capacity 6832K, committed 7040K, reserved 1056768K
  class space    used 596K, capacity 616K, committed 640K, reserved 1048576K
Event: 2.678 GC heap after
Heap after GC invocations=11 (full 0):
 PSYoungGen      total 14848K, used 2123K [0x00000000eab00000, 0x00000000ec380000, 0x0000000100000000)
  eden space 11776K, 0% used [0x00000000eab00000,0x00000000eab00000,0x00000000eb680000)
  from space 3072K, 69% used [0x00000000eb680000,0x00000000eb892ec0,0x00000000eb980000)
  to   space 3072K, 0% used [0x00000000ec080000,0x00000000ec080000,0x00000000ec380000)
 ParOldGen       total 129536K, used 4967K [0x00000000c0000000, 0x00000000c7e80000, 0x00000000eab00000)
  object space 129536K, 3% used [0x00000000c0000000,0x00000000c04d9c40,0x00000000c7e80000)
 Metaspace       used 5864K, capacity 6832K, committed 7040K, reserved 1056768K
  class space    used 596K, capacity 616K, committed 640K, reserved 1048576K
}
Event: 3.195 GC heap before
{Heap before GC invocations=12 (full 0):
 PSYoungGen      total 14848K, used 13899K [0x00000000eab00000, 0x00000000ec380000, 0x0000000100000000)
  eden space 11776K, 100% used [0x00000000eab00000,0x00000000eb680000,0x00000000eb680000)
  from space 3072K, 69% used [0x00000000eb680000,0x00000000eb892ec0,0x00000000eb980000)
  to   space 3072K, 0% used [0x00000000ec080000,0x00000000ec080000,0x00000000ec380000)
 ParOldGen       total 129536K, used 4967K [0x00000000c0000000, 0x00000000c7e80000, 0x00000000eab00000)
  object space 129536K, 3% used [0x00000000c0000000,0x00000000c04d9c40,0x00000000c7e80000)
 Metaspace       used 5895K, capacity 6896K, committed 7040K, reserved 1056768K
  class space    used 596K, capacity 616K, committed 640K, reserved 1048576K
Event: 3.324 GC heap after
Heap after GC invocations=12 (full 0):
 PSYoungGen      total 22016K, used 1600K [0x00000000eab00000, 0x00000000ec380000, 0x0000000100000000)
  eden space 18944K, 0% used [0x00000000eab00000,0x00000000eab00000,0x00000000ebd80000)
  from space 3072K, 52% used [0x00000000ec080000,0x00000000ec210000,0x00000000ec380000)
  to   space 3072K, 0% used [0x00000000ebd80000,0x00000000ebd80000,0x00000000ec080000)
 ParOldGen       total 129536K, used 6888K [0x00000000c0000000, 0x00000000c7e80000, 0x00000000eab00000)
  object space 129536K, 5% used [0x00000000c0000000,0x00000000c06ba130,0x00000000c7e80000)
 Metaspace       used 5895K, capacity 6896K, committed 7040K, reserved 1056768K
  class space    used 596K, capacity 616K, committed 640K, reserved 1048576K
}
Event: 4.738 GC heap before
{Heap before GC invocations=13 (full 0):
 PSYoungGen      total 22016K, used 20544K [0x00000000eab00000, 0x00000000ec380000, 0x0000000100000000)
  eden space 18944K, 100% used [0x00000000eab00000,0x00000000ebd80000,0x00000000ebd80000)
  from space 3072K, 52% used [0x00000000ec080000,0x00000000ec210000,0x00000000ec380000)
  to   space 3072K, 0% used [0x00000000ebd80000,0x00000000ebd80000,0x00000000ec080000)
 ParOldGen       total 129536K, used 6888K [0x00000000c0000000, 0x00000000c7e80000, 0x00000000eab00000)
  object space 129536K, 5% used [0x00000000c0000000,0x00000000c06ba130,0x00000000c7e80000)
 Metaspace       used 5948K, capacity 6896K, committed 7040K, reserved 1056768K
  class space    used 597K, capacity 616K, committed 640K, reserved 1048576K
Event: 4.806 GC heap after
Heap after GC invocations=13 (full 0):
 PSYoungGen      total 22016K, used 3043K [0x00000000eab00000, 0x00000000ed000000, 0x0000000100000000)
  eden space 18944K, 0% used [0x00000000eab00000,0x00000000eab00000,0x00000000ebd80000)
  from space 3072K, 99% used [0x00000000ebd80000,0x00000000ec078dc8,0x00000000ec080000)
  to   space 3584K, 0% used [0x00000000ecc80000,0x00000000ecc80000,0x00000000ed000000)
 ParOldGen       total 129536K, used 8397K [0x00000000c0000000, 0x00000000c7e80000, 0x00000000eab00000)
  object space 129536K, 6% used [0x00000000c0000000,0x00000000c0833550,0x00000000c7e80000)
 Metaspace       used 5948K, capacity 6896K, committed 7040K, reserved 1056768K
  class space    used 597K, capacity 616K, committed 640K, reserved 1048576K
}
Event: 5.533 GC heap before
{Heap before GC invocations=14 (full 0):
 PSYoungGen      total 22016K, used 21987K [0x00000000eab00000, 0x00000000ed000000, 0x0000000100000000)
  eden space 18944K, 100% used [0x00000000eab00000,0x00000000ebd80000,0x00000000ebd80000)
  from space 3072K, 99% used [0x00000000ebd80000,0x00000000ec078dc8,0x00000000ec080000)
  to   space 3584K, 0% used [0x00000000ecc80000,0x00000000ecc80000,0x00000000ed000000)
 ParOldGen       total 129536K, used 8397K [0x00000000c0000000, 0x00000000c7e80000, 0x00000000eab00000)
  object space 129536K, 6% used [0x00000000c0000000,0x00000000c0833550,0x00000000c7e80000)
 Metaspace       used 5970K, capacity 6960K, committed 7040K, reserved 1056768K
  class space    used 597K, capacity 616K, committed 640K, reserved 1048576K
Event: 5.700 GC heap after
Heap after GC invocations=14 (full 0):
 PSYoungGen      total 33792K, used 2784K [0x00000000eab00000, 0x00000000ed100000, 0x0000000100000000)
  eden space 30208K, 0% used [0x00000000eab00000,0x00000000eab00000,0x00000000ec880000)
  from space 3584K, 77% used [0x00000000ecc80000,0x00000000ecf38000,0x00000000ed000000)
  to   space 4096K, 0% used [0x00000000ec880000,0x00000000ec880000,0x00000000ecc80000)
 ParOldGen       total 129536K, used 11170K [0x00000000c0000000, 0x00000000c7e80000, 0x00000000eab00000)
  object space 129536K, 8% used [0x00000000c0000000,0x00000000c0ae8ad8,0x00000000c7e80000)
 Metaspace       used 5970K, capacity 6960K, committed 7040K, reserved 1056768K
  class space    used 597K, capacity 616K, committed 640K, reserved 1048576K
}
Event: 8.069 GC heap before
{Heap before GC invocations=15 (full 0):
 PSYoungGen      total 33792K, used 32992K [0x00000000eab00000, 0x00000000ed100000, 0x0000000100000000)
  eden space 30208K, 100% used [0x00000000eab00000,0x00000000ec880000,0x00000000ec880000)
  from space 3584K, 77% used [0x00000000ecc80000,0x00000000ecf38000,0x00000000ed000000)
  to   space 4096K, 0% used [0x00000000ec880000,0x00000000ec880000,0x00000000ecc80000)
 ParOldGen       total 129536K, used 11170K [0x00000000c0000000, 0x00000000c7e80000, 0x00000000eab00000)
  object space 129536K, 8% used [0x00000000c0000000,0x00000000c0ae8ad8,0x00000000c7e80000)
 Metaspace       used 6004K, capacity 6960K, committed 7040K, reserved 1056768K
  class space    used 597K, capacity 616K, committed 640K, reserved 1048576K
Event: 8.323 GC heap after
Heap after GC invocations=15 (full 0):
 PSYoungGen      total 34304K, used 4080K [0x00000000eab00000, 0x00000000ed100000, 0x0000000100000000)
  eden space 30208K, 0% used [0x00000000eab00000,0x00000000eab00000,0x00000000ec880000)
  from space 4096K, 99% used [0x00000000ec880000,0x00000000ecc7c1c0,0x00000000ecc80000)
  to   space 3584K, 0% used [0x00000000ecc80000,0x00000000ecc80000,0x00000000ed000000)
 ParOldGen       total 129536K, used 14825K [0x00000000c0000000, 0x00000000c7e80000, 0x00000000eab00000)
  object space 129536K, 11% used [0x00000000c0000000,0x00000000c0e7a5b8,0x00000000c7e80000)
 Metaspace       used 6004K, capacity 6960K, committed 7040K, reserved 1056768K
  class space    used 597K, capacity 616K, committed 640K, reserved 1048576K
}

Deoptimization events (10 events):
Event: 6.812 Thread 0x0000000056765800 Uncommon trap: reason=class_check action=maybe_recompile pc=0x0000000002f7b648 method=com.android.dx.cf.code.Simulator$SimVisitor.visitLocal(IIIILcom/android/dx/rop/type/Type;I)V @ 122
Event: 6.812 Thread 0x0000000056765800 Uncommon trap: reason=class_check action=maybe_recompile pc=0x0000000002f7b648 method=com.android.dx.cf.code.Simulator$SimVisitor.visitLocal(IIIILcom/android/dx/rop/type/Type;I)V @ 122
Event: 6.812 Thread 0x0000000056765800 Uncommon trap: reason=class_check action=maybe_recompile pc=0x0000000002f7b648 method=com.android.dx.cf.code.Simulator$SimVisitor.visitLocal(IIIILcom/android/dx/rop/type/Type;I)V @ 122
Event: 6.813 Thread 0x0000000056765800 Uncommon trap: reason=class_check action=maybe_recompile pc=0x0000000002f7b648 method=com.android.dx.cf.code.Simulator$SimVisitor.visitLocal(IIIILcom/android/dx/rop/type/Type;I)V @ 122
Event: 7.221 Thread 0x0000000056762000 Uncommon trap: reason=class_check action=maybe_recompile pc=0x0000000002fcd69c method=com.android.dx.cf.code.Simulator$SimVisitor.visitLocal(IIIILcom/android/dx/rop/type/Type;I)V @ 246
Event: 7.348 Thread 0x0000000056762000 Uncommon trap: reason=bimorphic action=maybe_recompile pc=0x0000000002f419fc method=com.android.dx.rop.code.Rops.opMoveResultPseudo(Lcom/android/dx/rop/type/TypeBearer;)Lcom/android/dx/rop/code/Rop; @ 7
Event: 7.351 Thread 0x0000000056765800 Uncommon trap: reason=bimorphic action=maybe_recompile pc=0x0000000002f419fc method=com.android.dx.rop.code.Rops.opMoveResultPseudo(Lcom/android/dx/rop/type/TypeBearer;)Lcom/android/dx/rop/code/Rop; @ 7
Event: 7.955 Thread 0x000000005679b000 Uncommon trap: reason=class_check action=maybe_recompile pc=0x0000000002fcd69c method=com.android.dx.cf.code.Simulator$SimVisitor.visitLocal(IIIILcom/android/dx/rop/type/Type;I)V @ 246
Event: 8.002 Thread 0x000000005679b000 Uncommon trap: reason=unloaded action=reinterpret pc=0x0000000002e843ec method=com.android.dx.ssa.LiteralOpUpgrader$1.visitNonMoveInsn(Lcom/android/dx/ssa/NormalSsaInsn;)V @ 72
Event: 8.002 Thread 0x000000005679b000 Uncommon trap: reason=unreached action=reinterpret pc=0x0000000002ba844c method=com.android.dx.ssa.SsaMethod.updateOneDefinition(Lcom/android/dx/ssa/SsaInsn;Lcom/android/dx/rop/code/RegisterSpec;)V @ 4

Internal exceptions (10 events):
Event: 1.380 Thread 0x000000000246f000 Exception <a 'java/security/PrivilegedActionException'> (0x00000000eaeee150) thrown at [D:\re\workspace\8-2-build-windows-amd64-cygwin\jdk8\2238\hotspot\src\share\vm\prims\jvm.cpp, line 1248]
Event: 1.496 Thread 0x0000000056762000 Exception <a 'java/security/PrivilegedActionException'> (0x00000000eab03f88) thrown at [D:\re\workspace\8-2-build-windows-amd64-cygwin\jdk8\2238\hotspot\src\share\vm\prims\jvm.cpp, line 1248]
Event: 1.535 Thread 0x0000000056762000 Exception <a 'java/security/PrivilegedActionException'> (0x00000000ead1fb10) thrown at [D:\re\workspace\8-2-build-windows-amd64-cygwin\jdk8\2238\hotspot\src\share\vm\prims\jvm.cpp, line 1248]
Event: 1.746 Thread 0x0000000056762000 Exception <a 'java/security/PrivilegedActionException'> (0x00000000eb1131a8) thrown at [D:\re\workspace\8-2-build-windows-amd64-cygwin\jdk8\2238\hotspot\src\share\vm\prims\jvm.cpp, line 1248]
Event: 1.772 Thread 0x000000000246f000 Exception <a 'java/security/PrivilegedActionException'> (0x00000000eb157168) thrown at [D:\re\workspace\8-2-build-windows-amd64-cygwin\jdk8\2238\hotspot\src\share\vm\prims\jvm.cpp, line 1248]
Event: 1.816 Thread 0x000000000246f000 Exception <a 'java/security/PrivilegedActionException'> (0x00000000eabcb600) thrown at [D:\re\workspace\8-2-build-windows-amd64-cygwin\jdk8\2238\hotspot\src\share\vm\prims\jvm.cpp, line 1248]
Event: 4.065 Thread 0x0000000057297000 Implicit null exception at 0x0000000002aa600c to 0x0000000002aa8481
Event: 4.420 Thread 0x000000000246f000 Exception <a 'java/security/PrivilegedActionException'> (0x00000000eb133520) thrown at [D:\re\workspace\8-2-build-windows-amd64-cygwin\jdk8\2238\hotspot\src\share\vm\prims\jvm.cpp, line 1248]
Event: 4.504 Thread 0x000000005679b000 Exception <a 'java/security/PrivilegedActionException'> (0x00000000eb5e7b58) thrown at [D:\re\workspace\8-2-build-windows-amd64-cygwin\jdk8\2238\hotspot\src\share\vm\prims\jvm.cpp, line 1248]
Event: 8.002 Thread 0x000000005679b000 Exception <a 'java/security/PrivilegedActionException'> (0x00000000ec5e84d8) thrown at [D:\re\workspace\8-2-build-windows-amd64-cygwin\jdk8\2238\hotspot\src\share\vm\prims\jvm.cpp, line 1248]

Events (10 events):
Event: 8.002 Thread 0x000000005679b000 Uncommon trap: trap_request=0x0000004e fr.pc=0x0000000002e843ec
Event: 8.002 loading class com/android/dx/rop/code/RegOps
Event: 8.002 loading class com/android/dx/rop/code/RegOps done
Event: 8.002 Thread 0x000000005679b000 DEOPT PACKING pc=0x0000000002e843ec sp=0x0000000057b8ec10
Event: 8.002 Thread 0x000000005679b000 DEOPT UNPACKING pc=0x00000000027d55af sp=0x0000000057b8ebf8 mode 2
Event: 8.002 Thread 0x000000005679b000 Uncommon trap: trap_request=0xffffffad fr.pc=0x0000000002ba844c
Event: 8.002 Thread 0x000000005679b000 DEOPT PACKING pc=0x0000000002ba844c sp=0x0000000057b8ea70
Event: 8.002 Thread 0x000000005679b000 DEOPT UNPACKING pc=0x00000000027d55af sp=0x0000000057b8ea18 mode 2
Event: 8.069 Executing VM operation: ParallelGCFailedAllocation
Event: 8.323 Executing VM operation: ParallelGCFailedAllocation done


Dynamic libraries:
0x000000013fbd0000 - 0x000000013fc04000 	C:\Program Files\Java\jdk1.8.0\bin\java.exe
0x00000000774e0000 - 0x000000007768a000 	C:\Windows\SYSTEM32\ntdll.dll
0x000007fef5dd0000 - 0x000007fef5e03000 	C:\Program Files\AVAST Software\Avast\x64\aswhooka.dll
0x00000000773c0000 - 0x00000000774df000 	C:\Windows\system32\kernel32.dll
0x000007fefd2c0000 - 0x000007fefd32a000 	C:\Windows\system32\KERNELBASE.dll
0x000007fefeca0000 - 0x000007fefed7b000 	C:\Windows\system32\ADVAPI32.dll
0x000007fefeea0000 - 0x000007fefef3f000 	C:\Windows\system32\msvcrt.dll
0x000007feff7d0000 - 0x000007feff7ef000 	C:\Windows\SYSTEM32\sechost.dll
0x000007feff320000 - 0x000007feff44d000 	C:\Windows\system32\RPCRT4.dll
0x00000000772c0000 - 0x00000000773ba000 	C:\Windows\system32\USER32.dll
0x000007fefea00000 - 0x000007fefea67000 	C:\Windows\system32\GDI32.dll
0x000007fefed80000 - 0x000007fefed8e000 	C:\Windows\system32\LPK.dll
0x000007fefe620000 - 0x000007fefe6ea000 	C:\Windows\system32\USP10.dll
0x000007fefba80000 - 0x000007fefbc74000 	C:\Windows\WinSxS\amd64_microsoft.windows.common-controls_6595b64144ccf1df_6.0.7601.18837_none_fa3b1e3d17594757\COMCTL32.dll
0x000007fefe520000 - 0x000007fefe591000 	C:\Windows\system32\SHLWAPI.dll
0x000007feff7a0000 - 0x000007feff7ce000 	C:\Windows\system32\IMM32.DLL
0x000007fefed90000 - 0x000007fefee99000 	C:\Windows\system32\MSCTF.dll
0x000000006c020000 - 0x000000006c0f2000 	C:\Program Files\Java\jdk1.8.0\jre\bin\msvcr100.dll
0x000000005cda0000 - 0x000000005d5ca000 	C:\Program Files\Java\jdk1.8.0\jre\bin\server\jvm.dll
0x000007fef9e90000 - 0x000007fef9e99000 	C:\Windows\system32\WSOCK32.dll
0x000007fefe6f0000 - 0x000007fefe73d000 	C:\Windows\system32\WS2_32.dll
0x000007fefef40000 - 0x000007fefef48000 	C:\Windows\system32\NSI.dll
0x000007fefaea0000 - 0x000007fefaedb000 	C:\Windows\system32\WINMM.dll
0x00000000776a0000 - 0x00000000776a7000 	C:\Windows\system32\PSAPI.DLL
0x0000000072cc0000 - 0x0000000072ccf000 	C:\Program Files\Java\jdk1.8.0\jre\bin\verify.dll
0x00000000700a0000 - 0x00000000700c8000 	C:\Program Files\Java\jdk1.8.0\jre\bin\java.dll
0x000000006e8e0000 - 0x000000006e8f6000 	C:\Program Files\Java\jdk1.8.0\jre\bin\zip.dll
0x000007fefd790000 - 0x000007fefe519000 	C:\Windows\system32\SHELL32.dll
0x000007fefd590000 - 0x000007fefd78c000 	C:\Windows\system32\ole32.dll
0x000007fefd1e0000 - 0x000007fefd1ef000 	C:\Windows\system32\profapi.dll

VM Arguments:
jvm_args: -Djava.awt.headless=true -Xmx1024M -Dfile.encoding=x-windows-950 -Duser.country=TW -Duser.language=zh -Duser.variant 
java_command: com.android.dx.command.Main --dex --force-jumbo --num-threads=4 --multi-dex --output C:\Users\Mist\Desktop\LongingForMao\app\build\intermediates\transforms\dex\debug\folders\1000\10\com.android.support-appcompat-v7-25.0.1_b4816740729337cbdb092b9dfe8bed0f6bedcf8a C:\Users\Mist\Desktop\LongingForMao\app\build\intermediates\exploded-aar\com.android.support\appcompat-v7\25.0.1\jars\classes.jar
java_class_path (initial): M:\Android\sdk\build-tools\23.0.3\lib\dx.jar
Launcher Type: SUN_STANDARD

Environment Variables:
JAVA_HOME=C:\Program Files\Java\jdk1.8.0
PATH=C:\ProgramData\Oracle\Java\javapath;C:\Program Files\Common Files\Microsoft Shared\Windows Live;C:\Program Files (x86)\Common Files\Microsoft Shared\Windows Live;C:\Program Files (x86)\Intel\iCLS Client\;C:\Program Files\Intel\iCLS Client\;C:\Windows\system32;C:\Windows;C:\Windows\System32\Wbem;C:\Windows\System32\WindowsPowerShell\v1.0\;C:\Program Files\Java\jdk1.8.0\bin;C:\Program Files\Intel\Intel(R) Management Engine Components\DAL;C:\Program Files\Intel\Intel(R) Management Engine Components\IPT;C:\Program Files (x86)\Intel\Intel(R) Management Engine Components\DAL;C:\Program Files (x86)\Intel\Intel(R) Management Engine Components\IPT;C:\Program Files\Microsoft SQL Server\110\Tools\Binn\;C:\Program Files\Common Files\Autodesk Shared\;C:\Users\Mist\AppData\Local\Android\android-sdk\platform-tools;C:\Ruby22-x64\bin;C:\MinGW\bin;C:\Program Files (x86)\NVIDIA Corporation\PhysX\Common;C:\putty;C:\Program Files (x86)\Windows Live\Shared;C:\Program Files\Git\cmd;C:\Program Files (x86)\Skype\Phone\;C:\Users\Mist\Anaconda2;C:\Users\Mist\Anaconda2\Scripts;C:\Users\Mist\Anaconda2\Library\bin;C:\Users\Mist\AppData\Local\Google\Cloud SDK\google-cloud-sdk\bin
USERNAME=Mist
OS=Windows_NT
PROCESSOR_IDENTIFIER=Intel64 Family 6 Model 60 Stepping 3, GenuineIntel



---------------  S Y S T E M  ---------------

OS: Windows 7 , 64 bit Build 7601 Service Pack 1

CPU:total 4 (4 cores per cpu, 1 threads per core) family 6 model 60 stepping 3, cmov, cx8, fxsr, mmx, sse, sse2, sse3, ssse3, sse4.1, sse4.2, popcnt, avx, avx2, aes, clmul, erms, tsc, tscinvbit

Memory: 4k page, physical 8261440k(917956k free), swap 8259580k(5120k free)

vm_info: Java HotSpot(TM) 64-Bit Server VM (25.0-b70) for windows-amd64 JRE (1.8.0-b132), built on Mar  4 2014 03:46:18 by "java_re" with MS VC++ 10.0 (VS2010)

time: Mon Jun 05 09:56:42 2017
elapsed time: 8 seconds

