#
# There is insufficient memory for the Java Runtime Environment to continue.
# Native memory allocation (malloc) failed to allocate 45008 bytes for Chunk::new
# Possible reasons:
#   The system is out of physical RAM or swap space
#   In 32 bit mode, the process size limit was hit
# Possible solutions:
#   Reduce memory load on the system
#   Increase physical memory or swap space
#   Check if swap backing store is full
#   Use 64 bit Java on a 64 bit OS
#   Decrease Java heap size (-Xmx/-Xms)
#   Decrease number of Java threads
#   Decrease Java thread stack sizes (-Xss)
#   Set larger code cache with -XX:ReservedCodeCacheSize=
# This output file may be truncated or incomplete.
#
#  Out of Memory Error (allocation.cpp:388), pid=292, tid=3668
#
# JRE version: Java(TM) SE Runtime Environment (8.0-b132) (build 1.8.0-b132)
# Java VM: Java HotSpot(TM) 64-Bit Server VM (25.0-b70 mixed mode windows-amd64 compressed oops)
# Failed to write core dump. Minidumps are not enabled by default on client versions of Windows
#

---------------  T H R E A D  ---------------

Current thread (0x00000000565fb000):  JavaThread "C2 CompilerThread1" daemon [_thread_in_native, id=3668, stack(0x0000000056f60000,0x0000000057060000)]

Stack: [0x0000000056f60000,0x0000000057060000]
Native frames: (J=compiled Java code, j=interpreted, Vv=VM code, C=native code)
V  [jvm.dll+0x308e0a]


Current CompileTask:
C2:   5169 1685   !   4       com.android.dx.cf.code.BytecodeArray::parseInstruction (2764 bytes)


---------------  P R O C E S S  ---------------

Java Threads: ( => current thread )
  0x0000000056956000 JavaThread "pool-2-thread-4" [_thread_blocked, id=4588, stack(0x00000000582a0000,0x00000000583a0000)]
  0x0000000056955800 JavaThread "pool-2-thread-3" [_thread_blocked, id=1732, stack(0x0000000058160000,0x0000000058260000)]
  0x0000000056954000 JavaThread "pool-2-thread-2" [_thread_blocked, id=5344, stack(0x0000000058050000,0x0000000058150000)]
  0x0000000056952800 JavaThread "pool-3-thread-1" [_thread_blocked, id=5652, stack(0x0000000057260000,0x0000000057360000)]
  0x0000000056951800 JavaThread "pool-2-thread-1" [_thread_blocked, id=4616, stack(0x0000000057dc0000,0x0000000057ec0000)]
  0x0000000056654800 JavaThread "Service Thread" daemon [_thread_blocked, id=6704, stack(0x0000000057110000,0x0000000057210000)]
  0x0000000056651000 JavaThread "C1 CompilerThread2" daemon [_thread_blocked, id=6608, stack(0x0000000056390000,0x0000000056490000)]
=>0x00000000565fb000 JavaThread "C2 CompilerThread1" daemon [_thread_in_native, id=3668, stack(0x0000000056f60000,0x0000000057060000)]
  0x00000000565f8800 JavaThread "C2 CompilerThread0" daemon [_thread_blocked, id=5508, stack(0x0000000056de0000,0x0000000056ee0000)]
  0x00000000565eb800 JavaThread "Attach Listener" daemon [_thread_blocked, id=6660, stack(0x0000000056c30000,0x0000000056d30000)]
  0x00000000565ea800 JavaThread "Signal Dispatcher" daemon [_thread_blocked, id=1516, stack(0x0000000056a70000,0x0000000056b70000)]
  0x0000000055182000 JavaThread "Finalizer" daemon [_thread_blocked, id=2880, stack(0x00000000564e0000,0x00000000565e0000)]
  0x000000005517d000 JavaThread "Reference Handler" daemon [_thread_blocked, id=6280, stack(0x0000000056240000,0x0000000056340000)]
  0x00000000004bf000 JavaThread "main" [_thread_blocked, id=5260, stack(0x0000000002660000,0x0000000002760000)]

Other Threads:
  0x0000000055179800 VMThread [stack: 0x00000000560e0000,0x00000000561e0000] [id=2996]
  0x000000005665a000 WatcherThread [stack: 0x00000000573f0000,0x00000000574f0000] [id=6356]

VM state:not at safepoint (normal execution)

VM Mutex/Monitor currently owned by a thread: None

Heap:
 PSYoungGen      total 23552K, used 16404K [0x00000000eab00000, 0x00000000ec500000, 0x0000000100000000)
  eden space 20480K, 71% used [0x00000000eab00000,0x00000000eb93d080,0x00000000ebf00000)
  from space 3072K, 59% used [0x00000000ec200000,0x00000000ec3c8000,0x00000000ec500000)
  to   space 3072K, 0% used [0x00000000ebf00000,0x00000000ebf00000,0x00000000ec200000)
 ParOldGen       total 129536K, used 7239K [0x00000000c0000000, 0x00000000c7e80000, 0x00000000eab00000)
  object space 129536K, 5% used [0x00000000c0000000,0x00000000c0711e40,0x00000000c7e80000)
 Metaspace       used 5924K, capacity 6896K, committed 7040K, reserved 1056768K
  class space    used 593K, capacity 616K, committed 640K, reserved 1048576K

Card table byte_map: [0x0000000011b20000,0x0000000011d30000] byte_map_base: 0x0000000011520000

Marking Bits: (ParMarkBitMap*) 0x000000005d5513b0
 Begin Bits: [0x00000000125f0000, 0x00000000135f0000)
 End Bits:   [0x00000000135f0000, 0x00000000145f0000)

Polling page: 0x0000000000160000

CodeCache: size=245760Kb used=6105Kb max_used=6116Kb free=239654Kb
 bounds [0x0000000002760000, 0x0000000002d60000, 0x0000000011760000]
 total_blobs=1941 nmethods=1675 adapters=179
 compilation: enabled

Compilation events (10 events):
Event: 5.074 Thread 0x00000000565f8800 1690       4       java.util.Collections$UnmodifiableCollection::iterator (9 bytes)
Event: 5.076 Thread 0x00000000565f8800 nmethod 1690 0x0000000002d52210 code [0x0000000002d52380, 0x0000000002d525f8]
Event: 5.077 Thread 0x00000000565f8800 1684       4       com.android.dx.rop.type.StdTypeList::get (9 bytes)
Event: 5.077 Thread 0x00000000565f8800 nmethod 1684 0x0000000002d10350 code [0x0000000002d104a0, 0x0000000002d10558]
Event: 5.161 Thread 0x0000000056651000 1693       3       com.android.dx.rop.cst.CstBaseMethodRef::<init> (31 bytes)
Event: 5.161 Thread 0x00000000565f8800 1694   !   4       com.android.dx.rop.cst.StdConstantPool::get (24 bytes)
Event: 5.161 Thread 0x0000000056651000 nmethod 1693 0x0000000002d51bd0 code [0x0000000002d51d40, 0x0000000002d520f8]
Event: 5.161 Thread 0x00000000565f8800 nmethod 1694 0x0000000002d1c1d0 code [0x0000000002d1c300, 0x0000000002d1c398]
Event: 5.162 Thread 0x00000000565f8800 1695       4       com.android.dx.rop.cst.CstString::compareTo0 (15 bytes)
Event: 5.162 Thread 0x00000000565f8800 nmethod 1695 0x0000000002d36790 code [0x0000000002d368e0, 0x0000000002d36a98]

GC Heap History (10 events):
Event: 2.615 GC heap before
{Heap before GC invocations=8 (full 0):
 PSYoungGen      total 5120K, used 5101K [0x00000000eab00000, 0x00000000eb700000, 0x0000000100000000)
  eden space 4096K, 100% used [0x00000000eab00000,0x00000000eaf00000,0x00000000eaf00000)
  from space 1024K, 98% used [0x00000000eaf00000,0x00000000eaffb768,0x00000000eb000000)
  to   space 2048K, 0% used [0x00000000eb500000,0x00000000eb500000,0x00000000eb700000)
 ParOldGen       total 129536K, used 1530K [0x00000000c0000000, 0x00000000c7e80000, 0x00000000eab00000)
  object space 129536K, 1% used [0x00000000c0000000,0x00000000c017e838,0x00000000c7e80000)
 Metaspace       used 5440K, capacity 6512K, committed 6784K, reserved 1056768K
  class space    used 588K, capacity 616K, committed 640K, reserved 1048576K
Event: 3.023 GC heap after
Heap after GC invocations=8 (full 0):
 PSYoungGen      total 10240K, used 1466K [0x00000000eab00000, 0x00000000eb700000, 0x0000000100000000)
  eden space 8192K, 0% used [0x00000000eab00000,0x00000000eab00000,0x00000000eb300000)
  from space 2048K, 71% used [0x00000000eb500000,0x00000000eb66ea98,0x00000000eb700000)
  to   space 2048K, 0% used [0x00000000eb300000,0x00000000eb300000,0x00000000eb500000)
 ParOldGen       total 129536K, used 1682K [0x00000000c0000000, 0x00000000c7e80000, 0x00000000eab00000)
  object space 129536K, 1% used [0x00000000c0000000,0x00000000c01a4858,0x00000000c7e80000)
 Metaspace       used 5440K, capacity 6512K, committed 6784K, reserved 1056768K
  class space    used 588K, capacity 616K, committed 640K, reserved 1048576K
}
Event: 3.170 GC heap before
{Heap before GC invocations=9 (full 0):
 PSYoungGen      total 10240K, used 9658K [0x00000000eab00000, 0x00000000eb700000, 0x0000000100000000)
  eden space 8192K, 100% used [0x00000000eab00000,0x00000000eb300000,0x00000000eb300000)
  from space 2048K, 71% used [0x00000000eb500000,0x00000000eb66ea98,0x00000000eb700000)
  to   space 2048K, 0% used [0x00000000eb300000,0x00000000eb300000,0x00000000eb500000)
 ParOldGen       total 129536K, used 1682K [0x00000000c0000000, 0x00000000c7e80000, 0x00000000eab00000)
  object space 129536K, 1% used [0x00000000c0000000,0x00000000c01a4858,0x00000000c7e80000)
 Metaspace       used 5559K, capacity 6576K, committed 6784K, reserved 1056768K
  class space    used 590K, capacity 616K, committed 640K, reserved 1048576K
Event: 3.269 GC heap after
Heap after GC invocations=9 (full 0):
 PSYoungGen      total 10240K, used 2016K [0x00000000eab00000, 0x00000000ebd00000, 0x0000000100000000)
  eden space 8192K, 0% used [0x00000000eab00000,0x00000000eab00000,0x00000000eb300000)
  from space 2048K, 98% used [0x00000000eb300000,0x00000000eb4f8018,0x00000000eb500000)
  to   space 2560K, 0% used [0x00000000eba80000,0x00000000eba80000,0x00000000ebd00000)
 ParOldGen       total 129536K, used 2244K [0x00000000c0000000, 0x00000000c7e80000, 0x00000000eab00000)
  object space 129536K, 1% used [0x00000000c0000000,0x00000000c0231398,0x00000000c7e80000)
 Metaspace       used 5559K, capacity 6576K, committed 6784K, reserved 1056768K
  class space    used 590K, capacity 616K, committed 640K, reserved 1048576K
}
Event: 3.528 GC heap before
{Heap before GC invocations=10 (full 0):
 PSYoungGen      total 10240K, used 10208K [0x00000000eab00000, 0x00000000ebd00000, 0x0000000100000000)
  eden space 8192K, 100% used [0x00000000eab00000,0x00000000eb300000,0x00000000eb300000)
  from space 2048K, 98% used [0x00000000eb300000,0x00000000eb4f8018,0x00000000eb500000)
  to   space 2560K, 0% used [0x00000000eba80000,0x00000000eba80000,0x00000000ebd00000)
 ParOldGen       total 129536K, used 2244K [0x00000000c0000000, 0x00000000c7e80000, 0x00000000eab00000)
  object space 129536K, 1% used [0x00000000c0000000,0x00000000c0231398,0x00000000c7e80000)
 Metaspace       used 5652K, capacity 6704K, committed 6784K, reserved 1056768K
  class space    used 591K, capacity 616K, committed 640K, reserved 1048576K
Event: 3.607 GC heap after
Heap after GC invocations=10 (full 0):
 PSYoungGen      total 15360K, used 2496K [0x00000000eab00000, 0x00000000ebe00000, 0x0000000100000000)
  eden space 12800K, 0% used [0x00000000eab00000,0x00000000eab00000,0x00000000eb780000)
  from space 2560K, 97% used [0x00000000eba80000,0x00000000ebcf0010,0x00000000ebd00000)
  to   space 3072K, 0% used [0x00000000eb780000,0x00000000eb780000,0x00000000eba80000)
 ParOldGen       total 129536K, used 3062K [0x00000000c0000000, 0x00000000c7e80000, 0x00000000eab00000)
  object space 129536K, 2% used [0x00000000c0000000,0x00000000c02fd890,0x00000000c7e80000)
 Metaspace       used 5652K, capacity 6704K, committed 6784K, reserved 1056768K
  class space    used 591K, capacity 616K, committed 640K, reserved 1048576K
}
Event: 3.907 GC heap before
{Heap before GC invocations=11 (full 0):
 PSYoungGen      total 15360K, used 15296K [0x00000000eab00000, 0x00000000ebe00000, 0x0000000100000000)
  eden space 12800K, 100% used [0x00000000eab00000,0x00000000eb780000,0x00000000eb780000)
  from space 2560K, 97% used [0x00000000eba80000,0x00000000ebcf0010,0x00000000ebd00000)
  to   space 3072K, 0% used [0x00000000eb780000,0x00000000eb780000,0x00000000eba80000)
 ParOldGen       total 129536K, used 3062K [0x00000000c0000000, 0x00000000c7e80000, 0x00000000eab00000)
  object space 129536K, 2% used [0x00000000c0000000,0x00000000c02fd890,0x00000000c7e80000)
 Metaspace       used 5738K, capacity 6768K, committed 7040K, reserved 1056768K
  class space    used 591K, capacity 616K, committed 640K, reserved 1048576K
Event: 3.914 GC heap after
Heap after GC invocations=11 (full 0):
 PSYoungGen      total 15872K, used 1984K [0x00000000eab00000, 0x00000000ec500000, 0x0000000100000000)
  eden space 12800K, 0% used [0x00000000eab00000,0x00000000eab00000,0x00000000eb780000)
  from space 3072K, 64% used [0x00000000eb780000,0x00000000eb970000,0x00000000eba80000)
  to   space 3072K, 0% used [0x00000000ec200000,0x00000000ec200000,0x00000000ec500000)
 ParOldGen       total 129536K, used 5466K [0x00000000c0000000, 0x00000000c7e80000, 0x00000000eab00000)
  object space 129536K, 4% used [0x00000000c0000000,0x00000000c0556a80,0x00000000c7e80000)
 Metaspace       used 5738K, capacity 6768K, committed 7040K, reserved 1056768K
  class space    used 591K, capacity 616K, committed 640K, reserved 1048576K
}
Event: 4.231 GC heap before
{Heap before GC invocations=12 (full 0):
 PSYoungGen      total 15872K, used 14784K [0x00000000eab00000, 0x00000000ec500000, 0x0000000100000000)
  eden space 12800K, 100% used [0x00000000eab00000,0x00000000eb780000,0x00000000eb780000)
  from space 3072K, 64% used [0x00000000eb780000,0x00000000eb970000,0x00000000eba80000)
  to   space 3072K, 0% used [0x00000000ec200000,0x00000000ec200000,0x00000000ec500000)
 ParOldGen       total 129536K, used 5466K [0x00000000c0000000, 0x00000000c7e80000, 0x00000000eab00000)
  object space 129536K, 4% used [0x00000000c0000000,0x00000000c0556a80,0x00000000c7e80000)
 Metaspace       used 5860K, capacity 6832K, committed 7040K, reserved 1056768K
  class space    used 592K, capacity 616K, committed 640K, reserved 1048576K
Event: 4.247 GC heap after
Heap after GC invocations=12 (full 0):
 PSYoungGen      total 23552K, used 1824K [0x00000000eab00000, 0x00000000ec500000, 0x0000000100000000)
  eden space 20480K, 0% used [0x00000000eab00000,0x00000000eab00000,0x00000000ebf00000)
  from space 3072K, 59% used [0x00000000ec200000,0x00000000ec3c8000,0x00000000ec500000)
  to   space 3072K, 0% used [0x00000000ebf00000,0x00000000ebf00000,0x00000000ec200000)
 ParOldGen       total 129536K, used 7239K [0x00000000c0000000, 0x00000000c7e80000, 0x00000000eab00000)
  object space 129536K, 5% used [0x00000000c0000000,0x00000000c0711e40,0x00000000c7e80000)
 Metaspace       used 5860K, capacity 6832K, committed 7040K, reserved 1056768K
  class space    used 592K, capacity 616K, committed 640K, reserved 1048576K
}

Deoptimization events (10 events):
Event: 4.693 Thread 0x0000000056955800 Uncommon trap: reason=bimorphic action=maybe_recompile pc=0x0000000002924500 method=java.util.HashMap.getNode(ILjava/lang/Object;)Ljava/util/HashMap$Node; @ 126
Event: 4.693 Thread 0x0000000056955800 Uncommon trap: reason=bimorphic action=maybe_recompile pc=0x0000000002927490 method=java.util.HashMap.getNode(ILjava/lang/Object;)Ljava/util/HashMap$Node; @ 126
Event: 4.832 Thread 0x0000000056955800 Uncommon trap: reason=unreached action=reinterpret pc=0x0000000002c820f0 method=com.android.dx.ssa.SCCP.simulateBranch(Lcom/android/dx/ssa/SsaInsn;)V @ 334
Event: 4.853 Thread 0x0000000056955800 Uncommon trap: reason=bimorphic action=maybe_recompile pc=0x0000000002ac4110 method=com.android.dx.cf.code.BytecodeArray.parseInstruction(ILcom/android/dx/cf/code/BytecodeArray$Visitor;)I @ 907
Event: 4.853 Thread 0x0000000056955800 Uncommon trap: reason=bimorphic action=maybe_recompile pc=0x0000000002ac4110 method=com.android.dx.cf.code.BytecodeArray.parseInstruction(ILcom/android/dx/cf/code/BytecodeArray$Visitor;)I @ 907
Event: 4.983 Thread 0x0000000056955800 Uncommon trap: reason=unreached action=reinterpret pc=0x0000000002c01cf4 method=com.android.dx.dex.code.RopToDop.dopFor(Lcom/android/dx/rop/code/Insn;)Lcom/android/dx/dex/code/Dop; @ 747
Event: 4.987 Thread 0x0000000056954000 Uncommon trap: reason=class_check action=maybe_recompile pc=0x0000000002c2aedc method=com.android.dx.cf.code.RopperMachine.run(Lcom/android/dx/cf/code/Frame;II)V @ 1024
Event: 4.987 Thread 0x0000000056954000 Uncommon trap: reason=bimorphic action=maybe_recompile pc=0x0000000002a0d2b0 method=com.android.dx.ssa.LiteralOpUpgrader.tryReplacingWithConstant(Lcom/android/dx/ssa/NormalSsaInsn;)Z @ 52
Event: 4.999 Thread 0x0000000056955800 Uncommon trap: reason=bimorphic action=maybe_recompile pc=0x0000000002ac36c8 method=com.android.dx.cf.code.BytecodeArray.parseInstruction(ILcom/android/dx/cf/code/BytecodeArray$Visitor;)I @ 1501
Event: 4.999 Thread 0x0000000056955800 Uncommon trap: reason=bimorphic action=maybe_recompile pc=0x0000000002ac36c8 method=com.android.dx.cf.code.BytecodeArray.parseInstruction(ILcom/android/dx/cf/code/BytecodeArray$Visitor;)I @ 1501

Internal exceptions (10 events):
Event: 2.572 Thread 0x0000000056954000 Exception <a 'java/security/PrivilegedActionException'> (0x00000000eacbc888) thrown at [D:\re\workspace\8-2-build-windows-amd64-cygwin\jdk8\2238\hotspot\src\share\vm\prims\jvm.cpp, line 1248]
Event: 2.574 Thread 0x00000000004bf000 Exception <a 'java/security/PrivilegedActionException'> (0x00000000eacec6b8) thrown at [D:\re\workspace\8-2-build-windows-amd64-cygwin\jdk8\2238\hotspot\src\share\vm\prims\jvm.cpp, line 1248]
Event: 2.575 Thread 0x00000000004bf000 Exception <a 'java/security/PrivilegedActionException'> (0x00000000eaceee10) thrown at [D:\re\workspace\8-2-build-windows-amd64-cygwin\jdk8\2238\hotspot\src\share\vm\prims\jvm.cpp, line 1248]
Event: 2.577 Thread 0x00000000004bf000 Exception <a 'java/security/PrivilegedActionException'> (0x00000000ead13628) thrown at [D:\re\workspace\8-2-build-windows-amd64-cygwin\jdk8\2238\hotspot\src\share\vm\prims\jvm.cpp, line 1248]
Event: 2.577 Thread 0x00000000004bf000 Exception <a 'java/security/PrivilegedActionException'> (0x00000000ead19138) thrown at [D:\re\workspace\8-2-build-windows-amd64-cygwin\jdk8\2238\hotspot\src\share\vm\prims\jvm.cpp, line 1248]
Event: 2.577 Thread 0x00000000004bf000 Exception <a 'java/security/PrivilegedActionException'> (0x00000000ead26b98) thrown at [D:\re\workspace\8-2-build-windows-amd64-cygwin\jdk8\2238\hotspot\src\share\vm\prims\jvm.cpp, line 1248]
Event: 3.277 Thread 0x0000000056951800 Exception <a 'java/security/PrivilegedActionException'> (0x00000000eab3b170) thrown at [D:\re\workspace\8-2-build-windows-amd64-cygwin\jdk8\2238\hotspot\src\share\vm\prims\jvm.cpp, line 1248]
Event: 4.152 Thread 0x0000000056955800 Exception <a 'java/security/PrivilegedActionException'> (0x00000000eafb00d8) thrown at [D:\re\workspace\8-2-build-windows-amd64-cygwin\jdk8\2238\hotspot\src\share\vm\prims\jvm.cpp, line 1248]
Event: 4.853 Thread 0x0000000056955800 Exception <a 'java/security/PrivilegedActionException'> (0x00000000eb317c70) thrown at [D:\re\workspace\8-2-build-windows-amd64-cygwin\jdk8\2238\hotspot\src\share\vm\prims\jvm.cpp, line 1248]
Event: 4.988 Thread 0x0000000056954000 Exception <a 'java/security/PrivilegedActionException'> (0x00000000eb74d358) thrown at [D:\re\workspace\8-2-build-windows-amd64-cygwin\jdk8\2238\hotspot\src\share\vm\prims\jvm.cpp, line 1248]

Events (10 events):
Event: 4.994 Thread 0x0000000056955800 DEOPT PACKING pc=0x0000000002b940ad sp=0x000000005825ec20
Event: 4.994 Thread 0x0000000056955800 DEOPT UNPACKING pc=0x00000000027a7604 sp=0x000000005825e9b0 mode 0
Event: 4.999 Thread 0x0000000056955800 Uncommon trap: trap_request=0xffffffc6 fr.pc=0x0000000002ac36c8
Event: 4.999 Thread 0x0000000056955800 DEOPT PACKING pc=0x0000000002ac36c8 sp=0x000000005825e9f0
Event: 4.999 Thread 0x0000000056955800 DEOPT UNPACKING pc=0x00000000027a55af sp=0x000000005825e980 mode 2
Event: 4.999 Thread 0x0000000056955800 Uncommon trap: trap_request=0xffffffc6 fr.pc=0x0000000002ac36c8
Event: 4.999 Thread 0x0000000056955800 DEOPT PACKING pc=0x0000000002ac36c8 sp=0x000000005825e840
Event: 4.999 Thread 0x0000000056955800 DEOPT UNPACKING pc=0x00000000027a55af sp=0x000000005825e7d0 mode 2
Event: 5.010 Thread 0x0000000056955800 DEOPT PACKING pc=0x0000000002b24ad4 sp=0x000000005825eba0
Event: 5.010 Thread 0x0000000056955800 DEOPT UNPACKING pc=0x00000000027a7604 sp=0x000000005825e920 mode 0


Dynamic libraries:
0x000000013fbd0000 - 0x000000013fc04000 	C:\Program Files\Java\jdk1.8.0\bin\java.exe
0x00000000774e0000 - 0x000000007768a000 	C:\Windows\SYSTEM32\ntdll.dll
0x000007fef5dd0000 - 0x000007fef5e03000 	C:\Program Files\AVAST Software\Avast\x64\aswhooka.dll
0x00000000773c0000 - 0x00000000774df000 	C:\Windows\system32\kernel32.dll
0x000007fefd2c0000 - 0x000007fefd32a000 	C:\Windows\system32\KERNELBASE.dll
0x000007fefeca0000 - 0x000007fefed7b000 	C:\Windows\system32\ADVAPI32.dll
0x000007fefeea0000 - 0x000007fefef3f000 	C:\Windows\system32\msvcrt.dll
0x000007feff7d0000 - 0x000007feff7ef000 	C:\Windows\SYSTEM32\sechost.dll
0x000007feff320000 - 0x000007feff44d000 	C:\Windows\system32\RPCRT4.dll
0x00000000772c0000 - 0x00000000773ba000 	C:\Windows\system32\USER32.dll
0x000007fefea00000 - 0x000007fefea67000 	C:\Windows\system32\GDI32.dll
0x000007fefed80000 - 0x000007fefed8e000 	C:\Windows\system32\LPK.dll
0x000007fefe620000 - 0x000007fefe6ea000 	C:\Windows\system32\USP10.dll
0x000007fefba80000 - 0x000007fefbc74000 	C:\Windows\WinSxS\amd64_microsoft.windows.common-controls_6595b64144ccf1df_6.0.7601.18837_none_fa3b1e3d17594757\COMCTL32.dll
0x000007fefe520000 - 0x000007fefe591000 	C:\Windows\system32\SHLWAPI.dll
0x000007feff7a0000 - 0x000007feff7ce000 	C:\Windows\system32\IMM32.DLL
0x000007fefed90000 - 0x000007fefee99000 	C:\Windows\system32\MSCTF.dll
0x000000006c020000 - 0x000000006c0f2000 	C:\Program Files\Java\jdk1.8.0\jre\bin\msvcr100.dll
0x000000005cda0000 - 0x000000005d5ca000 	C:\Program Files\Java\jdk1.8.0\jre\bin\server\jvm.dll
0x000007fef9e90000 - 0x000007fef9e99000 	C:\Windows\system32\WSOCK32.dll
0x000007fefe6f0000 - 0x000007fefe73d000 	C:\Windows\system32\WS2_32.dll
0x000007fefef40000 - 0x000007fefef48000 	C:\Windows\system32\NSI.dll
0x000007fefaea0000 - 0x000007fefaedb000 	C:\Windows\system32\WINMM.dll
0x00000000776a0000 - 0x00000000776a7000 	C:\Windows\system32\PSAPI.DLL
0x0000000072cc0000 - 0x0000000072ccf000 	C:\Program Files\Java\jdk1.8.0\jre\bin\verify.dll
0x00000000700a0000 - 0x00000000700c8000 	C:\Program Files\Java\jdk1.8.0\jre\bin\java.dll
0x000000006e8e0000 - 0x000000006e8f6000 	C:\Program Files\Java\jdk1.8.0\jre\bin\zip.dll
0x000007fefd790000 - 0x000007fefe519000 	C:\Windows\system32\SHELL32.dll
0x000007fefd590000 - 0x000007fefd78c000 	C:\Windows\system32\ole32.dll
0x000007fefd1e0000 - 0x000007fefd1ef000 	C:\Windows\system32\profapi.dll

VM Arguments:
jvm_args: -Djava.awt.headless=true -Xmx1024M -Dfile.encoding=x-windows-950 -Duser.country=TW -Duser.language=zh -Duser.variant 
java_command: com.android.dx.command.Main --dex --force-jumbo --num-threads=4 --multi-dex --output C:\Users\Mist\Desktop\LongingForMao\app\build\intermediates\transforms\dex\debug\folders\1000\10\com.google.android.gms-play-services-basement-10.0.0_133d92a47ce48dabab162b4378320ed4e906f0b1 C:\Users\Mist\Desktop\LongingForMao\app\build\intermediates\exploded-aar\com.google.android.gms\play-services-basement\10.0.0\jars\classes.jar
java_class_path (initial): M:\Android\sdk\build-tools\23.0.3\lib\dx.jar
Launcher Type: SUN_STANDARD

Environment Variables:
JAVA_HOME=C:\Program Files\Java\jdk1.8.0
PATH=C:\ProgramData\Oracle\Java\javapath;C:\Program Files\Common Files\Microsoft Shared\Windows Live;C:\Program Files (x86)\Common Files\Microsoft Shared\Windows Live;C:\Program Files (x86)\Intel\iCLS Client\;C:\Program Files\Intel\iCLS Client\;C:\Windows\system32;C:\Windows;C:\Windows\System32\Wbem;C:\Windows\System32\WindowsPowerShell\v1.0\;C:\Program Files\Java\jdk1.8.0\bin;C:\Program Files\Intel\Intel(R) Management Engine Components\DAL;C:\Program Files\Intel\Intel(R) Management Engine Components\IPT;C:\Program Files (x86)\Intel\Intel(R) Management Engine Components\DAL;C:\Program Files (x86)\Intel\Intel(R) Management Engine Components\IPT;C:\Program Files\Microsoft SQL Server\110\Tools\Binn\;C:\Program Files\Common Files\Autodesk Shared\;C:\Users\Mist\AppData\Local\Android\android-sdk\platform-tools;C:\Ruby22-x64\bin;C:\MinGW\bin;C:\Program Files (x86)\NVIDIA Corporation\PhysX\Common;C:\putty;C:\Program Files (x86)\Windows Live\Shared;C:\Program Files\Git\cmd;C:\Program Files (x86)\Skype\Phone\;C:\Users\Mist\Anaconda2;C:\Users\Mist\Anaconda2\Scripts;C:\Users\Mist\Anaconda2\Library\bin;C:\Users\Mist\AppData\Local\Google\Cloud SDK\google-cloud-sdk\bin
USERNAME=Mist
OS=Windows_NT
PROCESSOR_IDENTIFIER=Intel64 Family 6 Model 60 Stepping 3, GenuineIntel



---------------  S Y S T E M  ---------------

OS: Windows 7 , 64 bit Build 7601 Service Pack 1

CPU:total 4 (4 cores per cpu, 1 threads per core) family 6 model 60 stepping 3, cmov, cx8, fxsr, mmx, sse, sse2, sse3, ssse3, sse4.1, sse4.2, popcnt, avx, avx2, aes, clmul, erms, tsc, tscinvbit

Memory: 4k page, physical 8261440k(963624k free), swap 8259580k(5060k free)

vm_info: Java HotSpot(TM) 64-Bit Server VM (25.0-b70) for windows-amd64 JRE (1.8.0-b132), built on Mar  4 2014 03:46:18 by "java_re" with MS VC++ 10.0 (VS2010)

time: Mon Jun 05 09:56:43 2017
elapsed time: 5 seconds

