#
# There is insufficient memory for the Java Runtime Environment to continue.
# Native memory allocation (malloc) failed to allocate 1283376 bytes for Chunk::new
# Possible reasons:
#   The system is out of physical RAM or swap space
#   In 32 bit mode, the process size limit was hit
# Possible solutions:
#   Reduce memory load on the system
#   Increase physical memory or swap space
#   Check if swap backing store is full
#   Use 64 bit Java on a 64 bit OS
#   Decrease Java heap size (-Xmx/-Xms)
#   Decrease number of Java threads
#   Decrease Java thread stack sizes (-Xss)
#   Set larger code cache with -XX:ReservedCodeCacheSize=
# This output file may be truncated or incomplete.
#
#  Out of Memory Error (allocation.cpp:388), pid=5728, tid=1104
#
# JRE version: Java(TM) SE Runtime Environment (8.0-b132) (build 1.8.0-b132)
# Java VM: Java HotSpot(TM) 64-Bit Server VM (25.0-b70 mixed mode windows-amd64 compressed oops)
# Failed to write core dump. Minidumps are not enabled by default on client versions of Windows
#

---------------  T H R E A D  ---------------

Current thread (0x000000005507d800):  JavaThread "C2 CompilerThread1" daemon [_thread_in_native, id=1104, stack(0x0000000057000000,0x0000000057100000)]

Stack: [0x0000000057000000,0x0000000057100000]
Native frames: (J=compiled Java code, j=interpreted, Vv=VM code, C=native code)
V  [jvm.dll+0x308e0a]
V  [jvm.dll+0x25df11]
V  [jvm.dll+0x25eb2f]
V  [jvm.dll+0x256505]
V  [jvm.dll+0xbcff5]
V  [jvm.dll+0xbd48c]
V  [jvm.dll+0x44d442]
V  [jvm.dll+0x48e15f]
V  [jvm.dll+0x44295e]
V  [jvm.dll+0x44368b]
V  [jvm.dll+0x427552]
V  [jvm.dll+0x96732]
V  [jvm.dll+0x96f23]
V  [jvm.dll+0x2232e4]
V  [jvm.dll+0x27baea]
C  [msvcr100.dll+0x21d9f]
C  [msvcr100.dll+0x21e3b]
C  [kernel32.dll+0x159cd]
C  [ntdll.dll+0x2a561]


Current CompileTask:
C2:   3074 1483       4       com.android.dx.ssa.SCCP::simulateBranch (666 bytes)


---------------  P R O C E S S  ---------------

Java Threads: ( => current thread )
  0x00000000569ad800 JavaThread "pool-2-thread-4" [_thread_blocked, id=6288, stack(0x00000000580a0000,0x00000000581a0000)]
  0x00000000569a8000 JavaThread "pool-2-thread-3" [_thread_blocked, id=4196, stack(0x0000000056480000,0x0000000056580000)]
  0x0000000056a44000 JavaThread "pool-2-thread-2" [_thread_blocked, id=6840, stack(0x0000000057f80000,0x0000000058080000)]
  0x0000000056a84800 JavaThread "pool-3-thread-1" [_thread_blocked, id=5376, stack(0x0000000057da0000,0x0000000057ea0000)]
  0x0000000056a83800 JavaThread "pool-2-thread-1" [_thread_blocked, id=1960, stack(0x0000000057c60000,0x0000000057d60000)]
  0x00000000566d0800 JavaThread "Service Thread" daemon [_thread_blocked, id=6724, stack(0x0000000056e80000,0x0000000056f80000)]
  0x00000000566cc000 JavaThread "C1 CompilerThread2" daemon [_thread_blocked, id=4360, stack(0x0000000057180000,0x0000000057280000)]
=>0x000000005507d800 JavaThread "C2 CompilerThread1" daemon [_thread_in_native, id=1104, stack(0x0000000057000000,0x0000000057100000)]
  0x000000005507b000 JavaThread "C2 CompilerThread0" daemon [_thread_in_native, id=4160, stack(0x0000000056260000,0x0000000056360000)]
  0x00000000566be000 JavaThread "Attach Listener" daemon [_thread_blocked, id=2056, stack(0x0000000056d60000,0x0000000056e60000)]
  0x00000000566cb800 JavaThread "Signal Dispatcher" daemon [_thread_blocked, id=1004, stack(0x0000000056b90000,0x0000000056c90000)]
  0x000000005500e800 JavaThread "Finalizer" daemon [_thread_blocked, id=4460, stack(0x00000000565b0000,0x00000000566b0000)]
  0x0000000055009000 JavaThread "Reference Handler" daemon [_thread_blocked, id=6112, stack(0x0000000056370000,0x0000000056470000)]
  0x0000000001cdf000 JavaThread "main" [_thread_blocked, id=6448, stack(0x0000000002760000,0x0000000002860000)]

Other Threads:
  0x0000000055005800 VMThread [stack: 0x0000000056120000,0x0000000056220000] [id=1264]
  0x00000000566d4800 WatcherThread [stack: 0x00000000572b0000,0x00000000573b0000] [id=6956]

VM state:not at safepoint (normal execution)

VM Mutex/Monitor currently owned by a thread: None

Heap:
 PSYoungGen      total 15872K, used 12944K [0x00000000eab00000, 0x00000000ec500000, 0x0000000100000000)
  eden space 13312K, 83% used [0x00000000eab00000,0x00000000eb5cc2e0,0x00000000eb800000)
  from space 2560K, 73% used [0x00000000eb800000,0x00000000eb9d8010,0x00000000eba80000)
  to   space 2560K, 0% used [0x00000000ec280000,0x00000000ec280000,0x00000000ec500000)
 ParOldGen       total 129536K, used 4611K [0x00000000c0000000, 0x00000000c7e80000, 0x00000000eab00000)
  object space 129536K, 3% used [0x00000000c0000000,0x00000000c0480f08,0x00000000c7e80000)
 Metaspace       used 5849K, capacity 6832K, committed 7040K, reserved 1056768K
  class space    used 586K, capacity 616K, committed 640K, reserved 1048576K

Card table byte_map: [0x0000000011c20000,0x0000000011e30000] byte_map_base: 0x0000000011620000

Marking Bits: (ParMarkBitMap*) 0x000000005dc013b0
 Begin Bits: [0x0000000012480000, 0x0000000013480000)
 End Bits:   [0x0000000013480000, 0x0000000014480000)

Polling page: 0x0000000000160000

CodeCache: size=245760Kb used=5790Kb max_used=5790Kb free=239969Kb
 bounds [0x0000000002860000, 0x0000000002e10000, 0x0000000011860000]
 total_blobs=1763 nmethods=1498 adapters=179
 compilation: enabled

Compilation events (10 events):
Event: 3.007 Thread 0x00000000566cc000 1503       3       com.android.dx.util.IntList::equals (82 bytes)
Event: 3.007 Thread 0x00000000566cc000 nmethod 1503 0x0000000002e063d0 code [0x0000000002e06560, 0x0000000002e06af0]
Event: 3.042 Thread 0x00000000566cc000 1507       1       com.android.dx.rop.cst.CstNat::isCategory2 (2 bytes)
Event: 3.042 Thread 0x00000000566cc000 nmethod 1507 0x0000000002df0a90 code [0x0000000002df0be0, 0x0000000002df0cf0]
Event: 3.042 Thread 0x00000000566cc000 1506   !   3       java.util.zip.Inflater::reset (69 bytes)
Event: 3.043 Thread 0x00000000566cc000 nmethod 1506 0x0000000002e05c50 code [0x0000000002e05de0, 0x0000000002e06218]
Event: 3.043 Thread 0x00000000566cc000 1504       3       java.util.concurrent.locks.AbstractQueuedSynchronizer$ConditionObject::signal (33 bytes)
Event: 3.043 Thread 0x00000000566cc000 nmethod 1504 0x0000000002df6c50 code [0x0000000002df6de0, 0x0000000002df7128]
Event: 3.043 Thread 0x00000000566cc000 1505       3       java.util.concurrent.locks.ReentrantLock$Sync::isHeldExclusively (16 bytes)
Event: 3.043 Thread 0x00000000566cc000 nmethod 1505 0x0000000002e05810 code [0x0000000002e05980, 0x0000000002e05bd0]

GC Heap History (10 events):
Event: 1.693 GC heap before
{Heap before GC invocations=7 (full 0):
 PSYoungGen      total 5120K, used 4621K [0x00000000eab00000, 0x00000000eb100000, 0x0000000100000000)
  eden space 4096K, 100% used [0x00000000eab00000,0x00000000eaf00000,0x00000000eaf00000)
  from space 1024K, 51% used [0x00000000eb000000,0x00000000eb083620,0x00000000eb100000)
  to   space 1024K, 0% used [0x00000000eaf00000,0x00000000eaf00000,0x00000000eb000000)
 ParOldGen       total 129536K, used 787K [0x00000000c0000000, 0x00000000c7e80000, 0x00000000eab00000)
  object space 129536K, 0% used [0x00000000c0000000,0x00000000c00c4f68,0x00000000c7e80000)
 Metaspace       used 4074K, capacity 5232K, committed 5376K, reserved 1056768K
  class space    used 452K, capacity 488K, committed 512K, reserved 1048576K
Event: 1.800 GC heap after
Heap after GC invocations=7 (full 0):
 PSYoungGen      total 5120K, used 986K [0x00000000eab00000, 0x00000000eb600000, 0x0000000100000000)
  eden space 4096K, 0% used [0x00000000eab00000,0x00000000eab00000,0x00000000eaf00000)
  from space 1024K, 96% used [0x00000000eaf00000,0x00000000eaff6a80,0x00000000eb000000)
  to   space 1536K, 0% used [0x00000000eb480000,0x00000000eb480000,0x00000000eb600000)
 ParOldGen       total 129536K, used 1077K [0x00000000c0000000, 0x00000000c7e80000, 0x00000000eab00000)
  object space 129536K, 0% used [0x00000000c0000000,0x00000000c010d630,0x00000000c7e80000)
 Metaspace       used 4074K, capacity 5232K, committed 5376K, reserved 1056768K
  class space    used 452K, capacity 488K, committed 512K, reserved 1048576K
}
Event: 1.938 GC heap before
{Heap before GC invocations=8 (full 0):
 PSYoungGen      total 5120K, used 5082K [0x00000000eab00000, 0x00000000eb600000, 0x0000000100000000)
  eden space 4096K, 100% used [0x00000000eab00000,0x00000000eaf00000,0x00000000eaf00000)
  from space 1024K, 96% used [0x00000000eaf00000,0x00000000eaff6a80,0x00000000eb000000)
  to   space 1536K, 0% used [0x00000000eb480000,0x00000000eb480000,0x00000000eb600000)
 ParOldGen       total 129536K, used 1077K [0x00000000c0000000, 0x00000000c7e80000, 0x00000000eab00000)
  object space 129536K, 0% used [0x00000000c0000000,0x00000000c010d630,0x00000000c7e80000)
 Metaspace       used 5161K, capacity 6224K, committed 6528K, reserved 1056768K
  class space    used 570K, capacity 584K, committed 640K, reserved 1048576K
Event: 1.962 GC heap after
Heap after GC invocations=8 (full 0):
 PSYoungGen      total 9728K, used 1510K [0x00000000eab00000, 0x00000000eb600000, 0x0000000100000000)
  eden space 8192K, 0% used [0x00000000eab00000,0x00000000eab00000,0x00000000eb300000)
  from space 1536K, 98% used [0x00000000eb480000,0x00000000eb5f9b18,0x00000000eb600000)
  to   space 1536K, 0% used [0x00000000eb300000,0x00000000eb300000,0x00000000eb480000)
 ParOldGen       total 129536K, used 1301K [0x00000000c0000000, 0x00000000c7e80000, 0x00000000eab00000)
  object space 129536K, 1% used [0x00000000c0000000,0x00000000c01456c8,0x00000000c7e80000)
 Metaspace       used 5161K, capacity 6224K, committed 6528K, reserved 1056768K
  class space    used 570K, capacity 584K, committed 640K, reserved 1048576K
}
Event: 2.185 GC heap before
{Heap before GC invocations=9 (full 0):
 PSYoungGen      total 9728K, used 9702K [0x00000000eab00000, 0x00000000eb600000, 0x0000000100000000)
  eden space 8192K, 100% used [0x00000000eab00000,0x00000000eb300000,0x00000000eb300000)
  from space 1536K, 98% used [0x00000000eb480000,0x00000000eb5f9b18,0x00000000eb600000)
  to   space 1536K, 0% used [0x00000000eb300000,0x00000000eb300000,0x00000000eb480000)
 ParOldGen       total 129536K, used 1301K [0x00000000c0000000, 0x00000000c7e80000, 0x00000000eab00000)
  object space 129536K, 1% used [0x00000000c0000000,0x00000000c01456c8,0x00000000c7e80000)
 Metaspace       used 5592K, capacity 6640K, committed 6784K, reserved 1056768K
  class space    used 586K, capacity 616K, committed 640K, reserved 1048576K
Event: 2.195 GC heap after
Heap after GC invocations=9 (full 0):
 PSYoungGen      total 9728K, used 1511K [0x00000000eab00000, 0x00000000ebd00000, 0x0000000100000000)
  eden space 8192K, 0% used [0x00000000eab00000,0x00000000eab00000,0x00000000eb300000)
  from space 1536K, 98% used [0x00000000eb300000,0x00000000eb479c68,0x00000000eb480000)
  to   space 2560K, 0% used [0x00000000eba80000,0x00000000eba80000,0x00000000ebd00000)
 ParOldGen       total 129536K, used 2284K [0x00000000c0000000, 0x00000000c7e80000, 0x00000000eab00000)
  object space 129536K, 1% used [0x00000000c0000000,0x00000000c023b3f8,0x00000000c7e80000)
 Metaspace       used 5592K, capacity 6640K, committed 6784K, reserved 1056768K
  class space    used 586K, capacity 616K, committed 640K, reserved 1048576K
}
Event: 2.350 GC heap before
{Heap before GC invocations=10 (full 0):
 PSYoungGen      total 9728K, used 9703K [0x00000000eab00000, 0x00000000ebd00000, 0x0000000100000000)
  eden space 8192K, 100% used [0x00000000eab00000,0x00000000eb300000,0x00000000eb300000)
  from space 1536K, 98% used [0x00000000eb300000,0x00000000eb479c68,0x00000000eb480000)
  to   space 2560K, 0% used [0x00000000eba80000,0x00000000eba80000,0x00000000ebd00000)
 ParOldGen       total 129536K, used 2284K [0x00000000c0000000, 0x00000000c7e80000, 0x00000000eab00000)
  object space 129536K, 1% used [0x00000000c0000000,0x00000000c023b3f8,0x00000000c7e80000)
 Metaspace       used 5675K, capacity 6704K, committed 6784K, reserved 1056768K
  class space    used 586K, capacity 616K, committed 640K, reserved 1048576K
Event: 2.551 GC heap after
Heap after GC invocations=10 (full 0):
 PSYoungGen      total 15872K, used 2000K [0x00000000eab00000, 0x00000000ebd00000, 0x0000000100000000)
  eden space 13312K, 0% used [0x00000000eab00000,0x00000000eab00000,0x00000000eb800000)
  from space 2560K, 78% used [0x00000000eba80000,0x00000000ebc74028,0x00000000ebd00000)
  to   space 2560K, 0% used [0x00000000eb800000,0x00000000eb800000,0x00000000eba80000)
 ParOldGen       total 129536K, used 2670K [0x00000000c0000000, 0x00000000c7e80000, 0x00000000eab00000)
  object space 129536K, 2% used [0x00000000c0000000,0x00000000c029bad8,0x00000000c7e80000)
 Metaspace       used 5675K, capacity 6704K, committed 6784K, reserved 1056768K
  class space    used 586K, capacity 616K, committed 640K, reserved 1048576K
}
Event: 2.716 GC heap before
{Heap before GC invocations=11 (full 0):
 PSYoungGen      total 15872K, used 15312K [0x00000000eab00000, 0x00000000ebd00000, 0x0000000100000000)
  eden space 13312K, 100% used [0x00000000eab00000,0x00000000eb800000,0x00000000eb800000)
  from space 2560K, 78% used [0x00000000eba80000,0x00000000ebc74028,0x00000000ebd00000)
  to   space 2560K, 0% used [0x00000000eb800000,0x00000000eb800000,0x00000000eba80000)
 ParOldGen       total 129536K, used 2670K [0x00000000c0000000, 0x00000000c7e80000, 0x00000000eab00000)
  object space 129536K, 2% used [0x00000000c0000000,0x00000000c029bad8,0x00000000c7e80000)
 Metaspace       used 5807K, capacity 6832K, committed 7040K, reserved 1056768K
  class space    used 586K, capacity 616K, committed 640K, reserved 1048576K
Event: 2.813 GC heap after
Heap after GC invocations=11 (full 0):
 PSYoungGen      total 15872K, used 1888K [0x00000000eab00000, 0x00000000ec500000, 0x0000000100000000)
  eden space 13312K, 0% used [0x00000000eab00000,0x00000000eab00000,0x00000000eb800000)
  from space 2560K, 73% used [0x00000000eb800000,0x00000000eb9d8010,0x00000000eba80000)
  to   space 2560K, 0% used [0x00000000ec280000,0x00000000ec280000,0x00000000ec500000)
 ParOldGen       total 129536K, used 4611K [0x00000000c0000000, 0x00000000c7e80000, 0x00000000eab00000)
  object space 129536K, 3% used [0x00000000c0000000,0x00000000c0480f08,0x00000000c7e80000)
 Metaspace       used 5807K, capacity 6832K, committed 7040K, reserved 1056768K
  class space    used 586K, capacity 616K, committed 640K, reserved 1048576K
}

Deoptimization events (10 events):
Event: 2.135 Thread 0x00000000569ad800 Uncommon trap: reason=class_check action=maybe_recompile pc=0x0000000002b5237c method=com.android.dx.ssa.NormalSsaInsn.accept(Lcom/android/dx/ssa/SsaInsn$Visitor;)V @ 9
Event: 2.135 Thread 0x00000000569ad800 Uncommon trap: reason=class_check action=maybe_recompile pc=0x0000000002b5237c method=com.android.dx.ssa.NormalSsaInsn.accept(Lcom/android/dx/ssa/SsaInsn$Visitor;)V @ 9
Event: 2.135 Thread 0x00000000569ad800 Uncommon trap: reason=class_check action=maybe_recompile pc=0x0000000002b5237c method=com.android.dx.ssa.NormalSsaInsn.accept(Lcom/android/dx/ssa/SsaInsn$Visitor;)V @ 9
Event: 2.577 Thread 0x0000000056a44000 Uncommon trap: reason=bimorphic action=maybe_recompile pc=0x0000000002afc090 method=java.util.HashMap.getNode(ILjava/lang/Object;)Ljava/util/HashMap$Node; @ 126
Event: 2.577 Thread 0x0000000056a44000 Uncommon trap: reason=bimorphic action=maybe_recompile pc=0x0000000002afc090 method=java.util.HashMap.getNode(ILjava/lang/Object;)Ljava/util/HashMap$Node; @ 126
Event: 2.577 Thread 0x0000000056a44000 Uncommon trap: reason=bimorphic action=maybe_recompile pc=0x0000000002afc090 method=java.util.HashMap.getNode(ILjava/lang/Object;)Ljava/util/HashMap$Node; @ 126
Event: 2.577 Thread 0x0000000056a44000 Uncommon trap: reason=bimorphic action=maybe_recompile pc=0x0000000002afc090 method=java.util.HashMap.getNode(ILjava/lang/Object;)Ljava/util/HashMap$Node; @ 126
Event: 2.577 Thread 0x0000000056a44000 Uncommon trap: reason=bimorphic action=maybe_recompile pc=0x0000000002af327c method=java.util.HashMap.getNode(ILjava/lang/Object;)Ljava/util/HashMap$Node; @ 126
Event: 2.627 Thread 0x0000000056a44000 Uncommon trap: reason=null_check action=make_not_entrant pc=0x0000000002bc0d94 method=com.android.dx.rop.type.Type.equals(Ljava/lang/Object;)Z @ 8
Event: 2.628 Thread 0x0000000056a44000 Uncommon trap: reason=unreached action=reinterpret pc=0x0000000002cc8de8 method=com.android.dx.cf.code.Merger.mergeType(Lcom/android/dx/rop/type/TypeBearer;Lcom/android/dx/rop/type/TypeBearer;)Lcom/android/dx/rop/type/TypeBearer; @ 15

Internal exceptions (10 events):
Event: 1.985 Thread 0x0000000001cdf000 Exception <a 'java/security/PrivilegedActionException'> (0x00000000eab7e618) thrown at [D:\re\workspace\8-2-build-windows-amd64-cygwin\jdk8\2238\hotspot\src\share\vm\prims\jvm.cpp, line 1248]
Event: 1.986 Thread 0x0000000001cdf000 Exception <a 'java/security/PrivilegedActionException'> (0x00000000eab81ef8) thrown at [D:\re\workspace\8-2-build-windows-amd64-cygwin\jdk8\2238\hotspot\src\share\vm\prims\jvm.cpp, line 1248]
Event: 1.987 Thread 0x0000000001cdf000 Exception <a 'java/security/PrivilegedActionException'> (0x00000000eab8e7f8) thrown at [D:\re\workspace\8-2-build-windows-amd64-cygwin\jdk8\2238\hotspot\src\share\vm\prims\jvm.cpp, line 1248]
Event: 1.987 Thread 0x0000000001cdf000 Exception <a 'java/security/PrivilegedActionException'> (0x00000000eab94b18) thrown at [D:\re\workspace\8-2-build-windows-amd64-cygwin\jdk8\2238\hotspot\src\share\vm\prims\jvm.cpp, line 1248]
Event: 1.993 Thread 0x0000000001cdf000 Exception <a 'java/security/PrivilegedActionException'> (0x00000000eab994e0) thrown at [D:\re\workspace\8-2-build-windows-amd64-cygwin\jdk8\2238\hotspot\src\share\vm\prims\jvm.cpp, line 1248]
Event: 2.015 Thread 0x0000000056a44000 Exception <a 'java/security/PrivilegedActionException'> (0x00000000ead24578) thrown at [D:\re\workspace\8-2-build-windows-amd64-cygwin\jdk8\2238\hotspot\src\share\vm\prims\jvm.cpp, line 1248]
Event: 2.016 Thread 0x0000000056a44000 Exception <a 'java/security/PrivilegedActionException'> (0x00000000ead29dd0) thrown at [D:\re\workspace\8-2-build-windows-amd64-cygwin\jdk8\2238\hotspot\src\share\vm\prims\jvm.cpp, line 1248]
Event: 2.037 Thread 0x0000000056a83800 Exception <a 'java/security/PrivilegedActionException'> (0x00000000eabbe8e0) thrown at [D:\re\workspace\8-2-build-windows-amd64-cygwin\jdk8\2238\hotspot\src\share\vm\prims\jvm.cpp, line 1248]
Event: 2.135 Thread 0x0000000056a44000 Exception <a 'java/security/PrivilegedActionException'> (0x00000000eb0957e0) thrown at [D:\re\workspace\8-2-build-windows-amd64-cygwin\jdk8\2238\hotspot\src\share\vm\prims\jvm.cpp, line 1248]
Event: 2.627 Thread 0x0000000056a44000 Implicit null exception at 0x0000000002bc0c92 to 0x0000000002bc0d85

Events (10 events):
Event: 2.577 Thread 0x0000000056a44000 DEOPT PACKING pc=0x0000000002af327c sp=0x000000005807e820
Event: 2.577 Thread 0x0000000056a44000 DEOPT UNPACKING pc=0x00000000028a55af sp=0x000000005807e7b8 mode 2
Event: 2.627 Thread 0x0000000056a44000 Uncommon trap: trap_request=0xfffffff4 fr.pc=0x0000000002bc0d94
Event: 2.628 Thread 0x0000000056a44000 DEOPT PACKING pc=0x0000000002bc0d94 sp=0x000000005807e810
Event: 2.628 Thread 0x0000000056a44000 DEOPT UNPACKING pc=0x00000000028a55af sp=0x000000005807e798 mode 2
Event: 2.628 Thread 0x0000000056a44000 Uncommon trap: trap_request=0xffffffad fr.pc=0x0000000002cc8de8
Event: 2.628 Thread 0x0000000056a44000 DEOPT PACKING pc=0x0000000002cc8de8 sp=0x000000005807e830
Event: 2.628 Thread 0x0000000056a44000 DEOPT UNPACKING pc=0x00000000028a55af sp=0x000000005807e7b0 mode 2
Event: 2.715 Executing VM operation: ParallelGCFailedAllocation
Event: 2.813 Executing VM operation: ParallelGCFailedAllocation done


Dynamic libraries:
0x000000013fdc0000 - 0x000000013fdf4000 	C:\Program Files\Java\jdk1.8.0\bin\java.exe
0x00000000774e0000 - 0x000000007768a000 	C:\Windows\SYSTEM32\ntdll.dll
0x000007fef5dd0000 - 0x000007fef5e03000 	C:\Program Files\AVAST Software\Avast\x64\aswhooka.dll
0x00000000773c0000 - 0x00000000774df000 	C:\Windows\system32\kernel32.dll
0x000007fefd2c0000 - 0x000007fefd32a000 	C:\Windows\system32\KERNELBASE.dll
0x000007fefeca0000 - 0x000007fefed7b000 	C:\Windows\system32\ADVAPI32.dll
0x000007fefeea0000 - 0x000007fefef3f000 	C:\Windows\system32\msvcrt.dll
0x000007feff7d0000 - 0x000007feff7ef000 	C:\Windows\SYSTEM32\sechost.dll
0x000007feff320000 - 0x000007feff44d000 	C:\Windows\system32\RPCRT4.dll
0x00000000772c0000 - 0x00000000773ba000 	C:\Windows\system32\USER32.dll
0x000007fefea00000 - 0x000007fefea67000 	C:\Windows\system32\GDI32.dll
0x000007fefed80000 - 0x000007fefed8e000 	C:\Windows\system32\LPK.dll
0x000007fefe620000 - 0x000007fefe6ea000 	C:\Windows\system32\USP10.dll
0x000007fefba80000 - 0x000007fefbc74000 	C:\Windows\WinSxS\amd64_microsoft.windows.common-controls_6595b64144ccf1df_6.0.7601.18837_none_fa3b1e3d17594757\COMCTL32.dll
0x000007fefe520000 - 0x000007fefe591000 	C:\Windows\system32\SHLWAPI.dll
0x000007feff7a0000 - 0x000007feff7ce000 	C:\Windows\system32\IMM32.DLL
0x000007fefed90000 - 0x000007fefee99000 	C:\Windows\system32\MSCTF.dll
0x000000005d020000 - 0x000000005d0f2000 	C:\Program Files\Java\jdk1.8.0\jre\bin\msvcr100.dll
0x000000005d450000 - 0x000000005dc7a000 	C:\Program Files\Java\jdk1.8.0\jre\bin\server\jvm.dll
0x000007fefaae0000 - 0x000007fefaae9000 	C:\Windows\system32\WSOCK32.dll
0x000007fefe6f0000 - 0x000007fefe73d000 	C:\Windows\system32\WS2_32.dll
0x000007fefef40000 - 0x000007fefef48000 	C:\Windows\system32\NSI.dll
0x000007fefaea0000 - 0x000007fefaedb000 	C:\Windows\system32\WINMM.dll
0x00000000776a0000 - 0x00000000776a7000 	C:\Windows\system32\PSAPI.DLL
0x00000000728a0000 - 0x00000000728af000 	C:\Program Files\Java\jdk1.8.0\jre\bin\verify.dll
0x0000000061160000 - 0x0000000061188000 	C:\Program Files\Java\jdk1.8.0\jre\bin\java.dll
0x000000006afd0000 - 0x000000006afe6000 	C:\Program Files\Java\jdk1.8.0\jre\bin\zip.dll
0x000007fefd790000 - 0x000007fefe519000 	C:\Windows\system32\SHELL32.dll
0x000007fefd590000 - 0x000007fefd78c000 	C:\Windows\system32\ole32.dll
0x000007fefd1e0000 - 0x000007fefd1ef000 	C:\Windows\system32\profapi.dll
0x000007fef7020000 - 0x000007fef7145000 	C:\Windows\system32\dbghelp.dll

VM Arguments:
jvm_args: -Djava.awt.headless=true -Xmx1024M -Dfile.encoding=x-windows-950 -Duser.country=TW -Duser.language=zh -Duser.variant 
java_command: com.android.dx.command.Main --dex --force-jumbo --num-threads=4 --multi-dex --output C:\Users\Mist\Desktop\LongingForMao\app\build\intermediates\transforms\dex\debug\folders\1000\10\com.google.android.gms-play-services-games-10.0.0_2544ea1cb912c620785e7608234c0f3c2acf266c C:\Users\Mist\Desktop\LongingForMao\app\build\intermediates\exploded-aar\com.google.android.gms\play-services-games\10.0.0\jars\classes.jar
java_class_path (initial): M:\Android\sdk\build-tools\23.0.3\lib\dx.jar
Launcher Type: SUN_STANDARD

Environment Variables:
JAVA_HOME=C:\Program Files\Java\jdk1.8.0
PATH=C:\ProgramData\Oracle\Java\javapath;C:\Program Files\Common Files\Microsoft Shared\Windows Live;C:\Program Files (x86)\Common Files\Microsoft Shared\Windows Live;C:\Program Files (x86)\Intel\iCLS Client\;C:\Program Files\Intel\iCLS Client\;C:\Windows\system32;C:\Windows;C:\Windows\System32\Wbem;C:\Windows\System32\WindowsPowerShell\v1.0\;C:\Program Files\Java\jdk1.8.0\bin;C:\Program Files\Intel\Intel(R) Management Engine Components\DAL;C:\Program Files\Intel\Intel(R) Management Engine Components\IPT;C:\Program Files (x86)\Intel\Intel(R) Management Engine Components\DAL;C:\Program Files (x86)\Intel\Intel(R) Management Engine Components\IPT;C:\Program Files\Microsoft SQL Server\110\Tools\Binn\;C:\Program Files\Common Files\Autodesk Shared\;C:\Users\Mist\AppData\Local\Android\android-sdk\platform-tools;C:\Ruby22-x64\bin;C:\MinGW\bin;C:\Program Files (x86)\NVIDIA Corporation\PhysX\Common;C:\putty;C:\Program Files (x86)\Windows Live\Shared;C:\Program Files\Git\cmd;C:\Program Files (x86)\Skype\Phone\;C:\Users\Mist\Anaconda2;C:\Users\Mist\Anaconda2\Scripts;C:\Users\Mist\Anaconda2\Library\bin;C:\Users\Mist\AppData\Local\Google\Cloud SDK\google-cloud-sdk\bin
USERNAME=Mist
OS=Windows_NT
PROCESSOR_IDENTIFIER=Intel64 Family 6 Model 60 Stepping 3, GenuineIntel



---------------  S Y S T E M  ---------------

OS: Windows 7 , 64 bit Build 7601 Service Pack 1

CPU:total 4 (4 cores per cpu, 1 threads per core) family 6 model 60 stepping 3, cmov, cx8, fxsr, mmx, sse, sse2, sse3, ssse3, sse4.1, sse4.2, popcnt, avx, avx2, aes, clmul, erms, tsc, tscinvbit

Memory: 4k page, physical 8261440k(1087120k free), swap 8259580k(174624k free)

vm_info: Java HotSpot(TM) 64-Bit Server VM (25.0-b70) for windows-amd64 JRE (1.8.0-b132), built on Mar  4 2014 03:46:18 by "java_re" with MS VC++ 10.0 (VS2010)

time: Sun Jun 04 20:20:23 2017
elapsed time: 3 seconds

