#
# There is insufficient memory for the Java Runtime Environment to continue.
# Native memory allocation (malloc) failed to allocate 32744 bytes for ChunkPool::allocate
# Possible reasons:
#   The system is out of physical RAM or swap space
#   In 32 bit mode, the process size limit was hit
# Possible solutions:
#   Reduce memory load on the system
#   Increase physical memory or swap space
#   Check if swap backing store is full
#   Use 64 bit Java on a 64 bit OS
#   Decrease Java heap size (-Xmx/-Xms)
#   Decrease number of Java threads
#   Decrease Java thread stack sizes (-Xss)
#   Set larger code cache with -XX:ReservedCodeCacheSize=
# This output file may be truncated or incomplete.
#
#  Out of Memory Error (allocation.cpp:271), pid=1960, tid=2140
#
# JRE version: Java(TM) SE Runtime Environment (8.0-b132) (build 1.8.0-b132)
# Java VM: Java HotSpot(TM) 64-Bit Server VM (25.0-b70 mixed mode windows-amd64 compressed oops)
# Failed to write core dump. Minidumps are not enabled by default on client versions of Windows
#

---------------  T H R E A D  ---------------

Current thread (0x00000000553ab000):  JavaThread "C2 CompilerThread0" daemon [_thread_in_native, id=2140, stack(0x0000000056cd0000,0x0000000056dd0000)]

Stack: [0x0000000056cd0000,0x0000000056dd0000]
Native frames: (J=compiled Java code, j=interpreted, Vv=VM code, C=native code)
V  [jvm.dll+0x308e0a]


Current CompileTask:
C2:   1331  635       4       java.util.BitSet::nextSetBit (102 bytes)


---------------  P R O C E S S  ---------------

Java Threads: ( => current thread )
  0x0000000056c12000 JavaThread "pool-2-thread-4" [_thread_blocked, id=4088, stack(0x0000000058430000,0x0000000058530000)]
  0x0000000056c4a000 JavaThread "pool-2-thread-3" [_thread_in_Java, id=5652, stack(0x0000000058280000,0x0000000058380000)]
  0x0000000056c68000 JavaThread "pool-2-thread-2" [_thread_in_Java, id=5256, stack(0x0000000058020000,0x0000000058120000)]
  0x0000000056c67000 JavaThread "pool-3-thread-1" [_thread_blocked, id=6468, stack(0x00000000574a0000,0x00000000575a0000)]
  0x0000000056c64000 JavaThread "pool-2-thread-1" [_thread_in_vm, id=5276, stack(0x0000000057eb0000,0x0000000057fb0000)]
  0x0000000056948000 JavaThread "Service Thread" daemon [_thread_blocked, id=2864, stack(0x0000000057350000,0x0000000057450000)]
  0x00000000568dc800 JavaThread "C1 CompilerThread2" daemon [_thread_in_native, id=7076, stack(0x0000000057120000,0x0000000057220000)]
  0x00000000553ad800 JavaThread "C2 CompilerThread1" daemon [_thread_in_vm, id=1264, stack(0x0000000056f80000,0x0000000057080000)]
=>0x00000000553ab000 JavaThread "C2 CompilerThread0" daemon [_thread_in_native, id=2140, stack(0x0000000056cd0000,0x0000000056dd0000)]
  0x00000000568ce000 JavaThread "Attach Listener" daemon [_thread_blocked, id=6192, stack(0x0000000056e10000,0x0000000056f10000)]
  0x00000000568db800 JavaThread "Signal Dispatcher" daemon [_thread_blocked, id=2692, stack(0x0000000056500000,0x0000000056600000)]
  0x000000005533e800 JavaThread "Finalizer" daemon [_thread_blocked, id=4552, stack(0x00000000567c0000,0x00000000568c0000)]
  0x0000000055339000 JavaThread "Reference Handler" daemon [_thread_blocked, id=6072, stack(0x0000000056660000,0x0000000056760000)]
  0x000000000260f000 JavaThread "main" [_thread_in_Java, id=2568, stack(0x0000000002940000,0x0000000002a40000)]

Other Threads:
  0x0000000055335800 VMThread [stack: 0x00000000563c0000,0x00000000564c0000] [id=4008]
  0x0000000056949800 WatcherThread [stack: 0x00000000575b0000,0x00000000576b0000] [id=1700]

VM state:not at safepoint (normal execution)

VM Mutex/Monitor currently owned by a thread: None

Heap:
 PSYoungGen      total 5120K, used 4325K [0x00000000eab00000, 0x00000000eb600000, 0x0000000100000000)
  eden space 3584K, 79% used [0x00000000eab00000,0x00000000eadc5208,0x00000000eae80000)
  from space 1536K, 98% used [0x00000000eae80000,0x00000000eaff8e40,0x00000000eb000000)
  to   space 2048K, 0% used [0x00000000eb400000,0x00000000eb400000,0x00000000eb600000)
 ParOldGen       total 129536K, used 1113K [0x00000000c0000000, 0x00000000c7e80000, 0x00000000eab00000)
  object space 129536K, 0% used [0x00000000c0000000,0x00000000c01164e0,0x00000000c7e80000)
 Metaspace       used 5400K, capacity 6448K, committed 6528K, reserved 1056768K
  class space    used 588K, capacity 616K, committed 640K, reserved 1048576K

Card table byte_map: [0x0000000011e00000,0x0000000012010000] byte_map_base: 0x0000000011800000

Marking Bits: (ParMarkBitMap*) 0x000000005dc013b0
 Begin Bits: [0x00000000127b0000, 0x00000000137b0000)
 End Bits:   [0x00000000137b0000, 0x00000000147b0000)

Polling page: 0x0000000000260000

CodeCache: size=245760Kb used=2350Kb max_used=2361Kb free=243409Kb
 bounds [0x0000000002a40000, 0x0000000002cb0000, 0x0000000011a40000]
 total_blobs=888 nmethods=623 adapters=179
 compilation: enabled

Compilation events (10 events):
Event: 1.326 Thread 0x00000000568dc800 nmethod 615 0x0000000002c89e90 code [0x0000000002c8a000, 0x0000000002c8a248]
Event: 1.326 Thread 0x00000000568dc800  619       3       com.android.dx.rop.code.PlainInsn::<init> (73 bytes)
Event: 1.326 Thread 0x00000000568dc800 nmethod 619 0x0000000002c8a2d0 code [0x0000000002c8a460, 0x0000000002c8a8c8]
Event: 1.326 Thread 0x00000000568dc800  636       3       com.android.dx.rop.code.CstInsn::<init> (31 bytes)
Event: 1.326 Thread 0x00000000568dc800 nmethod 636 0x0000000002c8aa50 code [0x0000000002c8abc0, 0x0000000002c8ae38]
Event: 1.326 Thread 0x00000000568dc800  623       3       com.android.dx.util.LabeledList::set (45 bytes)
Event: 1.326 Thread 0x00000000568dc800 nmethod 623 0x0000000002c8af50 code [0x0000000002c8b180, 0x0000000002c8be48]
Event: 1.326 Thread 0x00000000568dc800  621   !   3       com.android.dx.cf.code.BytecodeArray::parseInstruction (2764 bytes)
Event: 1.329 Thread 0x00000000553ab000  635       4       java.util.BitSet::nextSetBit (102 bytes)
Event: 1.329 Thread 0x00000000553ad800  622       4       com.android.dx.util.ByteArray::getUnsignedShort (25 bytes)

GC Heap History (10 events):
Event: 0.524 GC heap before
{Heap before GC invocations=3 (full 0):
 PSYoungGen      total 1536K, used 1531K [0x00000000eab00000, 0x00000000ead00000, 0x0000000100000000)
  eden space 1024K, 100% used [0x00000000eab00000,0x00000000eac00000,0x00000000eac00000)
  from space 512K, 99% used [0x00000000eac80000,0x00000000eacfec30,0x00000000ead00000)
  to   space 512K, 0% used [0x00000000eac00000,0x00000000eac00000,0x00000000eac80000)
 ParOldGen       total 129536K, used 288K [0x00000000c0000000, 0x00000000c7e80000, 0x00000000eab00000)
  object space 129536K, 0% used [0x00000000c0000000,0x00000000c0048000,0x00000000c7e80000)
 Metaspace       used 3457K, capacity 4720K, committed 4864K, reserved 1056768K
  class space    used 378K, capacity 424K, committed 512K, reserved 1048576K
Event: 0.606 GC heap after
Heap after GC invocations=3 (full 0):
 PSYoungGen      total 1536K, used 493K [0x00000000eab00000, 0x00000000eae00000, 0x0000000100000000)
  eden space 1024K, 0% used [0x00000000eab00000,0x00000000eab00000,0x00000000eac00000)
  from space 512K, 96% used [0x00000000eac00000,0x00000000eac7b620,0x00000000eac80000)
  to   space 512K, 0% used [0x00000000ead80000,0x00000000ead80000,0x00000000eae00000)
 ParOldGen       total 129536K, used 608K [0x00000000c0000000, 0x00000000c7e80000, 0x00000000eab00000)
  object space 129536K, 0% used [0x00000000c0000000,0x00000000c0098018,0x00000000c7e80000)
 Metaspace       used 3457K, capacity 4720K, committed 4864K, reserved 1056768K
  class space    used 378K, capacity 424K, committed 512K, reserved 1048576K
}
Event: 0.614 GC heap before
{Heap before GC invocations=4 (full 0):
 PSYoungGen      total 1536K, used 1517K [0x00000000eab00000, 0x00000000eae00000, 0x0000000100000000)
  eden space 1024K, 100% used [0x00000000eab00000,0x00000000eac00000,0x00000000eac00000)
  from space 512K, 96% used [0x00000000eac00000,0x00000000eac7b620,0x00000000eac80000)
  to   space 512K, 0% used [0x00000000ead80000,0x00000000ead80000,0x00000000eae00000)
 ParOldGen       total 129536K, used 608K [0x00000000c0000000, 0x00000000c7e80000, 0x00000000eab00000)
  object space 129536K, 0% used [0x00000000c0000000,0x00000000c0098018,0x00000000c7e80000)
 Metaspace       used 3471K, capacity 4720K, committed 4864K, reserved 1056768K
  class space    used 378K, capacity 424K, committed 512K, reserved 1048576K
Event: 0.655 GC heap after
Heap after GC invocations=4 (full 0):
 PSYoungGen      total 2560K, used 509K [0x00000000eab00000, 0x00000000eae00000, 0x0000000100000000)
  eden space 2048K, 0% used [0x00000000eab00000,0x00000000eab00000,0x00000000ead00000)
  from space 512K, 99% used [0x00000000ead80000,0x00000000eadff610,0x00000000eae00000)
  to   space 512K, 0% used [0x00000000ead00000,0x00000000ead00000,0x00000000ead80000)
 ParOldGen       total 129536K, used 608K [0x00000000c0000000, 0x00000000c7e80000, 0x00000000eab00000)
  object space 129536K, 0% used [0x00000000c0000000,0x00000000c0098018,0x00000000c7e80000)
 Metaspace       used 3471K, capacity 4720K, committed 4864K, reserved 1056768K
  class space    used 378K, capacity 424K, committed 512K, reserved 1048576K
}
Event: 0.661 GC heap before
{Heap before GC invocations=5 (full 0):
 PSYoungGen      total 2560K, used 2557K [0x00000000eab00000, 0x00000000eae00000, 0x0000000100000000)
  eden space 2048K, 100% used [0x00000000eab00000,0x00000000ead00000,0x00000000ead00000)
  from space 512K, 99% used [0x00000000ead80000,0x00000000eadff610,0x00000000eae00000)
  to   space 512K, 0% used [0x00000000ead00000,0x00000000ead00000,0x00000000ead80000)
 ParOldGen       total 129536K, used 608K [0x00000000c0000000, 0x00000000c7e80000, 0x00000000eab00000)
  object space 129536K, 0% used [0x00000000c0000000,0x00000000c0098018,0x00000000c7e80000)
 Metaspace       used 3478K, capacity 4720K, committed 4864K, reserved 1056768K
  class space    used 378K, capacity 424K, committed 512K, reserved 1048576K
Event: 0.717 GC heap after
Heap after GC invocations=5 (full 0):
 PSYoungGen      total 2560K, used 509K [0x00000000eab00000, 0x00000000eb100000, 0x0000000100000000)
  eden space 2048K, 0% used [0x00000000eab00000,0x00000000eab00000,0x00000000ead00000)
  from space 512K, 99% used [0x00000000ead00000,0x00000000ead7f630,0x00000000ead80000)
  to   space 1024K, 0% used [0x00000000eb000000,0x00000000eb000000,0x00000000eb100000)
 ParOldGen       total 129536K, used 608K [0x00000000c0000000, 0x00000000c7e80000, 0x00000000eab00000)
  object space 129536K, 0% used [0x00000000c0000000,0x00000000c0098018,0x00000000c7e80000)
 Metaspace       used 3478K, capacity 4720K, committed 4864K, reserved 1056768K
  class space    used 378K, capacity 424K, committed 512K, reserved 1048576K
}
Event: 0.927 GC heap before
{Heap before GC invocations=6 (full 0):
 PSYoungGen      total 2560K, used 2557K [0x00000000eab00000, 0x00000000eb100000, 0x0000000100000000)
  eden space 2048K, 100% used [0x00000000eab00000,0x00000000ead00000,0x00000000ead00000)
  from space 512K, 99% used [0x00000000ead00000,0x00000000ead7f630,0x00000000ead80000)
  to   space 1024K, 0% used [0x00000000eb000000,0x00000000eb000000,0x00000000eb100000)
 ParOldGen       total 129536K, used 608K [0x00000000c0000000, 0x00000000c7e80000, 0x00000000eab00000)
  object space 129536K, 0% used [0x00000000c0000000,0x00000000c0098018,0x00000000c7e80000)
 Metaspace       used 3982K, capacity 5168K, committed 5376K, reserved 1056768K
  class space    used 444K, capacity 488K, committed 512K, reserved 1048576K
Event: 1.036 GC heap after
Heap after GC invocations=6 (full 0):
 PSYoungGen      total 4608K, used 1012K [0x00000000eab00000, 0x00000000eb200000, 0x0000000100000000)
  eden space 3584K, 0% used [0x00000000eab00000,0x00000000eab00000,0x00000000eae80000)
  from space 1024K, 98% used [0x00000000eb000000,0x00000000eb0fd270,0x00000000eb100000)
  to   space 1536K, 0% used [0x00000000eae80000,0x00000000eae80000,0x00000000eb000000)
 ParOldGen       total 129536K, used 734K [0x00000000c0000000, 0x00000000c7e80000, 0x00000000eab00000)
  object space 129536K, 0% used [0x00000000c0000000,0x00000000c00b7898,0x00000000c7e80000)
 Metaspace       used 3982K, capacity 5168K, committed 5376K, reserved 1056768K
  class space    used 444K, capacity 488K, committed 512K, reserved 1048576K
}
Event: 1.170 GC heap before
{Heap before GC invocations=7 (full 0):
 PSYoungGen      total 4608K, used 4596K [0x00000000eab00000, 0x00000000eb200000, 0x0000000100000000)
  eden space 3584K, 100% used [0x00000000eab00000,0x00000000eae80000,0x00000000eae80000)
  from space 1024K, 98% used [0x00000000eb000000,0x00000000eb0fd270,0x00000000eb100000)
  to   space 1536K, 0% used [0x00000000eae80000,0x00000000eae80000,0x00000000eb000000)
 ParOldGen       total 129536K, used 734K [0x00000000c0000000, 0x00000000c7e80000, 0x00000000eab00000)
  object space 129536K, 0% used [0x00000000c0000000,0x00000000c00b7898,0x00000000c7e80000)
 Metaspace       used 4948K, capacity 6032K, committed 6272K, reserved 1056768K
  class space    used 547K, capacity 584K, committed 640K, reserved 1048576K
Event: 1.224 GC heap after
Heap after GC invocations=7 (full 0):
 PSYoungGen      total 5120K, used 1507K [0x00000000eab00000, 0x00000000eb600000, 0x0000000100000000)
  eden space 3584K, 0% used [0x00000000eab00000,0x00000000eab00000,0x00000000eae80000)
  from space 1536K, 98% used [0x00000000eae80000,0x00000000eaff8e40,0x00000000eb000000)
  to   space 2048K, 0% used [0x00000000eb400000,0x00000000eb400000,0x00000000eb600000)
 ParOldGen       total 129536K, used 1113K [0x00000000c0000000, 0x00000000c7e80000, 0x00000000eab00000)
  object space 129536K, 0% used [0x00000000c0000000,0x00000000c01164e0,0x00000000c7e80000)
 Metaspace       used 4948K, capacity 6032K, committed 6272K, reserved 1056768K
  class space    used 547K, capacity 584K, committed 640K, reserved 1048576K
}

Deoptimization events (0 events):
No events

Internal exceptions (10 events):
Event: 1.318 Thread 0x0000000056c64000 Exception <a 'java/security/PrivilegedActionException'> (0x00000000eacf0ff8) thrown at [D:\re\workspace\8-2-build-windows-amd64-cygwin\jdk8\2238\hotspot\src\share\vm\prims\jvm.cpp, line 1248]
Event: 1.319 Thread 0x0000000056c64000 Exception <a 'java/security/PrivilegedActionException'> (0x00000000eacf7040) thrown at [D:\re\workspace\8-2-build-windows-amd64-cygwin\jdk8\2238\hotspot\src\share\vm\prims\jvm.cpp, line 1248]
Event: 1.319 Thread 0x0000000056c64000 Exception <a 'java/security/PrivilegedActionException'> (0x00000000eacfb4c0) thrown at [D:\re\workspace\8-2-build-windows-amd64-cygwin\jdk8\2238\hotspot\src\share\vm\prims\jvm.cpp, line 1248]
Event: 1.319 Thread 0x0000000056c64000 Exception <a 'java/security/PrivilegedActionException'> (0x00000000ead00cc0) thrown at [D:\re\workspace\8-2-build-windows-amd64-cygwin\jdk8\2238\hotspot\src\share\vm\prims\jvm.cpp, line 1248]
Event: 1.320 Thread 0x0000000056c64000 Exception <a 'java/security/PrivilegedActionException'> (0x00000000ead07638) thrown at [D:\re\workspace\8-2-build-windows-amd64-cygwin\jdk8\2238\hotspot\src\share\vm\prims\jvm.cpp, line 1248]
Event: 1.320 Thread 0x0000000056c12000 Exception <a 'java/security/PrivilegedActionException'> (0x00000000eab27e78) thrown at [D:\re\workspace\8-2-build-windows-amd64-cygwin\jdk8\2238\hotspot\src\share\vm\prims\jvm.cpp, line 1248]
Event: 1.322 Thread 0x000000000260f000 Exception <a 'java/security/PrivilegedActionException'> (0x00000000ead20c70) thrown at [D:\re\workspace\8-2-build-windows-amd64-cygwin\jdk8\2238\hotspot\src\share\vm\prims\jvm.cpp, line 1248]
Event: 1.322 Thread 0x0000000056c4a000 Exception <a 'java/security/PrivilegedActionException'> (0x00000000ead310e0) thrown at [D:\re\workspace\8-2-build-windows-amd64-cygwin\jdk8\2238\hotspot\src\share\vm\prims\jvm.cpp, line 1248]
Event: 1.323 Thread 0x0000000056c4a000 Exception <a 'java/security/PrivilegedActionException'> (0x00000000ead330c0) thrown at [D:\re\workspace\8-2-build-windows-amd64-cygwin\jdk8\2238\hotspot\src\share\vm\prims\jvm.cpp, line 1248]
Event: 1.323 Thread 0x0000000056c4a000 Exception <a 'java/security/PrivilegedActionException'> (0x00000000ead47b48) thrown at [D:\re\workspace\8-2-build-windows-amd64-cygwin\jdk8\2238\hotspot\src\share\vm\prims\jvm.cpp, line 1248]

Events (10 events):
Event: 1.320 loading class com/android/dx/dex/file/MethodIdItem
Event: 1.320 loading class com/android/dx/dex/file/MethodIdItem done
Event: 1.322 loading class com/android/dx/dex/file/MethodAnnotationStruct
Event: 1.322 loading class com/android/dx/dex/file/MethodAnnotationStruct done
Event: 1.322 loading class com/android/dx/dex/file/ParameterAnnotationStruct
Event: 1.322 loading class com/android/dx/dex/file/ParameterAnnotationStruct done
Event: 1.323 loading class com/android/dx/dex/file/UniformListItem
Event: 1.323 loading class com/android/dx/dex/file/UniformListItem done
Event: 1.323 loading class com/android/dx/dex/file/AnnotationSetRefItem
Event: 1.323 loading class com/android/dx/dex/file/AnnotationSetRefItem done


Dynamic libraries:
0x000000013fdc0000 - 0x000000013fdf4000 	C:\Program Files\Java\jdk1.8.0\bin\java.exe
0x00000000774e0000 - 0x000000007768a000 	C:\Windows\SYSTEM32\ntdll.dll
0x000007fef5dd0000 - 0x000007fef5e03000 	C:\Program Files\AVAST Software\Avast\x64\aswhooka.dll
0x00000000773c0000 - 0x00000000774df000 	C:\Windows\system32\kernel32.dll
0x000007fefd2c0000 - 0x000007fefd32a000 	C:\Windows\system32\KERNELBASE.dll
0x000007fefeca0000 - 0x000007fefed7b000 	C:\Windows\system32\ADVAPI32.dll
0x000007fefeea0000 - 0x000007fefef3f000 	C:\Windows\system32\msvcrt.dll
0x000007feff7d0000 - 0x000007feff7ef000 	C:\Windows\SYSTEM32\sechost.dll
0x000007feff320000 - 0x000007feff44d000 	C:\Windows\system32\RPCRT4.dll
0x00000000772c0000 - 0x00000000773ba000 	C:\Windows\system32\USER32.dll
0x000007fefea00000 - 0x000007fefea67000 	C:\Windows\system32\GDI32.dll
0x000007fefed80000 - 0x000007fefed8e000 	C:\Windows\system32\LPK.dll
0x000007fefe620000 - 0x000007fefe6ea000 	C:\Windows\system32\USP10.dll
0x000007fefba80000 - 0x000007fefbc74000 	C:\Windows\WinSxS\amd64_microsoft.windows.common-controls_6595b64144ccf1df_6.0.7601.18837_none_fa3b1e3d17594757\COMCTL32.dll
0x000007fefe520000 - 0x000007fefe591000 	C:\Windows\system32\SHLWAPI.dll
0x000007feff7a0000 - 0x000007feff7ce000 	C:\Windows\system32\IMM32.DLL
0x000007fefed90000 - 0x000007fefee99000 	C:\Windows\system32\MSCTF.dll
0x000000005d020000 - 0x000000005d0f2000 	C:\Program Files\Java\jdk1.8.0\jre\bin\msvcr100.dll
0x000000005d450000 - 0x000000005dc7a000 	C:\Program Files\Java\jdk1.8.0\jre\bin\server\jvm.dll
0x000007fefaae0000 - 0x000007fefaae9000 	C:\Windows\system32\WSOCK32.dll
0x000007fefe6f0000 - 0x000007fefe73d000 	C:\Windows\system32\WS2_32.dll
0x000007fefef40000 - 0x000007fefef48000 	C:\Windows\system32\NSI.dll
0x000007fefaea0000 - 0x000007fefaedb000 	C:\Windows\system32\WINMM.dll
0x00000000776a0000 - 0x00000000776a7000 	C:\Windows\system32\PSAPI.DLL
0x00000000728a0000 - 0x00000000728af000 	C:\Program Files\Java\jdk1.8.0\jre\bin\verify.dll
0x0000000061160000 - 0x0000000061188000 	C:\Program Files\Java\jdk1.8.0\jre\bin\java.dll
0x000000006afd0000 - 0x000000006afe6000 	C:\Program Files\Java\jdk1.8.0\jre\bin\zip.dll
0x000007fefd790000 - 0x000007fefe519000 	C:\Windows\system32\SHELL32.dll
0x000007fefd590000 - 0x000007fefd78c000 	C:\Windows\system32\ole32.dll
0x000007fefd1e0000 - 0x000007fefd1ef000 	C:\Windows\system32\profapi.dll

VM Arguments:
jvm_args: -Djava.awt.headless=true -Xmx1024M -Dfile.encoding=x-windows-950 -Duser.country=TW -Duser.language=zh -Duser.variant 
java_command: com.android.dx.command.Main --dex --force-jumbo --num-threads=4 --multi-dex --output C:\Users\Mist\Desktop\LongingForMao\app\build\intermediates\transforms\dex\debug\folders\1000\10\com.google.android.gms-play-services-base-10.0.0_89171088a251719f63805a858a11e716908868a0 C:\Users\Mist\Desktop\LongingForMao\app\build\intermediates\exploded-aar\com.google.android.gms\play-services-base\10.0.0\jars\classes.jar
java_class_path (initial): M:\Android\sdk\build-tools\23.0.3\lib\dx.jar
Launcher Type: SUN_STANDARD

Environment Variables:
JAVA_HOME=C:\Program Files\Java\jdk1.8.0
PATH=C:\ProgramData\Oracle\Java\javapath;C:\Program Files\Common Files\Microsoft Shared\Windows Live;C:\Program Files (x86)\Common Files\Microsoft Shared\Windows Live;C:\Program Files (x86)\Intel\iCLS Client\;C:\Program Files\Intel\iCLS Client\;C:\Windows\system32;C:\Windows;C:\Windows\System32\Wbem;C:\Windows\System32\WindowsPowerShell\v1.0\;C:\Program Files\Java\jdk1.8.0\bin;C:\Program Files\Intel\Intel(R) Management Engine Components\DAL;C:\Program Files\Intel\Intel(R) Management Engine Components\IPT;C:\Program Files (x86)\Intel\Intel(R) Management Engine Components\DAL;C:\Program Files (x86)\Intel\Intel(R) Management Engine Components\IPT;C:\Program Files\Microsoft SQL Server\110\Tools\Binn\;C:\Program Files\Common Files\Autodesk Shared\;C:\Users\Mist\AppData\Local\Android\android-sdk\platform-tools;C:\Ruby22-x64\bin;C:\MinGW\bin;C:\Program Files (x86)\NVIDIA Corporation\PhysX\Common;C:\putty;C:\Program Files (x86)\Windows Live\Shared;C:\Program Files\Git\cmd;C:\Program Files (x86)\Skype\Phone\;C:\Users\Mist\Anaconda2;C:\Users\Mist\Anaconda2\Scripts;C:\Users\Mist\Anaconda2\Library\bin;C:\Users\Mist\AppData\Local\Google\Cloud SDK\google-cloud-sdk\bin
USERNAME=Mist
OS=Windows_NT
PROCESSOR_IDENTIFIER=Intel64 Family 6 Model 60 Stepping 3, GenuineIntel



---------------  S Y S T E M  ---------------

OS: Windows 7 , 64 bit Build 7601 Service Pack 1

CPU:total 4 (4 cores per cpu, 1 threads per core) family 6 model 60 stepping 3, cmov, cx8, fxsr, mmx, sse, sse2, sse3, ssse3, sse4.1, sse4.2, popcnt, avx, avx2, aes, clmul, erms, tsc, tscinvbit

Memory: 4k page, physical 8261440k(1097388k free), swap 8259580k(4084k free)

vm_info: Java HotSpot(TM) 64-Bit Server VM (25.0-b70) for windows-amd64 JRE (1.8.0-b132), built on Mar  4 2014 03:46:18 by "java_re" with MS VC++ 10.0 (VS2010)

time: Sun Jun 04 20:20:43 2017
elapsed time: 1 seconds

