#
# There is insufficient memory for the Java Runtime Environment to continue.
# Native memory allocation (malloc) failed to allocate 918896 bytes for Chunk::new
# Possible reasons:
#   The system is out of physical RAM or swap space
#   In 32 bit mode, the process size limit was hit
# Possible solutions:
#   Reduce memory load on the system
#   Increase physical memory or swap space
#   Check if swap backing store is full
#   Use 64 bit Java on a 64 bit OS
#   Decrease Java heap size (-Xmx/-Xms)
#   Decrease number of Java threads
#   Decrease Java thread stack sizes (-Xss)
#   Set larger code cache with -XX:ReservedCodeCacheSize=
# This output file may be truncated or incomplete.
#
#  Out of Memory Error (allocation.cpp:388), pid=3844, tid=6108
#
# JRE version: Java(TM) SE Runtime Environment (8.0-b132) (build 1.8.0-b132)
# Java VM: Java HotSpot(TM) 64-Bit Server VM (25.0-b70 mixed mode windows-amd64 compressed oops)
# Failed to write core dump. Minidumps are not enabled by default on client versions of Windows
#

---------------  T H R E A D  ---------------

Current thread (0x0000000054fcb000):  JavaThread "C2 CompilerThread0" daemon [_thread_in_native, id=6108, stack(0x0000000056cc0000,0x0000000056dc0000)]

Stack: [0x0000000056cc0000,0x0000000056dc0000]
Native frames: (J=compiled Java code, j=interpreted, Vv=VM code, C=native code)
V  [jvm.dll+0x308e0a]


Current CompileTask:
C2:   7234 1949   !   4       com.android.dx.cf.code.RopperMachine::run (1550 bytes)


---------------  P R O C E S S  ---------------

Java Threads: ( => current thread )
  0x00000000568c8800 JavaThread "pool-2-thread-4" [_thread_blocked, id=1960, stack(0x0000000057f80000,0x0000000058080000)]
  0x0000000056943000 JavaThread "pool-2-thread-3" [_thread_blocked, id=5932, stack(0x0000000057d20000,0x0000000057e20000)]
  0x00000000569b5000 JavaThread "pool-2-thread-2" [_thread_blocked, id=6552, stack(0x0000000057b80000,0x0000000057c80000)]
  0x00000000569b9000 JavaThread "pool-3-thread-1" [_thread_blocked, id=3096, stack(0x0000000012020000,0x0000000012120000)]
  0x00000000569c6800 JavaThread "pool-2-thread-1" [_thread_blocked, id=7104, stack(0x00000000579c0000,0x0000000057ac0000)]
  0x00000000565f0800 JavaThread "Service Thread" daemon [_thread_blocked, id=5896, stack(0x0000000057000000,0x0000000057100000)]
  0x00000000565ec000 JavaThread "C1 CompilerThread2" daemon [_thread_blocked, id=6516, stack(0x0000000055fe0000,0x00000000560e0000)]
  0x0000000054fcd800 JavaThread "C2 CompilerThread1" daemon [_thread_blocked, id=904, stack(0x0000000056ea0000,0x0000000056fa0000)]
=>0x0000000054fcb000 JavaThread "C2 CompilerThread0" daemon [_thread_in_native, id=6108, stack(0x0000000056cc0000,0x0000000056dc0000)]
  0x00000000565de000 JavaThread "Attach Listener" daemon [_thread_blocked, id=5776, stack(0x0000000056b70000,0x0000000056c70000)]
  0x00000000565eb800 JavaThread "Signal Dispatcher" daemon [_thread_blocked, id=2668, stack(0x0000000056a20000,0x0000000056b20000)]
  0x0000000054f5e800 JavaThread "Finalizer" daemon [_thread_blocked, id=6224, stack(0x00000000564d0000,0x00000000565d0000)]
  0x0000000054f59000 JavaThread "Reference Handler" daemon [_thread_blocked, id=6568, stack(0x0000000056280000,0x0000000056380000)]
  0x00000000004ef000 JavaThread "main" [_thread_blocked, id=1136, stack(0x0000000002440000,0x0000000002540000)]

Other Threads:
  0x0000000054f55800 VMThread [stack: 0x0000000056130000,0x0000000056230000] [id=1028]
  0x00000000565f4800 WatcherThread [stack: 0x00000000563b0000,0x00000000564b0000] [id=3892]

VM state:not at safepoint (normal execution)

VM Mutex/Monitor currently owned by a thread: None

Heap:
 PSYoungGen      total 33792K, used 8181K [0x00000000eab00000, 0x00000000ed100000, 0x0000000100000000)
  eden space 29184K, 12% used [0x00000000eab00000,0x00000000eae81708,0x00000000ec780000)
  from space 4608K, 99% used [0x00000000ec780000,0x00000000ecbfc010,0x00000000ecc00000)
  to   space 4096K, 0% used [0x00000000ecc00000,0x00000000ecc00000,0x00000000ed000000)
 ParOldGen       total 129536K, used 15097K [0x00000000c0000000, 0x00000000c7e80000, 0x00000000eab00000)
  object space 129536K, 11% used [0x00000000c0000000,0x00000000c0ebe520,0x00000000c7e80000)
 Metaspace       used 6061K, capacity 6936K, committed 7168K, reserved 1056768K
  class space    used 611K, capacity 656K, committed 768K, reserved 1048576K

Card table byte_map: [0x00000000119d0000,0x0000000011be0000] byte_map_base: 0x00000000113d0000

Marking Bits: (ParMarkBitMap*) 0x000000005dc013b0
 Begin Bits: [0x00000000123d0000, 0x00000000133d0000)
 End Bits:   [0x00000000133d0000, 0x00000000143d0000)

Polling page: 0x00000000001f0000

CodeCache: size=245760Kb used=8920Kb max_used=8933Kb free=236839Kb
 bounds [0x0000000002610000, 0x0000000002ee0000, 0x0000000011610000]
 total_blobs=2194 nmethods=1929 adapters=179
 compilation: enabled

Compilation events (10 events):
Event: 7.089 Thread 0x0000000054fcd800 nmethod 1945 0x0000000002ecb590 code [0x0000000002ecb8e0, 0x0000000002ece3d0]
Event: 7.103 Thread 0x0000000054fcb000 1949   !   4       com.android.dx.cf.code.RopperMachine::run (1550 bytes)
Event: 7.173 Thread 0x0000000054fcd800 1950       4       com.android.dx.cf.code.Ropper::addBlock (37 bytes)
Event: 7.180 Thread 0x0000000054fcd800 nmethod 1950 0x0000000002ec17d0 code [0x0000000002ec1960, 0x0000000002ec2058]
Event: 7.180 Thread 0x00000000565ec000 1951       3       com.android.dx.dex.file.AnnotationSetItem::<init> (83 bytes)
Event: 7.181 Thread 0x00000000565ec000 nmethod 1951 0x0000000002ec9450 code [0x0000000002ec9700, 0x0000000002ecaa28]
Event: 7.181 Thread 0x0000000054fcd800 1952       4       com.android.dx.util.ByteArray::<init> (81 bytes)
Event: 7.182 Thread 0x0000000054fcd800 nmethod 1952 0x0000000002ebde10 code [0x0000000002ebdf60, 0x0000000002ebe018]
Event: 7.182 Thread 0x0000000054fcd800 1953       4       com.android.dx.util.LabeledList::<init> (57 bytes)
Event: 7.191 Thread 0x0000000054fcd800 nmethod 1953 0x0000000002ed1950 code [0x0000000002ed1ae0, 0x0000000002ed2498]

GC Heap History (10 events):
Event: 2.024 GC heap before
{Heap before GC invocations=11 (full 0):
 PSYoungGen      total 14848K, used 14672K [0x00000000eab00000, 0x00000000ebe00000, 0x0000000100000000)
  eden space 11776K, 100% used [0x00000000eab00000,0x00000000eb680000,0x00000000eb680000)
  from space 3072K, 94% used [0x00000000eba00000,0x00000000ebcd4010,0x00000000ebd00000)
  to   space 3584K, 0% used [0x00000000eb680000,0x00000000eb680000,0x00000000eba00000)
 ParOldGen       total 129536K, used 3309K [0x00000000c0000000, 0x00000000c7e80000, 0x00000000eab00000)
  object space 129536K, 2% used [0x00000000c0000000,0x00000000c033b6b8,0x00000000c7e80000)
 Metaspace       used 5816K, capacity 6832K, committed 7040K, reserved 1056768K
  class space    used 587K, capacity 616K, committed 640K, reserved 1048576K
Event: 2.178 GC heap after
Heap after GC invocations=11 (full 0):
 PSYoungGen      total 15360K, used 2833K [0x00000000eab00000, 0x00000000ec480000, 0x0000000100000000)
  eden space 11776K, 0% used [0x00000000eab00000,0x00000000eab00000,0x00000000eb680000)
  from space 3584K, 79% used [0x00000000eb680000,0x00000000eb9444f0,0x00000000eba00000)
  to   space 3584K, 0% used [0x00000000ec100000,0x00000000ec100000,0x00000000ec480000)
 ParOldGen       total 129536K, used 5400K [0x00000000c0000000, 0x00000000c7e80000, 0x00000000eab00000)
  object space 129536K, 4% used [0x00000000c0000000,0x00000000c0546338,0x00000000c7e80000)
 Metaspace       used 5816K, capacity 6832K, committed 7040K, reserved 1056768K
  class space    used 587K, capacity 616K, committed 640K, reserved 1048576K
}
Event: 2.620 GC heap before
{Heap before GC invocations=12 (full 0):
 PSYoungGen      total 15360K, used 14609K [0x00000000eab00000, 0x00000000ec480000, 0x0000000100000000)
  eden space 11776K, 100% used [0x00000000eab00000,0x00000000eb680000,0x00000000eb680000)
  from space 3584K, 79% used [0x00000000eb680000,0x00000000eb9444f0,0x00000000eba00000)
  to   space 3584K, 0% used [0x00000000ec100000,0x00000000ec100000,0x00000000ec480000)
 ParOldGen       total 129536K, used 5400K [0x00000000c0000000, 0x00000000c7e80000, 0x00000000eab00000)
  object space 129536K, 4% used [0x00000000c0000000,0x00000000c0546338,0x00000000c7e80000)
 Metaspace       used 5872K, capacity 6896K, committed 7040K, reserved 1056768K
  class space    used 587K, capacity 616K, committed 640K, reserved 1048576K
Event: 2.640 GC heap after
Heap after GC invocations=12 (full 0):
 PSYoungGen      total 22016K, used 2368K [0x00000000eab00000, 0x00000000ec580000, 0x0000000100000000)
  eden space 18432K, 0% used [0x00000000eab00000,0x00000000eab00000,0x00000000ebd00000)
  from space 3584K, 66% used [0x00000000ec100000,0x00000000ec350000,0x00000000ec480000)
  to   space 4096K, 0% used [0x00000000ebd00000,0x00000000ebd00000,0x00000000ec100000)
 ParOldGen       total 129536K, used 6960K [0x00000000c0000000, 0x00000000c7e80000, 0x00000000eab00000)
  object space 129536K, 5% used [0x00000000c0000000,0x00000000c06cc1e0,0x00000000c7e80000)
 Metaspace       used 5872K, capacity 6896K, committed 7040K, reserved 1056768K
  class space    used 587K, capacity 616K, committed 640K, reserved 1048576K
}
Event: 3.686 GC heap before
{Heap before GC invocations=13 (full 0):
 PSYoungGen      total 22016K, used 20800K [0x00000000eab00000, 0x00000000ec580000, 0x0000000100000000)
  eden space 18432K, 100% used [0x00000000eab00000,0x00000000ebd00000,0x00000000ebd00000)
  from space 3584K, 66% used [0x00000000ec100000,0x00000000ec350000,0x00000000ec480000)
  to   space 4096K, 0% used [0x00000000ebd00000,0x00000000ebd00000,0x00000000ec100000)
 ParOldGen       total 129536K, used 6960K [0x00000000c0000000, 0x00000000c7e80000, 0x00000000eab00000)
  object space 129536K, 5% used [0x00000000c0000000,0x00000000c06cc1e0,0x00000000c7e80000)
 Metaspace       used 5906K, capacity 6896K, committed 7040K, reserved 1056768K
  class space    used 587K, capacity 616K, committed 640K, reserved 1048576K
Event: 3.953 GC heap after
Heap after GC invocations=13 (full 0):
 PSYoungGen      total 22528K, used 2976K [0x00000000eab00000, 0x00000000ed000000, 0x0000000100000000)
  eden space 18432K, 0% used [0x00000000eab00000,0x00000000eab00000,0x00000000ebd00000)
  from space 4096K, 72% used [0x00000000ebd00000,0x00000000ebfe8010,0x00000000ec100000)
  to   space 4096K, 0% used [0x00000000ecc00000,0x00000000ecc00000,0x00000000ed000000)
 ParOldGen       total 129536K, used 9147K [0x00000000c0000000, 0x00000000c7e80000, 0x00000000eab00000)
  object space 129536K, 7% used [0x00000000c0000000,0x00000000c08eee60,0x00000000c7e80000)
 Metaspace       used 5906K, capacity 6896K, committed 7040K, reserved 1056768K
  class space    used 587K, capacity 616K, committed 640K, reserved 1048576K
}
Event: 4.267 GC heap before
{Heap before GC invocations=14 (full 0):
 PSYoungGen      total 22528K, used 21408K [0x00000000eab00000, 0x00000000ed000000, 0x0000000100000000)
  eden space 18432K, 100% used [0x00000000eab00000,0x00000000ebd00000,0x00000000ebd00000)
  from space 4096K, 72% used [0x00000000ebd00000,0x00000000ebfe8010,0x00000000ec100000)
  to   space 4096K, 0% used [0x00000000ecc00000,0x00000000ecc00000,0x00000000ed000000)
 ParOldGen       total 129536K, used 9147K [0x00000000c0000000, 0x00000000c7e80000, 0x00000000eab00000)
  object space 129536K, 7% used [0x00000000c0000000,0x00000000c08eee60,0x00000000c7e80000)
 Metaspace       used 6023K, capacity 6936K, committed 7168K, reserved 1056768K
  class space    used 610K, capacity 656K, committed 768K, reserved 1048576K
Event: 4.369 GC heap after
Heap after GC invocations=14 (full 0):
 PSYoungGen      total 33280K, used 3168K [0x00000000eab00000, 0x00000000ed100000, 0x0000000100000000)
  eden space 29184K, 0% used [0x00000000eab00000,0x00000000eab00000,0x00000000ec780000)
  from space 4096K, 77% used [0x00000000ecc00000,0x00000000ecf18000,0x00000000ed000000)
  to   space 4608K, 0% used [0x00000000ec780000,0x00000000ec780000,0x00000000ecc00000)
 ParOldGen       total 129536K, used 12009K [0x00000000c0000000, 0x00000000c7e80000, 0x00000000eab00000)
  object space 129536K, 9% used [0x00000000c0000000,0x00000000c0bba658,0x00000000c7e80000)
 Metaspace       used 6023K, capacity 6936K, committed 7168K, reserved 1056768K
  class space    used 610K, capacity 656K, committed 768K, reserved 1048576K
}
Event: 6.720 GC heap before
{Heap before GC invocations=15 (full 0):
 PSYoungGen      total 33280K, used 32352K [0x00000000eab00000, 0x00000000ed100000, 0x0000000100000000)
  eden space 29184K, 100% used [0x00000000eab00000,0x00000000ec780000,0x00000000ec780000)
  from space 4096K, 77% used [0x00000000ecc00000,0x00000000ecf18000,0x00000000ed000000)
  to   space 4608K, 0% used [0x00000000ec780000,0x00000000ec780000,0x00000000ecc00000)
 ParOldGen       total 129536K, used 12009K [0x00000000c0000000, 0x00000000c7e80000, 0x00000000eab00000)
  object space 129536K, 9% used [0x00000000c0000000,0x00000000c0bba658,0x00000000c7e80000)
 Metaspace       used 6058K, capacity 6936K, committed 7168K, reserved 1056768K
  class space    used 611K, capacity 656K, committed 768K, reserved 1048576K
Event: 6.977 GC heap after
Heap after GC invocations=15 (full 0):
 PSYoungGen      total 33792K, used 4592K [0x00000000eab00000, 0x00000000ed100000, 0x0000000100000000)
  eden space 29184K, 0% used [0x00000000eab00000,0x00000000eab00000,0x00000000ec780000)
  from space 4608K, 99% used [0x00000000ec780000,0x00000000ecbfc010,0x00000000ecc00000)
  to   space 4096K, 0% used [0x00000000ecc00000,0x00000000ecc00000,0x00000000ed000000)
 ParOldGen       total 129536K, used 15097K [0x00000000c0000000, 0x00000000c7e80000, 0x00000000eab00000)
  object space 129536K, 11% used [0x00000000c0000000,0x00000000c0ebe520,0x00000000c7e80000)
 Metaspace       used 6058K, capacity 6936K, committed 7168K, reserved 1056768K
  class space    used 611K, capacity 656K, committed 768K, reserved 1048576K
}

Deoptimization events (10 events):
Event: 4.257 Thread 0x00000000569b5000 Uncommon trap: reason=unreached action=reinterpret pc=0x000000000285dec0 method=java.util.HashMap.getNode(ILjava/lang/Object;)Ljava/util/HashMap$Node; @ 84
Event: 4.260 Thread 0x00000000569c6800 Uncommon trap: reason=unreached action=reinterpret pc=0x0000000002cd8470 method=com.android.dx.cf.code.RopperMachine.run(Lcom/android/dx/cf/code/Frame;II)V @ 1500
Event: 4.425 Thread 0x0000000056943000 Uncommon trap: reason=bimorphic action=maybe_recompile pc=0x0000000002d92c5c method=com.android.dx.ssa.SCCP.setLatticeValueTo(IILcom/android/dx/rop/cst/Constant;)Z @ 43
Event: 4.453 Thread 0x0000000056943000 Uncommon trap: reason=unreached action=reinterpret pc=0x0000000002d8a91c method=java.util.HashMap.putVal(ILjava/lang/Object;Ljava/lang/Object;ZZ)Ljava/lang/Object; @ 109
Event: 4.454 Thread 0x0000000056943000 Uncommon trap: reason=unreached action=reinterpret pc=0x0000000002c51e88 method=java.util.HashMap.getNode(ILjava/lang/Object;)Ljava/util/HashMap$Node; @ 84
Event: 4.485 Thread 0x00000000568c8800 Uncommon trap: reason=class_check action=maybe_recompile pc=0x0000000002b6d46c method=java.util.HashMap.putVal(ILjava/lang/Object;Ljava/lang/Object;ZZ)Ljava/lang/Object; @ 203
Event: 4.485 Thread 0x00000000568c8800 Uncommon trap: reason=bimorphic action=maybe_recompile pc=0x0000000002d92c5c method=com.android.dx.ssa.SCCP.setLatticeValueTo(IILcom/android/dx/rop/cst/Constant;)Z @ 43
Event: 4.945 Thread 0x00000000569b5000 Uncommon trap: reason=class_check action=maybe_recompile pc=0x0000000002c66ab8 method=com.android.dx.ssa.SCCP.simulatePhi(Lcom/android/dx/ssa/PhiInsn;)V @ 124
Event: 5.857 Thread 0x00000000569b5000 Uncommon trap: reason=class_check action=maybe_recompile pc=0x0000000002c66ab8 method=com.android.dx.ssa.SCCP.simulatePhi(Lcom/android/dx/ssa/PhiInsn;)V @ 124
Event: 6.333 Thread 0x00000000568c8800 Uncommon trap: reason=class_check action=maybe_recompile pc=0x0000000002b6d46c method=java.util.HashMap.putVal(ILjava/lang/Object;Ljava/lang/Object;ZZ)Ljava/lang/Object; @ 203

Internal exceptions (10 events):
Event: 1.494 Thread 0x00000000004ef000 Exception <a 'java/security/PrivilegedActionException'> (0x00000000eade2cc0) thrown at [D:\re\workspace\8-2-build-windows-amd64-cygwin\jdk8\2238\hotspot\src\share\vm\prims\jvm.cpp, line 1248]
Event: 1.499 Thread 0x00000000004ef000 Exception <a 'java/security/PrivilegedActionException'> (0x00000000eae40a68) thrown at [D:\re\workspace\8-2-build-windows-amd64-cygwin\jdk8\2238\hotspot\src\share\vm\prims\jvm.cpp, line 1248]
Event: 1.500 Thread 0x00000000004ef000 Exception <a 'java/security/PrivilegedActionException'> (0x00000000eae50da0) thrown at [D:\re\workspace\8-2-build-windows-amd64-cygwin\jdk8\2238\hotspot\src\share\vm\prims\jvm.cpp, line 1248]
Event: 4.050 Thread 0x00000000569c6800 Exception <a 'java/security/PrivilegedActionException'> (0x00000000ead6b300) thrown at [D:\re\workspace\8-2-build-windows-amd64-cygwin\jdk8\2238\hotspot\src\share\vm\prims\jvm.cpp, line 1248]
Event: 4.131 Thread 0x0000000056943000 Exception <a 'java/security/PrivilegedActionException'> (0x00000000eafcda20) thrown at [D:\re\workspace\8-2-build-windows-amd64-cygwin\jdk8\2238\hotspot\src\share\vm\prims\jvm.cpp, line 1248]
Event: 4.135 Thread 0x00000000569c6800 Exception <a 'java/security/PrivilegedActionException'> (0x00000000eaff4cd0) thrown at [D:\re\workspace\8-2-build-windows-amd64-cygwin\jdk8\2238\hotspot\src\share\vm\prims\jvm.cpp, line 1248]
Event: 4.237 Thread 0x00000000569b5000 Exception <a 'java/lang/ArrayIndexOutOfBoundsException': 18> (0x00000000eb4b9570) thrown at [D:\re\workspace\8-2-build-windows-amd64-cygwin\jdk8\2238\hotspot\src\share\vm\interpreter\interpreterRuntime.cpp, line 337]
Event: 4.238 Thread 0x00000000569b5000 Exception <a 'java/lang/ArrayIndexOutOfBoundsException': 145> (0x00000000eb4bb008) thrown at [D:\re\workspace\8-2-build-windows-amd64-cygwin\jdk8\2238\hotspot\src\share\vm\interpreter\interpreterRuntime.cpp, line 337]
Event: 4.238 Thread 0x00000000569b5000 Exception <a 'java/lang/ArrayIndexOutOfBoundsException'> (0x00000000eb4bc220) thrown at [D:\re\workspace\8-2-build-windows-amd64-cygwin\jdk8\2238\hotspot\src\share\vm\runtime\sharedRuntime.cpp, line 595]
Event: 5.916 Thread 0x00000000568c8800 Exception <a 'java/security/PrivilegedActionException'> (0x00000000ec069120) thrown at [D:\re\workspace\8-2-build-windows-amd64-cygwin\jdk8\2238\hotspot\src\share\vm\prims\jvm.cpp, line 1248]

Events (10 events):
Event: 5.857 Thread 0x00000000569b5000 DEOPT UNPACKING pc=0x00000000026555af sp=0x0000000057c7e668 mode 2
Event: 5.916 loading class com/android/dx/cf/code/LocalVariableList$Item
Event: 5.916 loading class com/android/dx/cf/code/LocalVariableList$Item done
Event: 6.333 Thread 0x00000000568c8800 Uncommon trap: trap_request=0xffffffde fr.pc=0x0000000002b6d46c
Event: 6.333 Thread 0x00000000568c8800 DEOPT PACKING pc=0x0000000002b6d46c sp=0x000000005807e8b0
Event: 6.333 Thread 0x00000000568c8800 DEOPT UNPACKING pc=0x00000000026555af sp=0x000000005807e828 mode 2
Event: 6.720 Executing VM operation: ParallelGCFailedAllocation
Event: 6.977 Executing VM operation: ParallelGCFailedAllocation done
Event: 7.009 Thread 0x00000000569c6800 DEOPT PACKING pc=0x0000000002a3d65e sp=0x0000000057abe490
Event: 7.009 Thread 0x00000000569c6800 DEOPT UNPACKING pc=0x0000000002657604 sp=0x0000000057abe1e8 mode 0


Dynamic libraries:
0x000000013fdc0000 - 0x000000013fdf4000 	C:\Program Files\Java\jdk1.8.0\bin\java.exe
0x00000000774e0000 - 0x000000007768a000 	C:\Windows\SYSTEM32\ntdll.dll
0x000007fef5dd0000 - 0x000007fef5e03000 	C:\Program Files\AVAST Software\Avast\x64\aswhooka.dll
0x00000000773c0000 - 0x00000000774df000 	C:\Windows\system32\kernel32.dll
0x000007fefd2c0000 - 0x000007fefd32a000 	C:\Windows\system32\KERNELBASE.dll
0x000007fefeca0000 - 0x000007fefed7b000 	C:\Windows\system32\ADVAPI32.dll
0x000007fefeea0000 - 0x000007fefef3f000 	C:\Windows\system32\msvcrt.dll
0x000007feff7d0000 - 0x000007feff7ef000 	C:\Windows\SYSTEM32\sechost.dll
0x000007feff320000 - 0x000007feff44d000 	C:\Windows\system32\RPCRT4.dll
0x00000000772c0000 - 0x00000000773ba000 	C:\Windows\system32\USER32.dll
0x000007fefea00000 - 0x000007fefea67000 	C:\Windows\system32\GDI32.dll
0x000007fefed80000 - 0x000007fefed8e000 	C:\Windows\system32\LPK.dll
0x000007fefe620000 - 0x000007fefe6ea000 	C:\Windows\system32\USP10.dll
0x000007fefba80000 - 0x000007fefbc74000 	C:\Windows\WinSxS\amd64_microsoft.windows.common-controls_6595b64144ccf1df_6.0.7601.18837_none_fa3b1e3d17594757\COMCTL32.dll
0x000007fefe520000 - 0x000007fefe591000 	C:\Windows\system32\SHLWAPI.dll
0x000007feff7a0000 - 0x000007feff7ce000 	C:\Windows\system32\IMM32.DLL
0x000007fefed90000 - 0x000007fefee99000 	C:\Windows\system32\MSCTF.dll
0x000000005d020000 - 0x000000005d0f2000 	C:\Program Files\Java\jdk1.8.0\jre\bin\msvcr100.dll
0x000000005d450000 - 0x000000005dc7a000 	C:\Program Files\Java\jdk1.8.0\jre\bin\server\jvm.dll
0x000007fefaae0000 - 0x000007fefaae9000 	C:\Windows\system32\WSOCK32.dll
0x000007fefe6f0000 - 0x000007fefe73d000 	C:\Windows\system32\WS2_32.dll
0x000007fefef40000 - 0x000007fefef48000 	C:\Windows\system32\NSI.dll
0x000007fefaea0000 - 0x000007fefaedb000 	C:\Windows\system32\WINMM.dll
0x00000000776a0000 - 0x00000000776a7000 	C:\Windows\system32\PSAPI.DLL
0x00000000728a0000 - 0x00000000728af000 	C:\Program Files\Java\jdk1.8.0\jre\bin\verify.dll
0x0000000061160000 - 0x0000000061188000 	C:\Program Files\Java\jdk1.8.0\jre\bin\java.dll
0x000000006afd0000 - 0x000000006afe6000 	C:\Program Files\Java\jdk1.8.0\jre\bin\zip.dll
0x000007fefd790000 - 0x000007fefe519000 	C:\Windows\system32\SHELL32.dll
0x000007fefd590000 - 0x000007fefd78c000 	C:\Windows\system32\ole32.dll
0x000007fefd1e0000 - 0x000007fefd1ef000 	C:\Windows\system32\profapi.dll

VM Arguments:
jvm_args: -Djava.awt.headless=true -Xmx1024M -Dfile.encoding=x-windows-950 -Duser.country=TW -Duser.language=zh -Duser.variant 
java_command: com.android.dx.command.Main --dex --force-jumbo --num-threads=4 --multi-dex --output C:\Users\Mist\Desktop\LongingForMao\app\build\intermediates\transforms\dex\debug\folders\1000\10\com.google.android.gms-play-services-fitness-10.0.0_7c8937d2d03ec8cac8435d34bf3eb2bade56f1d7 C:\Users\Mist\Desktop\LongingForMao\app\build\intermediates\exploded-aar\com.google.android.gms\play-services-fitness\10.0.0\jars\classes.jar
java_class_path (initial): M:\Android\sdk\build-tools\23.0.3\lib\dx.jar
Launcher Type: SUN_STANDARD

Environment Variables:
JAVA_HOME=C:\Program Files\Java\jdk1.8.0
PATH=C:\ProgramData\Oracle\Java\javapath;C:\Program Files\Common Files\Microsoft Shared\Windows Live;C:\Program Files (x86)\Common Files\Microsoft Shared\Windows Live;C:\Program Files (x86)\Intel\iCLS Client\;C:\Program Files\Intel\iCLS Client\;C:\Windows\system32;C:\Windows;C:\Windows\System32\Wbem;C:\Windows\System32\WindowsPowerShell\v1.0\;C:\Program Files\Java\jdk1.8.0\bin;C:\Program Files\Intel\Intel(R) Management Engine Components\DAL;C:\Program Files\Intel\Intel(R) Management Engine Components\IPT;C:\Program Files (x86)\Intel\Intel(R) Management Engine Components\DAL;C:\Program Files (x86)\Intel\Intel(R) Management Engine Components\IPT;C:\Program Files\Microsoft SQL Server\110\Tools\Binn\;C:\Program Files\Common Files\Autodesk Shared\;C:\Users\Mist\AppData\Local\Android\android-sdk\platform-tools;C:\Ruby22-x64\bin;C:\MinGW\bin;C:\Program Files (x86)\NVIDIA Corporation\PhysX\Common;C:\putty;C:\Program Files (x86)\Windows Live\Shared;C:\Program Files\Git\cmd;C:\Program Files (x86)\Skype\Phone\;C:\Users\Mist\Anaconda2;C:\Users\Mist\Anaconda2\Scripts;C:\Users\Mist\Anaconda2\Library\bin;C:\Users\Mist\AppData\Local\Google\Cloud SDK\google-cloud-sdk\bin
USERNAME=Mist
OS=Windows_NT
PROCESSOR_IDENTIFIER=Intel64 Family 6 Model 60 Stepping 3, GenuineIntel



---------------  S Y S T E M  ---------------

OS: Windows 7 , 64 bit Build 7601 Service Pack 1

CPU:total 4 (4 cores per cpu, 1 threads per core) family 6 model 60 stepping 3, cmov, cx8, fxsr, mmx, sse, sse2, sse3, ssse3, sse4.1, sse4.2, popcnt, avx, avx2, aes, clmul, erms, tsc, tscinvbit

Memory: 4k page, physical 8261440k(910204k free), swap 8259580k(4776k free)

vm_info: Java HotSpot(TM) 64-Bit Server VM (25.0-b70) for windows-amd64 JRE (1.8.0-b132), built on Mar  4 2014 03:46:18 by "java_re" with MS VC++ 10.0 (VS2010)

time: Sun Jun 04 20:20:19 2017
elapsed time: 7 seconds

