#
# There is insufficient memory for the Java Runtime Environment to continue.
# Native memory allocation (malloc) failed to allocate 32784 bytes for Chunk::new
# Possible reasons:
#   The system is out of physical RAM or swap space
#   In 32 bit mode, the process size limit was hit
# Possible solutions:
#   Reduce memory load on the system
#   Increase physical memory or swap space
#   Check if swap backing store is full
#   Use 64 bit Java on a 64 bit OS
#   Decrease Java heap size (-Xmx/-Xms)
#   Decrease number of Java threads
#   Decrease Java thread stack sizes (-Xss)
#   Set larger code cache with -XX:ReservedCodeCacheSize=
# This output file may be truncated or incomplete.
#
#  Out of Memory Error (allocation.cpp:388), pid=2596, tid=3912
#
# JRE version: Java(TM) SE Runtime Environment (8.0-b132) (build 1.8.0-b132)
# Java VM: Java HotSpot(TM) 64-Bit Server VM (25.0-b70 mixed mode windows-amd64 compressed oops)
# Failed to write core dump. Minidumps are not enabled by default on client versions of Windows
#

---------------  T H R E A D  ---------------

Current thread (0x00000000550ea000):  JavaThread "C2 CompilerThread1" daemon [_thread_in_native, id=3912, stack(0x0000000056e50000,0x0000000056f50000)]

Stack: [0x0000000056e50000,0x0000000056f50000]
Native frames: (J=compiled Java code, j=interpreted, Vv=VM code, C=native code)
V  [jvm.dll+0x308e0a]


Current CompileTask:
C2:   2366 1342       4       com.android.dx.ssa.SsaMethod::computeReachability (131 bytes)


---------------  P R O C E S S  ---------------

Java Threads: ( => current thread )
  0x0000000056795000 JavaThread "pool-2-thread-4" [_thread_blocked, id=6724, stack(0x0000000057730000,0x0000000057830000)]
  0x0000000056886000 JavaThread "pool-2-thread-3" [_thread_blocked, id=2560, stack(0x0000000057310000,0x0000000057410000)]
  0x0000000056885800 JavaThread "pool-2-thread-2" [_thread_blocked, id=1324, stack(0x00000000575f0000,0x00000000576f0000)]
  0x0000000056880000 JavaThread "pool-3-thread-1" [_thread_blocked, id=1476, stack(0x0000000057430000,0x0000000057530000)]
  0x0000000056861000 JavaThread "pool-2-thread-1" [_thread_blocked, id=1984, stack(0x0000000057140000,0x0000000057240000)]
  0x00000000565bd800 JavaThread "Service Thread" daemon [_thread_blocked, id=2676, stack(0x0000000055ec0000,0x0000000055fc0000)]
  0x00000000550ec000 JavaThread "C1 CompilerThread2" daemon [_thread_in_vm, id=6636, stack(0x0000000056f70000,0x0000000057070000)]
=>0x00000000550ea000 JavaThread "C2 CompilerThread1" daemon [_thread_in_native, id=3912, stack(0x0000000056e50000,0x0000000056f50000)]
  0x00000000550e7000 JavaThread "C2 CompilerThread0" daemon [_thread_blocked, id=5700, stack(0x0000000056d10000,0x0000000056e10000)]
  0x0000000056551800 JavaThread "Attach Listener" daemon [_thread_blocked, id=5676, stack(0x0000000056b40000,0x0000000056c40000)]
  0x000000005655f000 JavaThread "Signal Dispatcher" daemon [_thread_blocked, id=2720, stack(0x00000000569f0000,0x0000000056af0000)]
  0x0000000055084000 JavaThread "Finalizer" daemon [_thread_blocked, id=4348, stack(0x0000000056440000,0x0000000056540000)]
  0x0000000055079000 JavaThread "Reference Handler" daemon [_thread_blocked, id=3892, stack(0x0000000056270000,0x0000000056370000)]
  0x000000000248f000 JavaThread "main" [_thread_blocked, id=4304, stack(0x0000000002790000,0x0000000002890000)]

Other Threads:
  0x0000000055075800 VMThread [stack: 0x0000000056010000,0x0000000056110000] [id=5876]
  0x00000000565bf800 WatcherThread [stack: 0x0000000056140000,0x0000000056240000] [id=6700]

VM state:not at safepoint (normal execution)

VM Mutex/Monitor currently owned by a thread:  ([mutex/lock_event])
[0x000000000248cfe0] CompiledIC_lock - owner thread: 0x00000000550ec000

Heap:
 PSYoungGen      total 14848K, used 4916K [0x00000000eab00000, 0x00000000ebe00000, 0x0000000100000000)
  eden space 11776K, 17% used [0x00000000eab00000,0x00000000eacf91b0,0x00000000eb680000)
  from space 3072K, 94% used [0x00000000eba00000,0x00000000ebcd4010,0x00000000ebd00000)
  to   space 3584K, 0% used [0x00000000eb680000,0x00000000eb680000,0x00000000eba00000)
 ParOldGen       total 129536K, used 3519K [0x00000000c0000000, 0x00000000c7e80000, 0x00000000eab00000)
  object space 129536K, 2% used [0x00000000c0000000,0x00000000c036fd48,0x00000000c7e80000)
 Metaspace       used 5822K, capacity 6832K, committed 7040K, reserved 1056768K
  class space    used 592K, capacity 616K, committed 640K, reserved 1048576K

Card table byte_map: [0x0000000011c50000,0x0000000011e60000] byte_map_base: 0x0000000011650000

Marking Bits: (ParMarkBitMap*) 0x000000005dc013b0
 Begin Bits: [0x00000000124f0000, 0x00000000134f0000)
 End Bits:   [0x00000000134f0000, 0x00000000144f0000)

Polling page: 0x0000000000460000

CodeCache: size=245760Kb used=5096Kb max_used=5096Kb free=240664Kb
 bounds [0x0000000002890000, 0x0000000002d90000, 0x0000000011890000]
 total_blobs=1598 nmethods=1330 adapters=179
 compilation: disabled (not enough contiguous free space left)

Compilation events (10 events):
Event: 2.325 Thread 0x00000000550ec000 nmethod 1339 0x0000000002d84510 code [0x0000000002d84680, 0x0000000002d84930]
Event: 2.325 Thread 0x00000000550ec000 1338       3       com.android.dx.ssa.BasicRegisterMapper::<init> (17 bytes)
Event: 2.325 Thread 0x00000000550ec000 nmethod 1338 0x0000000002d8cb50 code [0x0000000002d8ccc0, 0x0000000002d8cf68]
Event: 2.363 Thread 0x00000000550ea000 1342       4       com.android.dx.ssa.SsaMethod::computeReachability (131 bytes)
Event: 2.363 Thread 0x00000000550ec000 1344       3       com.android.dx.util.FixedSizeList::shrinkToFit (103 bytes)
Event: 2.363 Thread 0x00000000550e7000 1345       4       com.android.dx.rop.code.ThrowingCstInsn::<init> (51 bytes)
Event: 2.364 Thread 0x00000000550ec000 nmethod 1344 0x0000000002d8d090 code [0x0000000002d8d240, 0x0000000002d8da08]
Event: 2.364 Thread 0x00000000550ec000 1343       3       com.android.dx.ssa.SsaMethod::onSourceChanged (65 bytes)
Event: 2.364 Thread 0x00000000550ec000 nmethod 1343 0x0000000002d8dd10 code [0x0000000002d8dee0, 0x0000000002d8e738]
Event: 2.364 Thread 0x00000000550e7000 


GC Heap History (10 events):
Event: 1.022 GC heap before
{Heap before GC invocations=6 (full 0):
 PSYoungGen      total 2560K, used 2549K [0x00000000eab00000, 0x00000000eb200000, 0x0000000100000000)
  eden space 2048K, 99% used [0x00000000eab00000,0x00000000eacfdfd8,0x00000000ead00000)
  from space 512K, 99% used [0x00000000ead00000,0x00000000ead7f610,0x00000000ead80000)
  to   space 1536K, 0% used [0x00000000eb080000,0x00000000eb080000,0x00000000eb200000)
 ParOldGen       total 129536K, used 1076K [0x00000000c0000000, 0x00000000c7e80000, 0x00000000eab00000)
  object space 129536K, 0% used [0x00000000c0000000,0x00000000c010d1f0,0x00000000c7e80000)
 Metaspace       used 4556K, capacity 5744K, committed 6016K, reserved 1056768K
  class space    used 501K, capacity 552K, committed 640K, reserved 1048576K
Event: 1.045 GC heap after
Heap after GC invocations=6 (full 0):
 PSYoungGen      total 5632K, used 1270K [0x00000000eab00000, 0x00000000eb200000, 0x0000000100000000)
  eden space 4096K, 0% used [0x00000000eab00000,0x00000000eab00000,0x00000000eaf00000)
  from space 1536K, 82% used [0x00000000eb080000,0x00000000eb1bd9e0,0x00000000eb200000)
  to   space 1536K, 0% used [0x00000000eaf00000,0x00000000eaf00000,0x00000000eb080000)
 ParOldGen       total 129536K, used 1076K [0x00000000c0000000, 0x00000000c7e80000, 0x00000000eab00000)
  object space 129536K, 0% used [0x00000000c0000000,0x00000000c010d1f0,0x00000000c7e80000)
 Metaspace       used 4556K, capacity 5744K, committed 6016K, reserved 1056768K
  class space    used 501K, capacity 552K, committed 640K, reserved 1048576K
}
Event: 1.139 GC heap before
{Heap before GC invocations=7 (full 0):
 PSYoungGen      total 5632K, used 5366K [0x00000000eab00000, 0x00000000eb200000, 0x0000000100000000)
  eden space 4096K, 100% used [0x00000000eab00000,0x00000000eaf00000,0x00000000eaf00000)
  from space 1536K, 82% used [0x00000000eb080000,0x00000000eb1bd9e0,0x00000000eb200000)
  to   space 1536K, 0% used [0x00000000eaf00000,0x00000000eaf00000,0x00000000eb080000)
 ParOldGen       total 129536K, used 1076K [0x00000000c0000000, 0x00000000c7e80000, 0x00000000eab00000)
  object space 129536K, 0% used [0x00000000c0000000,0x00000000c010d1f0,0x00000000c7e80000)
 Metaspace       used 5398K, capacity 6448K, committed 6528K, reserved 1056768K
  class space    used 585K, capacity 616K, committed 640K, reserved 1048576K
Event: 1.258 GC heap after
Heap after GC invocations=7 (full 0):
 PSYoungGen      total 5632K, used 1520K [0x00000000eab00000, 0x00000000eb700000, 0x0000000100000000)
  eden space 4096K, 0% used [0x00000000eab00000,0x00000000eab00000,0x00000000eaf00000)
  from space 1536K, 99% used [0x00000000eaf00000,0x00000000eb07c310,0x00000000eb080000)
  to   space 2048K, 0% used [0x00000000eb500000,0x00000000eb500000,0x00000000eb700000)
 ParOldGen       total 129536K, used 1540K [0x00000000c0000000, 0x00000000c7e80000, 0x00000000eab00000)
  object space 129536K, 1% used [0x00000000c0000000,0x00000000c01810e0,0x00000000c7e80000)
 Metaspace       used 5398K, capacity 6448K, committed 6528K, reserved 1056768K
  class space    used 585K, capacity 616K, committed 640K, reserved 1048576K
}
Event: 1.340 GC heap before
{Heap before GC invocations=8 (full 0):
 PSYoungGen      total 5632K, used 5616K [0x00000000eab00000, 0x00000000eb700000, 0x0000000100000000)
  eden space 4096K, 100% used [0x00000000eab00000,0x00000000eaf00000,0x00000000eaf00000)
  from space 1536K, 99% used [0x00000000eaf00000,0x00000000eb07c310,0x00000000eb080000)
  to   space 2048K, 0% used [0x00000000eb500000,0x00000000eb500000,0x00000000eb700000)
 ParOldGen       total 129536K, used 1540K [0x00000000c0000000, 0x00000000c7e80000, 0x00000000eab00000)
  object space 129536K, 1% used [0x00000000c0000000,0x00000000c01810e0,0x00000000c7e80000)
 Metaspace       used 5612K, capacity 6640K, committed 6784K, reserved 1056768K
  class space    used 588K, capacity 616K, committed 640K, reserved 1048576K
Event: 1.468 GC heap after
Heap after GC invocations=8 (full 0):
 PSYoungGen      total 9728K, used 1600K [0x00000000eab00000, 0x00000000eb800000, 0x0000000100000000)
  eden space 7680K, 0% used [0x00000000eab00000,0x00000000eab00000,0x00000000eb280000)
  from space 2048K, 78% used [0x00000000eb500000,0x00000000eb690018,0x00000000eb700000)
  to   space 2560K, 0% used [0x00000000eb280000,0x00000000eb280000,0x00000000eb500000)
 ParOldGen       total 129536K, used 1644K [0x00000000c0000000, 0x00000000c7e80000, 0x00000000eab00000)
  object space 129536K, 1% used [0x00000000c0000000,0x00000000c019b100,0x00000000c7e80000)
 Metaspace       used 5612K, capacity 6640K, committed 6784K, reserved 1056768K
  class space    used 588K, capacity 616K, committed 640K, reserved 1048576K
}
Event: 1.827 GC heap before
{Heap before GC invocations=9 (full 0):
 PSYoungGen      total 9728K, used 9280K [0x00000000eab00000, 0x00000000eb800000, 0x0000000100000000)
  eden space 7680K, 100% used [0x00000000eab00000,0x00000000eb280000,0x00000000eb280000)
  from space 2048K, 78% used [0x00000000eb500000,0x00000000eb690018,0x00000000eb700000)
  to   space 2560K, 0% used [0x00000000eb280000,0x00000000eb280000,0x00000000eb500000)
 ParOldGen       total 129536K, used 1644K [0x00000000c0000000, 0x00000000c7e80000, 0x00000000eab00000)
  object space 129536K, 1% used [0x00000000c0000000,0x00000000c019b100,0x00000000c7e80000)
 Metaspace       used 5760K, capacity 6768K, committed 7040K, reserved 1056768K
  class space    used 592K, capacity 616K, committed 640K, reserved 1048576K
Event: 1.942 GC heap after
Heap after GC invocations=9 (full 0):
 PSYoungGen      total 10240K, used 2528K [0x00000000eab00000, 0x00000000ebd00000, 0x0000000100000000)
  eden space 7680K, 0% used [0x00000000eab00000,0x00000000eab00000,0x00000000eb280000)
  from space 2560K, 98% used [0x00000000eb280000,0x00000000eb4f8018,0x00000000eb500000)
  to   space 3072K, 0% used [0x00000000eba00000,0x00000000eba00000,0x00000000ebd00000)
 ParOldGen       total 129536K, used 2415K [0x00000000c0000000, 0x00000000c7e80000, 0x00000000eab00000)
  object space 129536K, 1% used [0x00000000c0000000,0x00000000c025bd30,0x00000000c7e80000)
 Metaspace       used 5760K, capacity 6768K, committed 7040K, reserved 1056768K
  class space    used 592K, capacity 616K, committed 640K, reserved 1048576K
}
Event: 2.245 GC heap before
{Heap before GC invocations=10 (full 0):
 PSYoungGen      total 10240K, used 10208K [0x00000000eab00000, 0x00000000ebd00000, 0x0000000100000000)
  eden space 7680K, 100% used [0x00000000eab00000,0x00000000eb280000,0x00000000eb280000)
  from space 2560K, 98% used [0x00000000eb280000,0x00000000eb4f8018,0x00000000eb500000)
  to   space 3072K, 0% used [0x00000000eba00000,0x00000000eba00000,0x00000000ebd00000)
 ParOldGen       total 129536K, used 2415K [0x00000000c0000000, 0x00000000c7e80000, 0x00000000eab00000)
  object space 129536K, 1% used [0x00000000c0000000,0x00000000c025bd30,0x00000000c7e80000)
 Metaspace       used 5810K, capacity 6832K, committed 7040K, reserved 1056768K
  class space    used 592K, capacity 616K, committed 640K, reserved 1048576K
Event: 2.280 GC heap after
Heap after GC invocations=10 (full 0):
 PSYoungGen      total 14848K, used 2896K [0x00000000eab00000, 0x00000000ebe00000, 0x0000000100000000)
  eden space 11776K, 0% used [0x00000000eab00000,0x00000000eab00000,0x00000000eb680000)
  from space 3072K, 94% used [0x00000000eba00000,0x00000000ebcd4010,0x00000000ebd00000)
  to   space 3584K, 0% used [0x00000000eb680000,0x00000000eb680000,0x00000000eba00000)
 ParOldGen       total 129536K, used 3519K [0x00000000c0000000, 0x00000000c7e80000, 0x00000000eab00000)
  object space 129536K, 2% used [0x00000000c0000000,0x00000000c036fd48,0x00000000c7e80000)
 Metaspace       used 5810K, capacity 6832K, committed 7040K, reserved 1056768K
  class space    used 592K, capacity 616K, committed 640K, reserved 1048576K
}

Deoptimization events (5 events):
Event: 1.491 Thread 0x0000000056886000 Uncommon trap: reason=class_check action=maybe_recompile pc=0x0000000002b07638 method=com.android.dx.ssa.NormalSsaInsn.accept(Lcom/android/dx/ssa/SsaInsn$Visitor;)V @ 9
Event: 1.491 Thread 0x0000000056886000 Uncommon trap: reason=class_check action=maybe_recompile pc=0x0000000002aa9760 method=com.android.dx.ssa.NormalSsaInsn.accept(Lcom/android/dx/ssa/SsaInsn$Visitor;)V @ 9
Event: 1.491 Thread 0x0000000056886000 Uncommon trap: reason=class_check action=maybe_recompile pc=0x0000000002aa9760 method=com.android.dx.ssa.NormalSsaInsn.accept(Lcom/android/dx/ssa/SsaInsn$Visitor;)V @ 9
Event: 1.491 Thread 0x0000000056886000 Uncommon trap: reason=class_check action=maybe_recompile pc=0x0000000002aa9760 method=com.android.dx.ssa.NormalSsaInsn.accept(Lcom/android/dx/ssa/SsaInsn$Visitor;)V @ 9
Event: 1.494 Thread 0x0000000056886000 Uncommon trap: reason=class_check action=maybe_recompile pc=0x0000000002b07638 method=com.android.dx.ssa.NormalSsaInsn.accept(Lcom/android/dx/ssa/SsaInsn$Visitor;)V @ 9

Internal exceptions (10 events):
Event: 1.127 Thread 0x0000000056885800 Exception <a 'java/security/PrivilegedActionException'> (0x00000000eae4ca18) thrown at [D:\re\workspace\8-2-build-windows-amd64-cygwin\jdk8\2238\hotspot\src\share\vm\prims\jvm.cpp, line 1248]
Event: 1.130 Thread 0x0000000056886000 Exception <a 'java/security/PrivilegedActionException'> (0x00000000eae8e338) thrown at [D:\re\workspace\8-2-build-windows-amd64-cygwin\jdk8\2238\hotspot\src\share\vm\prims\jvm.cpp, line 1248]
Event: 1.266 Thread 0x0000000056861000 Exception <a 'java/security/PrivilegedActionException'> (0x00000000eab62e40) thrown at [D:\re\workspace\8-2-build-windows-amd64-cygwin\jdk8\2238\hotspot\src\share\vm\prims\jvm.cpp, line 1248]
Event: 1.266 Thread 0x0000000056861000 Exception <a 'java/security/PrivilegedActionException'> (0x00000000eab6e720) thrown at [D:\re\workspace\8-2-build-windows-amd64-cygwin\jdk8\2238\hotspot\src\share\vm\prims\jvm.cpp, line 1248]
Event: 1.267 Thread 0x0000000056861000 Exception <a 'java/security/PrivilegedActionException'> (0x00000000eab73d10) thrown at [D:\re\workspace\8-2-build-windows-amd64-cygwin\jdk8\2238\hotspot\src\share\vm\prims\jvm.cpp, line 1248]
Event: 1.282 Thread 0x0000000056885800 Exception <a 'java/security/PrivilegedActionException'> (0x00000000eaca80d8) thrown at [D:\re\workspace\8-2-build-windows-amd64-cygwin\jdk8\2238\hotspot\src\share\vm\prims\jvm.cpp, line 1248]
Event: 1.477 Thread 0x000000000248f000 Exception <a 'java/security/PrivilegedActionException'> (0x00000000eab32cd0) thrown at [D:\re\workspace\8-2-build-windows-amd64-cygwin\jdk8\2238\hotspot\src\share\vm\prims\jvm.cpp, line 1248]
Event: 1.486 Thread 0x000000000248f000 Exception <a 'java/security/PrivilegedActionException'> (0x00000000eac120f0) thrown at [D:\re\workspace\8-2-build-windows-amd64-cygwin\jdk8\2238\hotspot\src\share\vm\prims\jvm.cpp, line 1248]
Event: 1.487 Thread 0x000000000248f000 Exception <a 'java/security/PrivilegedActionException'> (0x00000000eac1e3b0) thrown at [D:\re\workspace\8-2-build-windows-amd64-cygwin\jdk8\2238\hotspot\src\share\vm\prims\jvm.cpp, line 1248]
Event: 1.647 Thread 0x000000000248f000 Exception <a 'java/security/PrivilegedActionException'> (0x00000000eae921b8) thrown at [D:\re\workspace\8-2-build-windows-amd64-cygwin\jdk8\2238\hotspot\src\share\vm\prims\jvm.cpp, line 1248]

Events (10 events):
Event: 1.494 Thread 0x0000000056886000 DEOPT PACKING pc=0x0000000002b07638 sp=0x000000005740ea80
Event: 1.494 Thread 0x0000000056886000 DEOPT UNPACKING pc=0x00000000028d55af sp=0x000000005740e9d0 mode 2
Event: 1.647 loading class com/android/dx/cf/attrib/AttEnclosingMethod
Event: 1.647 loading class com/android/dx/cf/attrib/AttEnclosingMethod done
Event: 1.827 Executing VM operation: ParallelGCFailedAllocation
Event: 1.942 Executing VM operation: ParallelGCFailedAllocation done
Event: 2.186 Thread 0x0000000056861000 DEOPT PACKING pc=0x0000000002b32860 sp=0x000000005723e680
Event: 2.186 Thread 0x0000000056861000 DEOPT UNPACKING pc=0x00000000028d7604 sp=0x000000005723e3e8 mode 0
Event: 2.234 Executing VM operation: ParallelGCFailedAllocation
Event: 2.280 Executing VM operation: ParallelGCFailedAllocation done


Dynamic libraries:
0x000000013fdc0000 - 0x000000013fdf4000 	C:\Program Files\Java\jdk1.8.0\bin\java.exe
0x00000000774e0000 - 0x000000007768a000 	C:\Windows\SYSTEM32\ntdll.dll
0x000007fef5dd0000 - 0x000007fef5e03000 	C:\Program Files\AVAST Software\Avast\x64\aswhooka.dll
0x00000000773c0000 - 0x00000000774df000 	C:\Windows\system32\kernel32.dll
0x000007fefd2c0000 - 0x000007fefd32a000 	C:\Windows\system32\KERNELBASE.dll
0x000007fefeca0000 - 0x000007fefed7b000 	C:\Windows\system32\ADVAPI32.dll
0x000007fefeea0000 - 0x000007fefef3f000 	C:\Windows\system32\msvcrt.dll
0x000007feff7d0000 - 0x000007feff7ef000 	C:\Windows\SYSTEM32\sechost.dll
0x000007feff320000 - 0x000007feff44d000 	C:\Windows\system32\RPCRT4.dll
0x00000000772c0000 - 0x00000000773ba000 	C:\Windows\system32\USER32.dll
0x000007fefea00000 - 0x000007fefea67000 	C:\Windows\system32\GDI32.dll
0x000007fefed80000 - 0x000007fefed8e000 	C:\Windows\system32\LPK.dll
0x000007fefe620000 - 0x000007fefe6ea000 	C:\Windows\system32\USP10.dll
0x000007fefba80000 - 0x000007fefbc74000 	C:\Windows\WinSxS\amd64_microsoft.windows.common-controls_6595b64144ccf1df_6.0.7601.18837_none_fa3b1e3d17594757\COMCTL32.dll
0x000007fefe520000 - 0x000007fefe591000 	C:\Windows\system32\SHLWAPI.dll
0x000007feff7a0000 - 0x000007feff7ce000 	C:\Windows\system32\IMM32.DLL
0x000007fefed90000 - 0x000007fefee99000 	C:\Windows\system32\MSCTF.dll
0x000000005d020000 - 0x000000005d0f2000 	C:\Program Files\Java\jdk1.8.0\jre\bin\msvcr100.dll
0x000000005d450000 - 0x000000005dc7a000 	C:\Program Files\Java\jdk1.8.0\jre\bin\server\jvm.dll
0x000007fefaae0000 - 0x000007fefaae9000 	C:\Windows\system32\WSOCK32.dll
0x000007fefe6f0000 - 0x000007fefe73d000 	C:\Windows\system32\WS2_32.dll
0x000007fefef40000 - 0x000007fefef48000 	C:\Windows\system32\NSI.dll
0x000007fefaea0000 - 0x000007fefaedb000 	C:\Windows\system32\WINMM.dll
0x00000000776a0000 - 0x00000000776a7000 	C:\Windows\system32\PSAPI.DLL
0x00000000728a0000 - 0x00000000728af000 	C:\Program Files\Java\jdk1.8.0\jre\bin\verify.dll
0x0000000061160000 - 0x0000000061188000 	C:\Program Files\Java\jdk1.8.0\jre\bin\java.dll
0x000000006afd0000 - 0x000000006afe6000 	C:\Program Files\Java\jdk1.8.0\jre\bin\zip.dll
0x000007fefd790000 - 0x000007fefe519000 	C:\Windows\system32\SHELL32.dll
0x000007fefd590000 - 0x000007fefd78c000 	C:\Windows\system32\ole32.dll
0x000007fefd1e0000 - 0x000007fefd1ef000 	C:\Windows\system32\profapi.dll

VM Arguments:
jvm_args: -Djava.awt.headless=true -Xmx1024M -Dfile.encoding=x-windows-950 -Duser.country=TW -Duser.language=zh -Duser.variant 
java_command: com.android.dx.command.Main --dex --force-jumbo --num-threads=4 --multi-dex --output C:\Users\Mist\Desktop\LongingForMao\app\build\intermediates\transforms\dex\debug\folders\1000\10\com.google.android.gms-play-services-places-10.0.0_f45992b1a4937f83709f1d6f9d88c6b0462099aa C:\Users\Mist\Desktop\LongingForMao\app\build\intermediates\exploded-aar\com.google.android.gms\play-services-places\10.0.0\jars\classes.jar
java_class_path (initial): M:\Android\sdk\build-tools\23.0.3\lib\dx.jar
Launcher Type: SUN_STANDARD

Environment Variables:
JAVA_HOME=C:\Program Files\Java\jdk1.8.0
PATH=C:\ProgramData\Oracle\Java\javapath;C:\Program Files\Common Files\Microsoft Shared\Windows Live;C:\Program Files (x86)\Common Files\Microsoft Shared\Windows Live;C:\Program Files (x86)\Intel\iCLS Client\;C:\Program Files\Intel\iCLS Client\;C:\Windows\system32;C:\Windows;C:\Windows\System32\Wbem;C:\Windows\System32\WindowsPowerShell\v1.0\;C:\Program Files\Java\jdk1.8.0\bin;C:\Program Files\Intel\Intel(R) Management Engine Components\DAL;C:\Program Files\Intel\Intel(R) Management Engine Components\IPT;C:\Program Files (x86)\Intel\Intel(R) Management Engine Components\DAL;C:\Program Files (x86)\Intel\Intel(R) Management Engine Components\IPT;C:\Program Files\Microsoft SQL Server\110\Tools\Binn\;C:\Program Files\Common Files\Autodesk Shared\;C:\Users\Mist\AppData\Local\Android\android-sdk\platform-tools;C:\Ruby22-x64\bin;C:\MinGW\bin;C:\Program Files (x86)\NVIDIA Corporation\PhysX\Common;C:\putty;C:\Program Files (x86)\Windows Live\Shared;C:\Program Files\Git\cmd;C:\Program Files (x86)\Skype\Phone\;C:\Users\Mist\Anaconda2;C:\Users\Mist\Anaconda2\Scripts;C:\Users\Mist\Anaconda2\Library\bin;C:\Users\Mist\AppData\Local\Google\Cloud SDK\google-cloud-sdk\bin
USERNAME=Mist
OS=Windows_NT
PROCESSOR_IDENTIFIER=Intel64 Family 6 Model 60 Stepping 3, GenuineIntel



---------------  S Y S T E M  ---------------

OS: Windows 7 , 64 bit Build 7601 Service Pack 1

CPU:total 4 (4 cores per cpu, 1 threads per core) family 6 model 60 stepping 3, cmov, cx8, fxsr, mmx, sse, sse2, sse3, ssse3, sse4.1, sse4.2, popcnt, avx, avx2, aes, clmul, erms, tsc, tscinvbit

Memory: 4k page, physical 8261440k(1105036k free), swap 8259580k(4848k free)

vm_info: Java HotSpot(TM) 64-Bit Server VM (25.0-b70) for windows-amd64 JRE (1.8.0-b132), built on Mar  4 2014 03:46:18 by "java_re" with MS VC++ 10.0 (VS2010)

time: Sun Jun 04 20:20:43 2017
elapsed time: 2 seconds

