#
# There is insufficient memory for the Java Runtime Environment to continue.
# Native memory allocation (malloc) failed to allocate 778096 bytes for Chunk::new
# Possible reasons:
#   The system is out of physical RAM or swap space
#   In 32 bit mode, the process size limit was hit
# Possible solutions:
#   Reduce memory load on the system
#   Increase physical memory or swap space
#   Check if swap backing store is full
#   Use 64 bit Java on a 64 bit OS
#   Decrease Java heap size (-Xmx/-Xms)
#   Decrease number of Java threads
#   Decrease Java thread stack sizes (-Xss)
#   Set larger code cache with -XX:ReservedCodeCacheSize=
# This output file may be truncated or incomplete.
#
#  Out of Memory Error (allocation.cpp:388), pid=5452, tid=6284
#
# JRE version: Java(TM) SE Runtime Environment (8.0-b132) (build 1.8.0-b132)
# Java VM: Java HotSpot(TM) 64-Bit Server VM (25.0-b70 mixed mode windows-amd64 compressed oops)
# Failed to write core dump. Minidumps are not enabled by default on client versions of Windows
#

---------------  T H R E A D  ---------------

Current thread (0x00000000564cd800):  JavaThread "C2 CompilerThread0" daemon [_thread_in_native, id=6284, stack(0x00000000562b0000,0x00000000563b0000)]

Stack: [0x00000000562b0000,0x00000000563b0000]
Native frames: (J=compiled Java code, j=interpreted, Vv=VM code, C=native code)
V  [jvm.dll+0x308e0a]


Current CompileTask:
C2:  11166 2008   !   4       com.android.dx.cf.code.BytecodeArray::parseInstruction (2764 bytes)


---------------  P R O C E S S  ---------------

Java Threads: ( => current thread )
  0x00000000567fe000 JavaThread "pool-2-thread-4" [_thread_blocked, id=4088, stack(0x0000000057d20000,0x0000000057e20000)]
  0x00000000567fd000 JavaThread "pool-2-thread-3" [_thread_blocked, id=1948, stack(0x0000000056900000,0x0000000056a00000)]
  0x000000005679d800 JavaThread "pool-2-thread-2" [_thread_blocked, id=4548, stack(0x0000000057c20000,0x0000000057d20000)]
  0x000000005679d000 JavaThread "pool-3-thread-1" [_thread_blocked, id=3064, stack(0x0000000057990000,0x0000000057a90000)]
  0x000000005679a000 JavaThread "pool-2-thread-1" [_thread_blocked, id=6924, stack(0x0000000056f00000,0x0000000057000000)]
  0x0000000056535800 JavaThread "Service Thread" daemon [_thread_blocked, id=5656, stack(0x0000000056de0000,0x0000000056ee0000)]
  0x0000000056527800 JavaThread "C1 CompilerThread2" daemon [_thread_blocked, id=7156, stack(0x0000000056b90000,0x0000000056c90000)]
  0x00000000564dd800 JavaThread "C2 CompilerThread1" daemon [_thread_blocked, id=6608, stack(0x0000000056c90000,0x0000000056d90000)]
=>0x00000000564cd800 JavaThread "C2 CompilerThread0" daemon [_thread_in_native, id=6284, stack(0x00000000562b0000,0x00000000563b0000)]
  0x00000000564cc800 JavaThread "Attach Listener" daemon [_thread_blocked, id=5344, stack(0x0000000056a00000,0x0000000056b00000)]
  0x00000000564da800 JavaThread "Signal Dispatcher" daemon [_thread_blocked, id=1128, stack(0x0000000056020000,0x0000000056120000)]
  0x0000000054e6e800 JavaThread "Finalizer" daemon [_thread_blocked, id=5808, stack(0x00000000563c0000,0x00000000564c0000)]
  0x0000000054e69000 JavaThread "Reference Handler" daemon [_thread_blocked, id=6804, stack(0x00000000561a0000,0x00000000562a0000)]
  0x000000000244f000 JavaThread "main" [_thread_blocked, id=6396, stack(0x0000000002560000,0x0000000002660000)]

Other Threads:
  0x0000000054e65800 VMThread [stack: 0x0000000055f10000,0x0000000056010000] [id=5416]
  0x0000000056547800 WatcherThread [stack: 0x0000000057000000,0x0000000057100000] [id=3580]

VM state:not at safepoint (normal execution)

VM Mutex/Monitor currently owned by a thread: None

Heap:
 PSYoungGen      total 53248K, used 8944K [0x00000000eab00000, 0x00000000eff00000, 0x0000000100000000)
  eden space 46592K, 4% used [0x00000000eab00000,0x00000000ead3c310,0x00000000ed880000)
  from space 6656K, 100% used [0x00000000ed880000,0x00000000edf00000,0x00000000edf00000)
  to   space 10240K, 0% used [0x00000000ef500000,0x00000000ef500000,0x00000000eff00000)
 ParOldGen       total 129536K, used 24719K [0x00000000c0000000, 0x00000000c7e80000, 0x00000000eab00000)
  object space 129536K, 19% used [0x00000000c0000000,0x00000000c1823d90,0x00000000c7e80000)
 Metaspace       used 6078K, capacity 7000K, committed 7168K, reserved 1056768K
  class space    used 613K, capacity 656K, committed 768K, reserved 1048576K

Card table byte_map: [0x0000000011a20000,0x0000000011c30000] byte_map_base: 0x0000000011420000

Marking Bits: (ParMarkBitMap*) 0x000000005dc013b0
 Begin Bits: [0x00000000122e0000, 0x00000000132e0000)
 End Bits:   [0x00000000132e0000, 0x00000000142e0000)

Polling page: 0x0000000000460000

CodeCache: size=245760Kb used=8606Kb max_used=8619Kb free=237153Kb
 bounds [0x0000000002660000, 0x0000000002ee0000, 0x0000000011660000]
 total_blobs=2226 nmethods=1959 adapters=179
 compilation: enabled

Compilation events (10 events):
Event: 10.903 Thread 0x0000000056527800 2017       1       com.android.dx.util.ByteArray::access$000 (5 bytes)
Event: 10.903 Thread 0x0000000056527800 nmethod 2017 0x0000000002771a10 code [0x0000000002771b60, 0x0000000002771c50]
Event: 10.939 Thread 0x0000000056527800 2019       3       com.android.dx.rop.type.Type::getInitializedType (42 bytes)
Event: 10.939 Thread 0x0000000056527800 nmethod 2019 0x0000000002ecbad0 code [0x0000000002ecbca0, 0x0000000002ecc458]
Event: 11.003 Thread 0x0000000056527800 2020       1       com.android.dx.cf.code.ByteOps::opInfo (6 bytes)
Event: 11.003 Thread 0x00000000564dd800 2021       4       com.android.dx.cf.code.Ropper::addExceptionSetupBlocks (203 bytes)
Event: 11.003 Thread 0x0000000056527800 nmethod 2020 0x0000000002e852d0 code [0x0000000002e85420, 0x0000000002e85530]
Event: 11.019 Thread 0x00000000564dd800 nmethod 2021 0x0000000002ed1950 code [0x0000000002ed1bc0, 0x0000000002ed28e0]
Event: 11.072 Thread 0x00000000564dd800 2022       4       com.android.dx.rop.cst.CstString::hashCode (8 bytes)
Event: 11.073 Thread 0x00000000564dd800 nmethod 2022 0x0000000002e93090 code [0x0000000002e931c0, 0x0000000002e93338]

GC Heap History (10 events):
Event: 4.674 GC heap before
{Heap before GC invocations=13 (full 0):
 PSYoungGen      total 21504K, used 19968K [0x00000000eab00000, 0x00000000ec300000, 0x0000000100000000)
  eden space 18432K, 100% used [0x00000000eab00000,0x00000000ebd00000,0x00000000ebd00000)
  from space 3072K, 50% used [0x00000000ec000000,0x00000000ec180000,0x00000000ec300000)
  to   space 3072K, 0% used [0x00000000ebd00000,0x00000000ebd00000,0x00000000ec000000)
 ParOldGen       total 129536K, used 6748K [0x00000000c0000000, 0x00000000c7e80000, 0x00000000eab00000)
  object space 129536K, 5% used [0x00000000c0000000,0x00000000c06970d8,0x00000000c7e80000)
 Metaspace       used 5851K, capacity 6896K, committed 7040K, reserved 1056768K
  class space    used 589K, capacity 616K, committed 640K, reserved 1048576K
Event: 4.688 GC heap after
Heap after GC invocations=13 (full 0):
 PSYoungGen      total 21504K, used 2751K [0x00000000eab00000, 0x00000000ecf00000, 0x0000000100000000)
  eden space 18432K, 0% used [0x00000000eab00000,0x00000000eab00000,0x00000000ebd00000)
  from space 3072K, 89% used [0x00000000ebd00000,0x00000000ebfafc88,0x00000000ec000000)
  to   space 3584K, 0% used [0x00000000ecb80000,0x00000000ecb80000,0x00000000ecf00000)
 ParOldGen       total 129536K, used 8214K [0x00000000c0000000, 0x00000000c7e80000, 0x00000000eab00000)
  object space 129536K, 6% used [0x00000000c0000000,0x00000000c0805840,0x00000000c7e80000)
 Metaspace       used 5851K, capacity 6896K, committed 7040K, reserved 1056768K
  class space    used 589K, capacity 616K, committed 640K, reserved 1048576K
}
Event: 6.153 GC heap before
{Heap before GC invocations=14 (full 0):
 PSYoungGen      total 21504K, used 21183K [0x00000000eab00000, 0x00000000ecf00000, 0x0000000100000000)
  eden space 18432K, 100% used [0x00000000eab00000,0x00000000ebd00000,0x00000000ebd00000)
  from space 3072K, 89% used [0x00000000ebd00000,0x00000000ebfafc88,0x00000000ec000000)
  to   space 3584K, 0% used [0x00000000ecb80000,0x00000000ecb80000,0x00000000ecf00000)
 ParOldGen       total 129536K, used 8214K [0x00000000c0000000, 0x00000000c7e80000, 0x00000000eab00000)
  object space 129536K, 6% used [0x00000000c0000000,0x00000000c0805840,0x00000000c7e80000)
 Metaspace       used 5933K, capacity 6960K, committed 7040K, reserved 1056768K
  class space    used 591K, capacity 616K, committed 640K, reserved 1048576K
Event: 6.173 GC heap after
Heap after GC invocations=14 (full 0):
 PSYoungGen      total 32768K, used 3475K [0x00000000eab00000, 0x00000000ed000000, 0x0000000100000000)
  eden space 29184K, 0% used [0x00000000eab00000,0x00000000eab00000,0x00000000ec780000)
  from space 3584K, 96% used [0x00000000ecb80000,0x00000000ecee4ed0,0x00000000ecf00000)
  to   space 4096K, 0% used [0x00000000ec780000,0x00000000ec780000,0x00000000ecb80000)
 ParOldGen       total 129536K, used 10893K [0x00000000c0000000, 0x00000000c7e80000, 0x00000000eab00000)
  object space 129536K, 8% used [0x00000000c0000000,0x00000000c0aa3688,0x00000000c7e80000)
 Metaspace       used 5933K, capacity 6960K, committed 7040K, reserved 1056768K
  class space    used 591K, capacity 616K, committed 640K, reserved 1048576K
}
Event: 7.681 GC heap before
{Heap before GC invocations=15 (full 0):
 PSYoungGen      total 32768K, used 32659K [0x00000000eab00000, 0x00000000ed000000, 0x0000000100000000)
  eden space 29184K, 100% used [0x00000000eab00000,0x00000000ec780000,0x00000000ec780000)
  from space 3584K, 96% used [0x00000000ecb80000,0x00000000ecee4ed0,0x00000000ecf00000)
  to   space 4096K, 0% used [0x00000000ec780000,0x00000000ec780000,0x00000000ecb80000)
 ParOldGen       total 129536K, used 10893K [0x00000000c0000000, 0x00000000c7e80000, 0x00000000eab00000)
  object space 129536K, 8% used [0x00000000c0000000,0x00000000c0aa3688,0x00000000c7e80000)
 Metaspace       used 6048K, capacity 7000K, committed 7168K, reserved 1056768K
  class space    used 611K, capacity 656K, committed 768K, reserved 1048576K
Event: 7.823 GC heap after
Heap after GC invocations=15 (full 0):
 PSYoungGen      total 33280K, used 4096K [0x00000000eab00000, 0x00000000ee500000, 0x0000000100000000)
  eden space 29184K, 0% used [0x00000000eab00000,0x00000000eab00000,0x00000000ec780000)
  from space 4096K, 100% used [0x00000000ec780000,0x00000000ecb80000,0x00000000ecb80000)
  to   space 6144K, 0% used [0x00000000edf00000,0x00000000edf00000,0x00000000ee500000)
 ParOldGen       total 129536K, used 14425K [0x00000000c0000000, 0x00000000c7e80000, 0x00000000eab00000)
  object space 129536K, 11% used [0x00000000c0000000,0x00000000c0e16790,0x00000000c7e80000)
 Metaspace       used 6048K, capacity 7000K, committed 7168K, reserved 1056768K
  class space    used 611K, capacity 656K, committed 768K, reserved 1048576K
}
Event: 8.667 GC heap before
{Heap before GC invocations=16 (full 0):
 PSYoungGen      total 33280K, used 33280K [0x00000000eab00000, 0x00000000ee500000, 0x0000000100000000)
  eden space 29184K, 100% used [0x00000000eab00000,0x00000000ec780000,0x00000000ec780000)
  from space 4096K, 100% used [0x00000000ec780000,0x00000000ecb80000,0x00000000ecb80000)
  to   space 6144K, 0% used [0x00000000edf00000,0x00000000edf00000,0x00000000ee500000)
 ParOldGen       total 129536K, used 14425K [0x00000000c0000000, 0x00000000c7e80000, 0x00000000eab00000)
  object space 129536K, 11% used [0x00000000c0000000,0x00000000c0e16790,0x00000000c7e80000)
 Metaspace       used 6065K, capacity 7000K, committed 7168K, reserved 1056768K
  class space    used 611K, capacity 656K, committed 768K, reserved 1048576K
Event: 8.689 GC heap after
Heap after GC invocations=16 (full 0):
 PSYoungGen      total 52736K, used 4992K [0x00000000eab00000, 0x00000000ee600000, 0x0000000100000000)
  eden space 46592K, 0% used [0x00000000eab00000,0x00000000eab00000,0x00000000ed880000)
  from space 6144K, 81% used [0x00000000edf00000,0x00000000ee3e0010,0x00000000ee500000)
  to   space 6656K, 0% used [0x00000000ed880000,0x00000000ed880000,0x00000000edf00000)
 ParOldGen       total 129536K, used 18566K [0x00000000c0000000, 0x00000000c7e80000, 0x00000000eab00000)
  object space 129536K, 14% used [0x00000000c0000000,0x00000000c1221958,0x00000000c7e80000)
 Metaspace       used 6065K, capacity 7000K, committed 7168K, reserved 1056768K
  class space    used 611K, capacity 656K, committed 768K, reserved 1048576K
}
Event: 10.943 GC heap before
{Heap before GC invocations=17 (full 0):
 PSYoungGen      total 52736K, used 51584K [0x00000000eab00000, 0x00000000ee600000, 0x0000000100000000)
  eden space 46592K, 100% used [0x00000000eab00000,0x00000000ed880000,0x00000000ed880000)
  from space 6144K, 81% used [0x00000000edf00000,0x00000000ee3e0010,0x00000000ee500000)
  to   space 6656K, 0% used [0x00000000ed880000,0x00000000ed880000,0x00000000edf00000)
 ParOldGen       total 129536K, used 18566K [0x00000000c0000000, 0x00000000c7e80000, 0x00000000eab00000)
  object space 129536K, 14% used [0x00000000c0000000,0x00000000c1221958,0x00000000c7e80000)
 Metaspace       used 6078K, capacity 7000K, committed 7168K, reserved 1056768K
  class space    used 613K, capacity 656K, committed 768K, reserved 1048576K
Event: 10.992 GC heap after
Heap after GC invocations=17 (full 0):
 PSYoungGen      total 53248K, used 6656K [0x00000000eab00000, 0x00000000eff00000, 0x0000000100000000)
  eden space 46592K, 0% used [0x00000000eab00000,0x00000000eab00000,0x00000000ed880000)
  from space 6656K, 100% used [0x00000000ed880000,0x00000000edf00000,0x00000000edf00000)
  to   space 10240K, 0% used [0x00000000ef500000,0x00000000ef500000,0x00000000eff00000)
 ParOldGen       total 129536K, used 24719K [0x00000000c0000000, 0x00000000c7e80000, 0x00000000eab00000)
  object space 129536K, 19% used [0x00000000c0000000,0x00000000c1823d90,0x00000000c7e80000)
 Metaspace       used 6078K, capacity 7000K, committed 7168K, reserved 1056768K
  class space    used 613K, capacity 656K, committed 768K, reserved 1048576K
}

Deoptimization events (10 events):
Event: 9.538 Thread 0x000000005679a000 Uncommon trap: reason=bimorphic action=maybe_recompile pc=0x0000000002e9d380 method=com.android.dx.cf.code.BytecodeArray.parseInstruction(ILcom/android/dx/cf/code/BytecodeArray$Visitor;)I @ 1130
Event: 9.539 Thread 0x000000005679a000 Uncommon trap: reason=bimorphic action=maybe_recompile pc=0x0000000002ddf5e0 method=java.util.HashMap.getNode(ILjava/lang/Object;)Ljava/util/HashMap$Node; @ 126
Event: 9.539 Thread 0x000000005679a000 Uncommon trap: reason=class_check action=maybe_recompile pc=0x00000000029ef92c method=java.util.HashMap.putVal(ILjava/lang/Object;Ljava/lang/Object;ZZ)Ljava/lang/Object; @ 203
Event: 9.539 Thread 0x000000005679a000 Uncommon trap: reason=bimorphic action=maybe_recompile pc=0x0000000002e21290 method=java.util.HashMap.getNode(ILjava/lang/Object;)Ljava/util/HashMap$Node; @ 126
Event: 9.540 Thread 0x000000005679a000 Uncommon trap: reason=bimorphic action=maybe_recompile pc=0x0000000002e9d380 method=com.android.dx.cf.code.BytecodeArray.parseInstruction(ILcom/android/dx/cf/code/BytecodeArray$Visitor;)I @ 1130
Event: 9.540 Thread 0x000000005679a000 Uncommon trap: reason=bimorphic action=maybe_recompile pc=0x0000000002e9d380 method=com.android.dx.cf.code.BytecodeArray.parseInstruction(ILcom/android/dx/cf/code/BytecodeArray$Visitor;)I @ 1130
Event: 9.562 Thread 0x000000005679a000 Uncommon trap: reason=bimorphic action=maybe_recompile pc=0x0000000002e21290 method=java.util.HashMap.getNode(ILjava/lang/Object;)Ljava/util/HashMap$Node; @ 126
Event: 9.564 Thread 0x000000005679a000 Uncommon trap: reason=bimorphic action=maybe_recompile pc=0x0000000002ddf5e0 method=java.util.HashMap.getNode(ILjava/lang/Object;)Ljava/util/HashMap$Node; @ 126
Event: 9.564 Thread 0x000000005679a000 Uncommon trap: reason=class_check action=maybe_recompile pc=0x00000000029ef92c method=java.util.HashMap.putVal(ILjava/lang/Object;Ljava/lang/Object;ZZ)Ljava/lang/Object; @ 203
Event: 9.564 Thread 0x000000005679a000 Uncommon trap: reason=bimorphic action=maybe_recompile pc=0x0000000002e21290 method=java.util.HashMap.getNode(ILjava/lang/Object;)Ljava/util/HashMap$Node; @ 126

Internal exceptions (10 events):
Event: 2.731 Thread 0x000000005679a000 Exception <a 'java/security/PrivilegedActionException'> (0x00000000eb0557d0) thrown at [D:\re\workspace\8-2-build-windows-amd64-cygwin\jdk8\2238\hotspot\src\share\vm\prims\jvm.cpp, line 1248]
Event: 4.756 Thread 0x000000005679d800 Exception <a 'java/security/PrivilegedActionException'> (0x00000000eab344e8) thrown at [D:\re\workspace\8-2-build-windows-amd64-cygwin\jdk8\2238\hotspot\src\share\vm\prims\jvm.cpp, line 1248]
Event: 5.108 Thread 0x000000000244f000 Exception <a 'java/security/PrivilegedActionException'> (0x00000000eaeac780) thrown at [D:\re\workspace\8-2-build-windows-amd64-cygwin\jdk8\2238\hotspot\src\share\vm\prims\jvm.cpp, line 1248]
Event: 5.445 Thread 0x00000000567fe000 Exception <a 'java/security/PrivilegedActionException'> (0x00000000eb1ac508) thrown at [D:\re\workspace\8-2-build-windows-amd64-cygwin\jdk8\2238\hotspot\src\share\vm\prims\jvm.cpp, line 1248]
Event: 6.783 Thread 0x00000000567fe000 Exception <a 'java/lang/ArrayIndexOutOfBoundsException': 18> (0x00000000ebac5d48) thrown at [D:\re\workspace\8-2-build-windows-amd64-cygwin\jdk8\2238\hotspot\src\share\vm\interpreter\interpreterRuntime.cpp, line 337]
Event: 6.784 Thread 0x00000000567fe000 Exception <a 'java/lang/ArrayIndexOutOfBoundsException': 145> (0x00000000ebac77e0) thrown at [D:\re\workspace\8-2-build-windows-amd64-cygwin\jdk8\2238\hotspot\src\share\vm\interpreter\interpreterRuntime.cpp, line 337]
Event: 6.785 Thread 0x00000000567fe000 Exception <a 'java/lang/ArrayIndexOutOfBoundsException'> (0x00000000ebac89f8) thrown at [D:\re\workspace\8-2-build-windows-amd64-cygwin\jdk8\2238\hotspot\src\share\vm\runtime\sharedRuntime.cpp, line 595]
Event: 10.097 Thread 0x000000000244f000 Exception <a 'java/security/PrivilegedActionException'> (0x00000000eccb8b48) thrown at [D:\re\workspace\8-2-build-windows-amd64-cygwin\jdk8\2238\hotspot\src\share\vm\prims\jvm.cpp, line 1248]
Event: 10.214 Thread 0x000000000244f000 Exception <a 'java/security/PrivilegedActionException'> (0x00000000ed0e1a88) thrown at [D:\re\workspace\8-2-build-windows-amd64-cygwin\jdk8\2238\hotspot\src\share\vm\prims\jvm.cpp, line 1248]
Event: 10.214 Thread 0x000000000244f000 Exception <a 'java/security/PrivilegedActionException'> (0x00000000ed0e3db8) thrown at [D:\re\workspace\8-2-build-windows-amd64-cygwin\jdk8\2238\hotspot\src\share\vm\prims\jvm.cpp, line 1248]

Events (10 events):
Event: 10.214 loading class com/android/dx/cf/attrib/AttRuntimeVisibleAnnotations done
Event: 10.214 loading class com/android/dx/cf/attrib/BaseAnnotations
Event: 10.214 loading class com/android/dx/cf/attrib/BaseAnnotations done
Event: 10.697 Thread 0x000000005679a000 DEOPT PACKING pc=0x0000000002b401fc sp=0x0000000056ffe9c0
Event: 10.697 Thread 0x000000005679a000 DEOPT UNPACKING pc=0x00000000026a7604 sp=0x0000000056ffe720 mode 0
Event: 10.800 Thread 0x00000000564dd800 flushing nmethod 0x0000000002771a10
Event: 10.940 Thread 0x000000005679d800 DEOPT PACKING pc=0x0000000002c708bf sp=0x0000000057d1e910
Event: 10.940 Thread 0x000000005679d800 DEOPT UNPACKING pc=0x00000000026a7604 sp=0x0000000057d1e6f8 mode 0
Event: 10.943 Executing VM operation: ParallelGCFailedAllocation
Event: 10.992 Executing VM operation: ParallelGCFailedAllocation done


Dynamic libraries:
0x000000013fdc0000 - 0x000000013fdf4000 	C:\Program Files\Java\jdk1.8.0\bin\java.exe
0x00000000774e0000 - 0x000000007768a000 	C:\Windows\SYSTEM32\ntdll.dll
0x000007fef5dd0000 - 0x000007fef5e03000 	C:\Program Files\AVAST Software\Avast\x64\aswhooka.dll
0x00000000773c0000 - 0x00000000774df000 	C:\Windows\system32\kernel32.dll
0x000007fefd2c0000 - 0x000007fefd32a000 	C:\Windows\system32\KERNELBASE.dll
0x000007fefeca0000 - 0x000007fefed7b000 	C:\Windows\system32\ADVAPI32.dll
0x000007fefeea0000 - 0x000007fefef3f000 	C:\Windows\system32\msvcrt.dll
0x000007feff7d0000 - 0x000007feff7ef000 	C:\Windows\SYSTEM32\sechost.dll
0x000007feff320000 - 0x000007feff44d000 	C:\Windows\system32\RPCRT4.dll
0x00000000772c0000 - 0x00000000773ba000 	C:\Windows\system32\USER32.dll
0x000007fefea00000 - 0x000007fefea67000 	C:\Windows\system32\GDI32.dll
0x000007fefed80000 - 0x000007fefed8e000 	C:\Windows\system32\LPK.dll
0x000007fefe620000 - 0x000007fefe6ea000 	C:\Windows\system32\USP10.dll
0x000007fefba80000 - 0x000007fefbc74000 	C:\Windows\WinSxS\amd64_microsoft.windows.common-controls_6595b64144ccf1df_6.0.7601.18837_none_fa3b1e3d17594757\COMCTL32.dll
0x000007fefe520000 - 0x000007fefe591000 	C:\Windows\system32\SHLWAPI.dll
0x000007feff7a0000 - 0x000007feff7ce000 	C:\Windows\system32\IMM32.DLL
0x000007fefed90000 - 0x000007fefee99000 	C:\Windows\system32\MSCTF.dll
0x000000005d020000 - 0x000000005d0f2000 	C:\Program Files\Java\jdk1.8.0\jre\bin\msvcr100.dll
0x000000005d450000 - 0x000000005dc7a000 	C:\Program Files\Java\jdk1.8.0\jre\bin\server\jvm.dll
0x000007fefaae0000 - 0x000007fefaae9000 	C:\Windows\system32\WSOCK32.dll
0x000007fefe6f0000 - 0x000007fefe73d000 	C:\Windows\system32\WS2_32.dll
0x000007fefef40000 - 0x000007fefef48000 	C:\Windows\system32\NSI.dll
0x000007fefaea0000 - 0x000007fefaedb000 	C:\Windows\system32\WINMM.dll
0x00000000776a0000 - 0x00000000776a7000 	C:\Windows\system32\PSAPI.DLL
0x00000000728a0000 - 0x00000000728af000 	C:\Program Files\Java\jdk1.8.0\jre\bin\verify.dll
0x0000000061160000 - 0x0000000061188000 	C:\Program Files\Java\jdk1.8.0\jre\bin\java.dll
0x000000006afd0000 - 0x000000006afe6000 	C:\Program Files\Java\jdk1.8.0\jre\bin\zip.dll
0x000007fefd790000 - 0x000007fefe519000 	C:\Windows\system32\SHELL32.dll
0x000007fefd590000 - 0x000007fefd78c000 	C:\Windows\system32\ole32.dll
0x000007fefd1e0000 - 0x000007fefd1ef000 	C:\Windows\system32\profapi.dll
0x000007fef7020000 - 0x000007fef7145000 	C:\Windows\system32\dbghelp.dll

VM Arguments:
jvm_args: -Djava.awt.headless=true -Xmx1024M -Dfile.encoding=x-windows-950 -Duser.country=TW -Duser.language=zh -Duser.variant 
java_command: com.android.dx.command.Main --dex --force-jumbo --num-threads=4 --multi-dex --output C:\Users\Mist\Desktop\LongingForMao\app\build\intermediates\transforms\dex\debug\folders\1000\10\com.google.firebase-firebase-database-10.0.0_76286c7ccfcc1e9453c9cf47e91f19bfe2ada06e C:\Users\Mist\Desktop\LongingForMao\app\build\intermediates\exploded-aar\com.google.firebase\firebase-database\10.0.0\jars\classes.jar
java_class_path (initial): M:\Android\sdk\build-tools\23.0.3\lib\dx.jar
Launcher Type: SUN_STANDARD

Environment Variables:
JAVA_HOME=C:\Program Files\Java\jdk1.8.0
PATH=C:\ProgramData\Oracle\Java\javapath;C:\Program Files\Common Files\Microsoft Shared\Windows Live;C:\Program Files (x86)\Common Files\Microsoft Shared\Windows Live;C:\Program Files (x86)\Intel\iCLS Client\;C:\Program Files\Intel\iCLS Client\;C:\Windows\system32;C:\Windows;C:\Windows\System32\Wbem;C:\Windows\System32\WindowsPowerShell\v1.0\;C:\Program Files\Java\jdk1.8.0\bin;C:\Program Files\Intel\Intel(R) Management Engine Components\DAL;C:\Program Files\Intel\Intel(R) Management Engine Components\IPT;C:\Program Files (x86)\Intel\Intel(R) Management Engine Components\DAL;C:\Program Files (x86)\Intel\Intel(R) Management Engine Components\IPT;C:\Program Files\Microsoft SQL Server\110\Tools\Binn\;C:\Program Files\Common Files\Autodesk Shared\;C:\Users\Mist\AppData\Local\Android\android-sdk\platform-tools;C:\Ruby22-x64\bin;C:\MinGW\bin;C:\Program Files (x86)\NVIDIA Corporation\PhysX\Common;C:\putty;C:\Program Files (x86)\Windows Live\Shared;C:\Program Files\Git\cmd;C:\Program Files (x86)\Skype\Phone\;C:\Users\Mist\Anaconda2;C:\Users\Mist\Anaconda2\Scripts;C:\Users\Mist\Anaconda2\Library\bin;C:\Users\Mist\AppData\Local\Google\Cloud SDK\google-cloud-sdk\bin
USERNAME=Mist
OS=Windows_NT
PROCESSOR_IDENTIFIER=Intel64 Family 6 Model 60 Stepping 3, GenuineIntel



---------------  S Y S T E M  ---------------

OS: Windows 7 , 64 bit Build 7601 Service Pack 1

CPU:total 4 (4 cores per cpu, 1 threads per core) family 6 model 60 stepping 3, cmov, cx8, fxsr, mmx, sse, sse2, sse3, ssse3, sse4.1, sse4.2, popcnt, avx, avx2, aes, clmul, erms, tsc, tscinvbit

Memory: 4k page, physical 8261440k(1103860k free), swap 8259580k(4488k free)

vm_info: Java HotSpot(TM) 64-Bit Server VM (25.0-b70) for windows-amd64 JRE (1.8.0-b132), built on Mar  4 2014 03:46:18 by "java_re" with MS VC++ 10.0 (VS2010)

time: Sun Jun 04 20:20:26 2017
elapsed time: 11 seconds

